STAT 1:chunk_size 96
STAT 1:chunks_per_page 10922
STAT 1:total_pages 4
STAT 1:total_chunks 43688
STAT 1:used_chunks 43688
STAT 1:free_chunks 0
STAT 1:free_chunks_end 0
STAT 1:mem_requested 4041774
STAT 1:get_hits 1049139
STAT 1:cmd_set 202449
STAT 1:delete_hits 0
STAT 1:incr_hits 0
STAT 1:decr_hits 0
STAT 1:cas_hits 0
STAT 1:cas_badval 0
STAT 1:touch_hits 0
STAT 2:chunk_size 120
STAT 2:chunks_per_page 8738
STAT 2:total_pages 7
STAT 2:total_chunks 61166
STAT 2:used_chunks 61166
STAT 2:free_chunks 0
STAT 2:free_chunks_end 0
STAT 2:mem_requested 6541461
STAT 2:get_hits 3957445
STAT 2:cmd_set 719986
STAT 2:delete_hits 0
STAT 2:incr_hits 0
STAT 2:decr_hits 0
STAT 2:cas_hits 0
STAT 2:cas_badval 0
STAT 2:touch_hits 0
STAT 3:chunk_size 152
STAT 3:chunks_per_page 6898
STAT 3:total_pages 8
STAT 3:total_chunks 55184
STAT 3:used_chunks 55184
STAT 3:free_chunks 0
STAT 3:free_chunks_end 0
STAT 3:mem_requested 7366841
STAT 3:get_hits 1995623
STAT 3:cmd_set 266696
STAT 3:delete_hits 0
STAT 3:incr_hits 0
STAT 3:decr_hits 0
STAT 3:cas_hits 0
STAT 3:cas_badval 0
STAT 3:touch_hits 0
STAT 4:chunk_size 192
STAT 4:chunks_per_page 5461
STAT 4:total_pages 5
STAT 4:total_chunks 27305
STAT 4:used_chunks 27305
STAT 4:free_chunks 0
STAT 4:free_chunks_end 0
STAT 4:mem_requested 4682824
STAT 4:get_hits 886480
STAT 4:cmd_set 175283
STAT 4:delete_hits 0
STAT 4:incr_hits 0
STAT 4:decr_hits 0
STAT 4:cas_hits 0
STAT 4:cas_badval 0
STAT 4:touch_hits 0
STAT 5:chunk_size 240
STAT 5:chunks_per_page 4369
STAT 5:total_pages 7
STAT 5:total_chunks 30583
STAT 5:used_chunks 30583
STAT 5:free_chunks 0
STAT 5:free_chunks_end 0
STAT 5:mem_requested 6593570
STAT 5:get_hits 892819
STAT 5:cmd_set 157882
STAT 5:delete_hits 0
STAT 5:incr_hits 0
STAT 5:decr_hits 0
STAT 5:cas_hits 0
STAT 5:cas_badval 0
STAT 5:touch_hits 0
STAT 6:chunk_size 304
STAT 6:chunks_per_page 3449
STAT 6:total_pages 8
STAT 6:total_chunks 27592
STAT 6:used_chunks 27592
STAT 6:free_chunks 0
STAT 6:free_chunks_end 0
STAT 6:mem_requested 7472430
STAT 6:get_hits 602840
STAT 6:cmd_set 161401
STAT 6:delete_hits 0
STAT 6:incr_hits 0
STAT 6:decr_hits 0
STAT 6:cas_hits 0
STAT 6:cas_badval 0
STAT 6:touch_hits 0
STAT 7:chunk_size 384
STAT 7:chunks_per_page 2730
STAT 7:total_pages 7
STAT 7:total_chunks 19110
STAT 7:used_chunks 19110
STAT 7:free_chunks 0
STAT 7:free_chunks_end 0
STAT 7:mem_requested 6535870
STAT 7:get_hits 710354
STAT 7:cmd_set 141577
STAT 7:delete_hits 0
STAT 7:incr_hits 0
STAT 7:decr_hits 0
STAT 7:cas_hits 0
STAT 7:cas_badval 0
STAT 7:touch_hits 0
STAT 8:chunk_size 480
STAT 8:chunks_per_page 2184
STAT 8:total_pages 10
STAT 8:total_chunks 21840
STAT 8:used_chunks 21840
STAT 8:free_chunks 0
STAT 8:free_chunks_end 0
STAT 8:mem_requested 9378733
STAT 8:get_hits 464834
STAT 8:cmd_set 115585
STAT 8:delete_hits 0
STAT 8:incr_hits 0
STAT 8:decr_hits 0
STAT 8:cas_hits 0
STAT 8:cas_badval 0
STAT 8:touch_hits 0
STAT 9:chunk_size 600
STAT 9:chunks_per_page 1747
STAT 9:total_pages 10
STAT 9:total_chunks 17470
STAT 9:used_chunks 17470
STAT 9:free_chunks 0
STAT 9:free_chunks_end 0
STAT 9:mem_requested 9362282
STAT 9:get_hits 338477
STAT 9:cmd_set 95069
STAT 9:delete_hits 0
STAT 9:incr_hits 0
STAT 9:decr_hits 0
STAT 9:cas_hits 0
STAT 9:cas_badval 0
STAT 9:touch_hits 0
STAT 10:chunk_size 752
STAT 10:chunks_per_page 1394
STAT 10:total_pages 10
STAT 10:total_chunks 13940
STAT 10:used_chunks 13940
STAT 10:free_chunks 0
STAT 10:free_chunks_end 0
STAT 10:mem_requested 9345804
STAT 10:get_hits 538507
STAT 10:cmd_set 74800
STAT 10:delete_hits 0
STAT 10:incr_hits 0
STAT 10:decr_hits 0
STAT 10:cas_hits 0
STAT 10:cas_badval 0
STAT 10:touch_hits 0
STAT 11:chunk_size 944
STAT 11:chunks_per_page 1110
STAT 11:total_pages 9
STAT 11:total_chunks 9990
STAT 11:used_chunks 9990
STAT 11:free_chunks 0
STAT 11:free_chunks_end 0
STAT 11:mem_requested 8386044
STAT 11:get_hits 395031
STAT 11:cmd_set 55851
STAT 11:delete_hits 0
STAT 11:incr_hits 0
STAT 11:decr_hits 0
STAT 11:cas_hits 0
STAT 11:cas_badval 0
STAT 11:touch_hits 0
STAT 12:chunk_size 1184
STAT 12:chunks_per_page 885
STAT 12:total_pages 6
STAT 12:total_chunks 5310
STAT 12:used_chunks 5310
STAT 12:free_chunks 0
STAT 12:free_chunks_end 0
STAT 12:mem_requested 5595164
STAT 12:get_hits 140251
STAT 12:cmd_set 39122
STAT 12:delete_hits 0
STAT 12:incr_hits 0
STAT 12:decr_hits 0
STAT 12:cas_hits 0
STAT 12:cas_badval 0
STAT 12:touch_hits 0
STAT 13:chunk_size 1480
STAT 13:chunks_per_page 708
STAT 13:total_pages 5
STAT 13:total_chunks 3540
STAT 13:used_chunks 3540
STAT 13:free_chunks 0
STAT 13:free_chunks_end 0
STAT 13:mem_requested 4664172
STAT 13:get_hits 102107
STAT 13:cmd_set 26357
STAT 13:delete_hits 0
STAT 13:incr_hits 0
STAT 13:decr_hits 0
STAT 13:cas_hits 0
STAT 13:cas_badval 0
STAT 13:touch_hits 0
STAT 14:chunk_size 1856
STAT 14:chunks_per_page 564
STAT 14:total_pages 3
STAT 14:total_chunks 1692
STAT 14:used_chunks 1692
STAT 14:free_chunks 0
STAT 14:free_chunks_end 0
STAT 14:mem_requested 2784700
STAT 14:get_hits 56383
STAT 14:cmd_set 17399
STAT 14:delete_hits 0
STAT 14:incr_hits 0
STAT 14:decr_hits 0
STAT 14:cas_hits 0
STAT 14:cas_badval 0
STAT 14:touch_hits 0
STAT 15:chunk_size 2320
STAT 15:chunks_per_page 451
STAT 15:total_pages 5
STAT 15:total_chunks 2255
STAT 15:used_chunks 2255
STAT 15:free_chunks 0
STAT 15:free_chunks_end 0
STAT 15:mem_requested 4646747
STAT 15:get_hits 43706
STAT 15:cmd_set 11039
STAT 15:delete_hits 0
STAT 15:incr_hits 0
STAT 15:decr_hits 0
STAT 15:cas_hits 0
STAT 15:cas_badval 0
STAT 15:touch_hits 0
STAT 16:chunk_size 2904
STAT 16:chunks_per_page 361
STAT 16:total_pages 3
STAT 16:total_chunks 1083
STAT 16:used_chunks 1083
STAT 16:free_chunks 0
STAT 16:free_chunks_end 0
STAT 16:mem_requested 2781697
STAT 16:get_hits 26781
STAT 16:cmd_set 6836
STAT 16:delete_hits 0
STAT 16:incr_hits 0
STAT 16:decr_hits 0
STAT 16:cas_hits 0
STAT 16:cas_badval 0
STAT 16:touch_hits 0
STAT 17:chunk_size 3632
STAT 17:chunks_per_page 288
STAT 17:total_pages 2
STAT 17:total_chunks 576
STAT 17:used_chunks 576
STAT 17:free_chunks 0
STAT 17:free_chunks_end 0
STAT 17:mem_requested 1851346
STAT 17:get_hits 11549
STAT 17:cmd_set 3991
STAT 17:delete_hits 0
STAT 17:incr_hits 0
STAT 17:decr_hits 0
STAT 17:cas_hits 0
STAT 17:cas_badval 0
STAT 17:touch_hits 0
STAT 18:chunk_size 4544
STAT 18:chunks_per_page 230
STAT 18:total_pages 2
STAT 18:total_chunks 460
STAT 18:used_chunks 460
STAT 18:free_chunks 0
STAT 18:free_chunks_end 0
STAT 18:mem_requested 1847637
STAT 18:get_hits 8825
STAT 18:cmd_set 2261
STAT 18:delete_hits 0
STAT 18:incr_hits 0
STAT 18:decr_hits 0
STAT 18:cas_hits 0
STAT 18:cas_badval 0
STAT 18:touch_hits 0
STAT 19:chunk_size 5680
STAT 19:chunks_per_page 184
STAT 19:total_pages 2
STAT 19:total_chunks 368
STAT 19:used_chunks 368
STAT 19:free_chunks 0
STAT 19:free_chunks_end 0
STAT 19:mem_requested 1869452
STAT 19:get_hits 2816
STAT 19:cmd_set 1340
STAT 19:delete_hits 0
STAT 19:incr_hits 0
STAT 19:decr_hits 0
STAT 19:cas_hits 0
STAT 19:cas_badval 0
STAT 19:touch_hits 0
STAT 20:chunk_size 7104
STAT 20:chunks_per_page 147
STAT 20:total_pages 3
STAT 20:total_chunks 441
STAT 20:used_chunks 441
STAT 20:free_chunks 0
STAT 20:free_chunks_end 0
STAT 20:mem_requested 2780280
STAT 20:get_hits 2026
STAT 20:cmd_set 763
STAT 20:delete_hits 0
STAT 20:incr_hits 0
STAT 20:decr_hits 0
STAT 20:cas_hits 0
STAT 20:cas_badval 0
STAT 20:touch_hits 0
STAT 21:chunk_size 8880
STAT 21:chunks_per_page 118
STAT 21:total_pages 1
STAT 21:total_chunks 118
STAT 21:used_chunks 118
STAT 21:free_chunks 0
STAT 21:free_chunks_end 0
STAT 21:mem_requested 923621
STAT 21:get_hits 7295
STAT 21:cmd_set 423
STAT 21:delete_hits 0
STAT 21:incr_hits 0
STAT 21:decr_hits 0
STAT 21:cas_hits 0
STAT 21:cas_badval 0
STAT 21:touch_hits 0
STAT 22:chunk_size 11104
STAT 22:chunks_per_page 94
STAT 22:total_pages 1
STAT 22:total_chunks 94
STAT 22:used_chunks 94
STAT 22:free_chunks 0
STAT 22:free_chunks_end 0
STAT 22:mem_requested 922070
STAT 22:get_hits 1294
STAT 22:cmd_set 254
STAT 22:delete_hits 0
STAT 22:incr_hits 0
STAT 22:decr_hits 0
STAT 22:cas_hits 0
STAT 22:cas_badval 0
STAT 22:touch_hits 0
STAT 23:chunk_size 13880
STAT 23:chunks_per_page 75
STAT 23:total_pages 2
STAT 23:total_chunks 150
STAT 23:used_chunks 131
STAT 23:free_chunks 19
STAT 23:free_chunks_end 0
STAT 23:mem_requested 1625285
STAT 23:get_hits 1531
STAT 23:cmd_set 131
STAT 23:delete_hits 0
STAT 23:incr_hits 0
STAT 23:decr_hits 0
STAT 23:cas_hits 0
STAT 23:cas_badval 0
STAT 23:touch_hits 0
STAT 24:chunk_size 17352
STAT 24:chunks_per_page 60
STAT 24:total_pages 1
STAT 24:total_chunks 60
STAT 24:used_chunks 60
STAT 24:free_chunks 0
STAT 24:free_chunks_end 0
STAT 24:mem_requested 935122
STAT 24:get_hits 403
STAT 24:cmd_set 64
STAT 24:delete_hits 0
STAT 24:incr_hits 0
STAT 24:decr_hits 0
STAT 24:cas_hits 0
STAT 24:cas_badval 0
STAT 24:touch_hits 0
STAT 25:chunk_size 21696
STAT 25:chunks_per_page 48
STAT 25:total_pages 1
STAT 25:total_chunks 48
STAT 25:used_chunks 34
STAT 25:free_chunks 14
STAT 25:free_chunks_end 0
STAT 25:mem_requested 639842
STAT 25:get_hits 115
STAT 25:cmd_set 34
STAT 25:delete_hits 0
STAT 25:incr_hits 0
STAT 25:decr_hits 0
STAT 25:cas_hits 0
STAT 25:cas_badval 0
STAT 25:touch_hits 0
STAT 26:chunk_size 27120
STAT 26:chunks_per_page 38
STAT 26:total_pages 1
STAT 26:total_chunks 38
STAT 26:used_chunks 20
STAT 26:free_chunks 18
STAT 26:free_chunks_end 0
STAT 26:mem_requested 477017
STAT 26:get_hits 179
STAT 26:cmd_set 20
STAT 26:delete_hits 0
STAT 26:incr_hits 0
STAT 26:decr_hits 0
STAT 26:cas_hits 0
STAT 26:cas_badval 0
STAT 26:touch_hits 0
STAT 27:chunk_size 33904
STAT 27:chunks_per_page 30
STAT 27:total_pages 1
STAT 27:total_chunks 30
STAT 27:used_chunks 8
STAT 27:free_chunks 22
STAT 27:free_chunks_end 0
STAT 27:mem_requested 248395
STAT 27:get_hits 5
STAT 27:cmd_set 8
STAT 27:delete_hits 0
STAT 27:incr_hits 0
STAT 27:decr_hits 0
STAT 27:cas_hits 0
STAT 27:cas_badval 0
STAT 27:touch_hits 0
STAT 28:chunk_size 42384
STAT 28:chunks_per_page 24
STAT 28:total_pages 1
STAT 28:total_chunks 24
STAT 28:used_chunks 3
STAT 28:free_chunks 21
STAT 28:free_chunks_end 0
STAT 28:mem_requested 111144
STAT 28:get_hits 5
STAT 28:cmd_set 3
STAT 28:delete_hits 0
STAT 28:incr_hits 0
STAT 28:decr_hits 0
STAT 28:cas_hits 0
STAT 28:cas_badval 0
STAT 28:touch_hits 0
STAT 29:chunk_size 52984
STAT 29:chunks_per_page 19
STAT 29:total_pages 1
STAT 29:total_chunks 19
STAT 29:used_chunks 2
STAT 29:free_chunks 17
STAT 29:free_chunks_end 0
STAT 29:mem_requested 99786
STAT 29:get_hits 0
STAT 29:cmd_set 2
STAT 29:delete_hits 0
STAT 29:incr_hits 0
STAT 29:decr_hits 0
STAT 29:cas_hits 0
STAT 29:cas_badval 0
STAT 29:touch_hits 0
STAT 30:chunk_size 66232
STAT 30:chunks_per_page 15
STAT 30:total_pages 1
STAT 30:total_chunks 15
STAT 30:used_chunks 3
STAT 30:free_chunks 12
STAT 30:free_chunks_end 0
STAT 30:mem_requested 165882
STAT 30:get_hits 3
STAT 30:cmd_set 3
STAT 30:delete_hits 0
STAT 30:incr_hits 0
STAT 30:decr_hits 0
STAT 30:cas_hits 0
STAT 30:cas_badval 0
STAT 30:touch_hits 0
STAT 31:chunk_size 82792
STAT 31:chunks_per_page 12
STAT 31:total_pages 1
STAT 31:total_chunks 12
STAT 31:used_chunks 2
STAT 31:free_chunks 10
STAT 31:free_chunks_end 0
STAT 31:mem_requested 145323
STAT 31:get_hits 0
STAT 31:cmd_set 2
STAT 31:delete_hits 0
STAT 31:incr_hits 0
STAT 31:decr_hits 0
STAT 31:cas_hits 0
STAT 31:cas_badval 0
STAT 31:touch_hits 0
STAT 33:chunk_size 129376
STAT 33:chunks_per_page 8
STAT 33:total_pages 1
STAT 33:total_chunks 8
STAT 33:used_chunks 1
STAT 33:free_chunks 7
STAT 33:free_chunks_end 0
STAT 33:mem_requested 104506
STAT 33:get_hits 0
STAT 33:cmd_set 1
STAT 33:delete_hits 0
STAT 33:incr_hits 0
STAT 33:decr_hits 0
STAT 33:cas_hits 0
STAT 33:cas_badval 0
STAT 33:touch_hits 0
STAT active_slabs 32
STAT total_malloced 135266304
END
