_____________________
total record: 1000000_max: 1e+06
total record: 1000000_max: 1e+06
total record: 1000000_max: 1e+06
total record: 1000000_max: 1e+06
Connection.cc(293): Unexpected EOF from server.
_____________________
_____________________
starting measure
---------------------
STAT pid 1667
STAT uptime 6789
STAT time 1471253721
STAT version 1.4.25
STAT libevent 2.0.21-stable
STAT pointer_size 64
STAT rusage_user 9654.924000
STAT rusage_system 6261.904000
STAT curr_connections 10
STAT total_connections 20
STAT connection_structures 15
STAT reserved_fds 20
STAT cmd_get 385459747
STAT cmd_set 152894626
STAT cmd_flush 0
STAT cmd_touch 0
STAT get_hits 232565118
STAT get_misses 152894629
STAT delete_misses 0
STAT delete_hits 0
STAT incr_misses 0
STAT incr_hits 0
STAT decr_misses 0
STAT decr_hits 0
STAT cas_misses 0
STAT cas_hits 0
STAT cas_badval 0
STAT touch_hits 0
STAT touch_misses 0
STAT auth_cmds 0
STAT auth_errors 0
STAT bytes_read 63270008770
STAT bytes_written 74937363386
STAT limit_maxbytes 536870912
STAT accepting_conns 1
STAT listen_disabled_num 0
STAT time_in_listen_disabled_us 0
STAT threads 4
STAT conn_yields 0
STAT hash_power_level 21
STAT hash_bytes 16777216
STAT hash_is_expanding 0
STAT slab_reassign_rescues 0
STAT slab_reassign_evictions_nomem 0
STAT slab_reassign_inline_reclaim 0
STAT slab_reassign_busy_items 0
STAT slab_reassign_running 0
STAT slabs_moved 0
STAT slabs_removed 0
STAT malloc_fails 0
STAT bytes 484796107
STAT curr_items 1593383
STAT total_items 152894626
STAT expired_unfetched 0
STAT evicted_unfetched 60004520
STAT evictions 151094252
STAT reclaimed 0
STAT crawler_reclaimed 0
STAT crawler_items_checked 0
STAT lrutail_reflocked 0
END
---------------------
STAT 1:chunk_size 96
STAT 1:chunks_per_page 10922
STAT 1:total_pages 13
STAT 1:total_chunks 141986
STAT 1:used_chunks 141986
STAT 1:free_chunks 0
STAT 1:free_chunks_end 0
STAT 1:mem_requested 13133581
STAT 1:get_hits 20676750
STAT 1:cmd_set 13730969
STAT 1:delete_hits 0
STAT 1:incr_hits 0
STAT 1:decr_hits 0
STAT 1:cas_hits 0
STAT 1:cas_badval 0
STAT 1:touch_hits 0
STAT 2:chunk_size 120
STAT 2:chunks_per_page 8738
STAT 2:total_pages 57
STAT 2:total_chunks 498066
STAT 2:used_chunks 498066
STAT 2:free_chunks 0
STAT 2:free_chunks_end 0
STAT 2:mem_requested 53254623
STAT 2:get_hits 72521226
STAT 2:cmd_set 48200178
STAT 2:delete_hits 0
STAT 2:incr_hits 0
STAT 2:decr_hits 0
STAT 2:cas_hits 0
STAT 2:cas_badval 0
STAT 2:touch_hits 0
STAT 3:chunk_size 152
STAT 3:chunks_per_page 6898
STAT 3:total_pages 27
STAT 3:total_chunks 186246
STAT 3:used_chunks 186246
STAT 3:free_chunks 0
STAT 3:free_chunks_end 0
STAT 3:mem_requested 24870102
STAT 3:get_hits 27153416
STAT 3:cmd_set 17945513
STAT 3:delete_hits 0
STAT 3:incr_hits 0
STAT 3:decr_hits 0
STAT 3:cas_hits 0
STAT 3:cas_badval 0
STAT 3:touch_hits 0
STAT 4:chunk_size 192
STAT 4:chunks_per_page 5461
STAT 4:total_pages 23
STAT 4:total_chunks 125603
STAT 4:used_chunks 125603
STAT 4:free_chunks 0
STAT 4:free_chunks_end 0
STAT 4:mem_requested 21526072
STAT 4:get_hits 18464716
STAT 4:cmd_set 11738706
STAT 4:delete_hits 0
STAT 4:incr_hits 0
STAT 4:decr_hits 0
STAT 4:cas_hits 0
STAT 4:cas_badval 0
STAT 4:touch_hits 0
STAT 5:chunk_size 240
STAT 5:chunks_per_page 4369
STAT 5:total_pages 26
STAT 5:total_chunks 113594
STAT 5:used_chunks 113594
STAT 5:free_chunks 0
STAT 5:free_chunks_end 0
STAT 5:mem_requested 24501373
STAT 5:get_hits 16715744
STAT 5:cmd_set 10599484
STAT 5:delete_hits 0
STAT 5:incr_hits 0
STAT 5:decr_hits 0
STAT 5:cas_hits 0
STAT 5:cas_badval 0
STAT 5:touch_hits 0
STAT 6:chunk_size 304
STAT 6:chunks_per_page 3449
STAT 6:total_pages 33
STAT 6:total_chunks 113817
STAT 6:used_chunks 113817
STAT 6:free_chunks 0
STAT 6:free_chunks_end 0
STAT 6:mem_requested 30823066
STAT 6:get_hits 16679616
STAT 6:cmd_set 10777775
STAT 6:delete_hits 0
STAT 6:incr_hits 0
STAT 6:decr_hits 0
STAT 6:cas_hits 0
STAT 6:cas_badval 0
STAT 6:touch_hits 0
STAT 7:chunk_size 384
STAT 7:chunks_per_page 2730
STAT 7:total_pages 36
STAT 7:total_chunks 98280
STAT 7:used_chunks 98280
STAT 7:free_chunks 0
STAT 7:free_chunks_end 0
STAT 7:mem_requested 33620681
STAT 7:get_hits 14299905
STAT 7:cmd_set 9537056
STAT 7:delete_hits 0
STAT 7:incr_hits 0
STAT 7:decr_hits 0
STAT 7:cas_hits 0
STAT 7:cas_badval 0
STAT 7:touch_hits 0
STAT 8:chunk_size 480
STAT 8:chunks_per_page 2184
STAT 8:total_pages 37
STAT 8:total_chunks 80808
STAT 8:used_chunks 80808
STAT 8:free_chunks 0
STAT 8:free_chunks_end 0
STAT 8:mem_requested 34695026
STAT 8:get_hits 11774422
STAT 8:cmd_set 7786639
STAT 8:delete_hits 0
STAT 8:incr_hits 0
STAT 8:decr_hits 0
STAT 8:cas_hits 0
STAT 8:cas_badval 0
STAT 8:touch_hits 0
STAT 9:chunk_size 600
STAT 9:chunks_per_page 1747
STAT 9:total_pages 38
STAT 9:total_chunks 66386
STAT 9:used_chunks 66386
STAT 9:free_chunks 0
STAT 9:free_chunks_end 0
STAT 9:mem_requested 35590450
STAT 9:get_hits 9691024
STAT 9:cmd_set 6382162
STAT 9:delete_hits 0
STAT 9:incr_hits 0
STAT 9:decr_hits 0
STAT 9:cas_hits 0
STAT 9:cas_badval 0
STAT 9:touch_hits 0
STAT 10:chunk_size 752
STAT 10:chunks_per_page 1394
STAT 10:total_pages 37
STAT 10:total_chunks 51578
STAT 10:used_chunks 51578
STAT 10:free_chunks 0
STAT 10:free_chunks_end 0
STAT 10:mem_requested 34588948
STAT 10:get_hits 7483559
STAT 10:cmd_set 5031872
STAT 10:delete_hits 0
STAT 10:incr_hits 0
STAT 10:decr_hits 0
STAT 10:cas_hits 0
STAT 10:cas_badval 0
STAT 10:touch_hits 0
STAT 11:chunk_size 944
STAT 11:chunks_per_page 1110
STAT 11:total_pages 35
STAT 11:total_chunks 38850
STAT 11:used_chunks 38850
STAT 11:free_chunks 0
STAT 11:free_chunks_end 0
STAT 11:mem_requested 32631181
STAT 11:get_hits 5657120
STAT 11:cmd_set 3757528
STAT 11:delete_hits 0
STAT 11:incr_hits 0
STAT 11:decr_hits 0
STAT 11:cas_hits 0
STAT 11:cas_badval 0
STAT 11:touch_hits 0
STAT 12:chunk_size 1184
STAT 12:chunks_per_page 885
STAT 12:total_pages 31
STAT 12:total_chunks 27435
STAT 12:used_chunks 27435
STAT 12:free_chunks 0
STAT 12:free_chunks_end 0
STAT 12:mem_requested 28880059
STAT 12:get_hits 4002432
STAT 12:cmd_set 2636563
STAT 12:delete_hits 0
STAT 12:incr_hits 0
STAT 12:decr_hits 0
STAT 12:cas_hits 0
STAT 12:cas_badval 0
STAT 12:touch_hits 0
STAT 13:chunk_size 1480
STAT 13:chunks_per_page 708
STAT 13:total_pages 26
STAT 13:total_chunks 18408
STAT 13:used_chunks 18408
STAT 13:free_chunks 0
STAT 13:free_chunks_end 0
STAT 13:mem_requested 24255357
STAT 13:get_hits 2678964
STAT 13:cmd_set 1776003
STAT 13:delete_hits 0
STAT 13:incr_hits 0
STAT 13:decr_hits 0
STAT 13:cas_hits 0
STAT 13:cas_badval 0
STAT 13:touch_hits 0
STAT 14:chunk_size 1856
STAT 14:chunks_per_page 564
STAT 14:total_pages 22
STAT 14:total_chunks 12408
STAT 14:used_chunks 12408
STAT 14:free_chunks 0
STAT 14:free_chunks_end 0
STAT 14:mem_requested 20469457
STAT 14:get_hits 1816351
STAT 14:cmd_set 1177965
STAT 14:delete_hits 0
STAT 14:incr_hits 0
STAT 14:decr_hits 0
STAT 14:cas_hits 0
STAT 14:cas_badval 0
STAT 14:touch_hits 0
STAT 15:chunk_size 2320
STAT 15:chunks_per_page 451
STAT 15:total_pages 17
STAT 15:total_chunks 7667
STAT 15:used_chunks 7667
STAT 15:free_chunks 0
STAT 15:free_chunks_end 0
STAT 15:mem_requested 15817615
STAT 15:get_hits 1118698
STAT 15:cmd_set 732309
STAT 15:delete_hits 0
STAT 15:incr_hits 0
STAT 15:decr_hits 0
STAT 15:cas_hits 0
STAT 15:cas_badval 0
STAT 15:touch_hits 0
STAT 16:chunk_size 2904
STAT 16:chunks_per_page 361
STAT 16:total_pages 14
STAT 16:total_chunks 5054
STAT 16:used_chunks 5054
STAT 16:free_chunks 0
STAT 16:free_chunks_end 0
STAT 16:mem_requested 13026569
STAT 16:get_hits 752007
STAT 16:cmd_set 452148
STAT 16:delete_hits 0
STAT 16:incr_hits 0
STAT 16:decr_hits 0
STAT 16:cas_hits 0
STAT 16:cas_badval 0
STAT 16:touch_hits 0
STAT 17:chunk_size 3632
STAT 17:chunks_per_page 288
STAT 17:total_pages 10
STAT 17:total_chunks 2880
STAT 17:used_chunks 2880
STAT 17:free_chunks 0
STAT 17:free_chunks_end 0
STAT 17:mem_requested 9297065
STAT 17:get_hits 423147
STAT 17:cmd_set 269854
STAT 17:delete_hits 0
STAT 17:incr_hits 0
STAT 17:decr_hits 0
STAT 17:cas_hits 0
STAT 17:cas_badval 0
STAT 17:touch_hits 0
STAT 18:chunk_size 4544
STAT 18:chunks_per_page 230
STAT 18:total_pages 8
STAT 18:total_chunks 1840
STAT 18:used_chunks 1840
STAT 18:free_chunks 0
STAT 18:free_chunks_end 0
STAT 18:mem_requested 7423095
STAT 18:get_hits 277963
STAT 18:cmd_set 157315
STAT 18:delete_hits 0
STAT 18:incr_hits 0
STAT 18:decr_hits 0
STAT 18:cas_hits 0
STAT 18:cas_badval 0
STAT 18:touch_hits 0
STAT 19:chunk_size 5680
STAT 19:chunks_per_page 184
STAT 19:total_pages 5
STAT 19:total_chunks 920
STAT 19:used_chunks 920
STAT 19:free_chunks 0
STAT 19:free_chunks_end 0
STAT 19:mem_requested 4646297
STAT 19:get_hits 133624
STAT 19:cmd_set 90357
STAT 19:delete_hits 0
STAT 19:incr_hits 0
STAT 19:decr_hits 0
STAT 19:cas_hits 0
STAT 19:cas_badval 0
STAT 19:touch_hits 0
STAT 20:chunk_size 7104
STAT 20:chunks_per_page 147
STAT 20:total_pages 4
STAT 20:total_chunks 588
STAT 20:used_chunks 588
STAT 20:free_chunks 0
STAT 20:free_chunks_end 0
STAT 20:mem_requested 3704109
STAT 20:get_hits 87873
STAT 20:cmd_set 51101
STAT 20:delete_hits 0
STAT 20:incr_hits 0
STAT 20:decr_hits 0
STAT 20:cas_hits 0
STAT 20:cas_badval 0
STAT 20:touch_hits 0
STAT 21:chunk_size 8880
STAT 21:chunks_per_page 118
STAT 21:total_pages 3
STAT 21:total_chunks 354
STAT 21:used_chunks 354
STAT 21:free_chunks 0
STAT 21:free_chunks_end 0
STAT 21:mem_requested 2795528
STAT 21:get_hits 54258
STAT 21:cmd_set 28447
STAT 21:delete_hits 0
STAT 21:incr_hits 0
STAT 21:decr_hits 0
STAT 21:cas_hits 0
STAT 21:cas_badval 0
STAT 21:touch_hits 0
STAT 22:chunk_size 11104
STAT 22:chunks_per_page 94
STAT 22:total_pages 2
STAT 22:total_chunks 188
STAT 22:used_chunks 188
STAT 22:free_chunks 0
STAT 22:free_chunks_end 0
STAT 22:mem_requested 1862084
STAT 22:get_hits 28663
STAT 22:cmd_set 15865
STAT 22:delete_hits 0
STAT 22:incr_hits 0
STAT 22:decr_hits 0
STAT 22:cas_hits 0
STAT 22:cas_badval 0
STAT 22:touch_hits 0
STAT 23:chunk_size 13880
STAT 23:chunks_per_page 75
STAT 23:total_pages 2
STAT 23:total_chunks 150
STAT 23:used_chunks 150
STAT 23:free_chunks 0
STAT 23:free_chunks_end 0
STAT 23:mem_requested 1833825
STAT 23:get_hits 25712
STAT 23:cmd_set 8686
STAT 23:delete_hits 0
STAT 23:incr_hits 0
STAT 23:decr_hits 0
STAT 23:cas_hits 0
STAT 23:cas_badval 0
STAT 23:touch_hits 0
STAT 24:chunk_size 17352
STAT 24:chunks_per_page 60
STAT 24:total_pages 1
STAT 24:total_chunks 60
STAT 24:used_chunks 60
STAT 24:free_chunks 0
STAT 24:free_chunks_end 0
STAT 24:mem_requested 925094
STAT 24:get_hits 9492
STAT 24:cmd_set 4816
STAT 24:delete_hits 0
STAT 24:incr_hits 0
STAT 24:decr_hits 0
STAT 24:cas_hits 0
STAT 24:cas_badval 0
STAT 24:touch_hits 0
STAT 25:chunk_size 21696
STAT 25:chunks_per_page 48
STAT 25:total_pages 1
STAT 25:total_chunks 48
STAT 25:used_chunks 48
STAT 25:free_chunks 0
STAT 25:free_chunks_end 0
STAT 25:mem_requested 933771
STAT 25:get_hits 8306
STAT 25:cmd_set 2483
STAT 25:delete_hits 0
STAT 25:incr_hits 0
STAT 25:decr_hits 0
STAT 25:cas_hits 0
STAT 25:cas_badval 0
STAT 25:touch_hits 0
STAT 26:chunk_size 27120
STAT 26:chunks_per_page 38
STAT 26:total_pages 1
STAT 26:total_chunks 38
STAT 26:used_chunks 38
STAT 26:free_chunks 0
STAT 26:free_chunks_end 0
STAT 26:mem_requested 924477
STAT 26:get_hits 6841
STAT 26:cmd_set 1327
STAT 26:delete_hits 0
STAT 26:incr_hits 0
STAT 26:decr_hits 0
STAT 26:cas_hits 0
STAT 26:cas_badval 0
STAT 26:touch_hits 0
STAT 27:chunk_size 33904
STAT 27:chunks_per_page 30
STAT 27:total_pages 1
STAT 27:total_chunks 30
STAT 27:used_chunks 30
STAT 27:free_chunks 0
STAT 27:free_chunks_end 0
STAT 27:mem_requested 875744
STAT 27:get_hits 6151
STAT 27:cmd_set 712
STAT 27:delete_hits 0
STAT 27:incr_hits 0
STAT 27:decr_hits 0
STAT 27:cas_hits 0
STAT 27:cas_badval 0
STAT 27:touch_hits 0
STAT 28:chunk_size 42384
STAT 28:chunks_per_page 24
STAT 28:total_pages 1
STAT 28:total_chunks 24
STAT 28:used_chunks 24
STAT 28:free_chunks 0
STAT 28:free_chunks_end 0
STAT 28:mem_requested 872664
STAT 28:get_hits 4779
STAT 28:cmd_set 363
STAT 28:delete_hits 0
STAT 28:incr_hits 0
STAT 28:decr_hits 0
STAT 28:cas_hits 0
STAT 28:cas_badval 0
STAT 28:touch_hits 0
STAT 29:chunk_size 52984
STAT 29:chunks_per_page 19
STAT 29:total_pages 1
STAT 29:total_chunks 19
STAT 29:used_chunks 19
STAT 29:free_chunks 0
STAT 29:free_chunks_end 0
STAT 29:mem_requested 887339
STAT 29:get_hits 4041
STAT 29:cmd_set 206
STAT 29:delete_hits 0
STAT 29:incr_hits 0
STAT 29:decr_hits 0
STAT 29:cas_hits 0
STAT 29:cas_badval 0
STAT 29:touch_hits 0
STAT 30:chunk_size 66232
STAT 30:chunks_per_page 15
STAT 30:total_pages 1
STAT 30:total_chunks 15
STAT 30:used_chunks 15
STAT 30:free_chunks 0
STAT 30:free_chunks_end 0
STAT 30:mem_requested 887914
STAT 30:get_hits 2916
STAT 30:cmd_set 105
STAT 30:delete_hits 0
STAT 30:incr_hits 0
STAT 30:decr_hits 0
STAT 30:cas_hits 0
STAT 30:cas_badval 0
STAT 30:touch_hits 0
STAT 31:chunk_size 82792
STAT 31:chunks_per_page 12
STAT 31:total_pages 1
STAT 31:total_chunks 12
STAT 31:used_chunks 12
STAT 31:free_chunks 0
STAT 31:free_chunks_end 0
STAT 31:mem_requested 896401
STAT 31:get_hits 2090
STAT 31:cmd_set 62
STAT 31:delete_hits 0
STAT 31:incr_hits 0
STAT 31:decr_hits 0
STAT 31:cas_hits 0
STAT 31:cas_badval 0
STAT 31:touch_hits 0
STAT 32:chunk_size 103496
STAT 32:chunks_per_page 10
STAT 32:total_pages 1
STAT 32:total_chunks 10
STAT 32:used_chunks 10
STAT 32:free_chunks 0
STAT 32:free_chunks_end 0
STAT 32:mem_requested 908952
STAT 32:get_hits 1365
STAT 32:cmd_set 27
STAT 32:delete_hits 0
STAT 32:incr_hits 0
STAT 32:decr_hits 0
STAT 32:cas_hits 0
STAT 32:cas_badval 0
STAT 32:touch_hits 0
STAT 33:chunk_size 129376
STAT 33:chunks_per_page 8
STAT 33:total_pages 1
STAT 33:total_chunks 8
STAT 33:used_chunks 8
STAT 33:free_chunks 0
STAT 33:free_chunks_end 0
STAT 33:mem_requested 908888
STAT 33:get_hits 1116
STAT 33:cmd_set 15
STAT 33:delete_hits 0
STAT 33:incr_hits 0
STAT 33:decr_hits 0
STAT 33:cas_hits 0
STAT 33:cas_badval 0
STAT 33:touch_hits 0
STAT 34:chunk_size 161720
STAT 34:chunks_per_page 6
STAT 34:total_pages 1
STAT 34:total_chunks 6
STAT 34:used_chunks 6
STAT 34:free_chunks 0
STAT 34:free_chunks_end 0
STAT 34:mem_requested 846357
STAT 34:get_hits 484
STAT 34:cmd_set 8
STAT 34:delete_hits 0
STAT 34:incr_hits 0
STAT 34:decr_hits 0
STAT 34:cas_hits 0
STAT 34:cas_badval 0
STAT 34:touch_hits 0
STAT 35:chunk_size 202152
STAT 35:chunks_per_page 5
STAT 35:total_pages 1
STAT 35:total_chunks 5
STAT 35:used_chunks 2
STAT 35:free_chunks 3
STAT 35:free_chunks_end 0
STAT 35:mem_requested 345860
STAT 35:get_hits 212
STAT 35:cmd_set 2
STAT 35:delete_hits 0
STAT 35:incr_hits 0
STAT 35:decr_hits 0
STAT 35:cas_hits 0
STAT 35:cas_badval 0
STAT 35:touch_hits 0
STAT 36:chunk_size 252696
STAT 36:chunks_per_page 4
STAT 36:total_pages 1
STAT 36:total_chunks 4
STAT 36:used_chunks 3
STAT 36:free_chunks 1
STAT 36:free_chunks_end 0
STAT 36:mem_requested 730345
STAT 36:get_hits 99
STAT 36:cmd_set 3
STAT 36:delete_hits 0
STAT 36:incr_hits 0
STAT 36:decr_hits 0
STAT 36:cas_hits 0
STAT 36:cas_badval 0
STAT 36:touch_hits 0
STAT 37:chunk_size 315872
STAT 37:chunks_per_page 3
STAT 37:total_pages 1
STAT 37:total_chunks 3
STAT 37:used_chunks 1
STAT 37:free_chunks 2
STAT 37:free_chunks_end 0
STAT 37:mem_requested 268173
STAT 37:get_hits 0
STAT 37:cmd_set 1
STAT 37:delete_hits 0
STAT 37:incr_hits 0
STAT 37:decr_hits 0
STAT 37:cas_hits 0
STAT 37:cas_badval 0
STAT 37:touch_hits 0
STAT 38:chunk_size 394840
STAT 38:chunks_per_page 2
STAT 38:total_pages 1
STAT 38:total_chunks 2
STAT 38:used_chunks 1
STAT 38:free_chunks 1
STAT 38:free_chunks_end 0
STAT 38:mem_requested 337965
STAT 38:get_hits 36
STAT 38:cmd_set 1
STAT 38:delete_hits 0
STAT 38:incr_hits 0
STAT 38:decr_hits 0
STAT 38:cas_hits 0
STAT 38:cas_badval 0
STAT 38:touch_hits 0
STAT active_slabs 38
STAT total_malloced 546308096
END
