#type       avg     std     min     5th    10th    90th    95th    99th
read       54.7   458.7    19.2    27.8    29.0    54.0    66.4   111.4
update     94.6   764.0    23.2    35.2    37.2    77.2    95.0   192.9
op_q        1.0     0.0     1.0     1.0     1.0     1.1     1.1     1.1

Total QPS = 75816.5 (1249209376 / 16476.7s)

Misses = 129209380 (11.5%)
Skipped TXs = 0 (0.0%)

RX 273037543359 bytes :   15.8 MB/s
TX 101224723481 bytes :    5.9 MB/s
_____________________
total record: 1000000_max: 1e+06
total record: 1000000_max: 1e+06
total record: 1000000_max: total record: 10000001e+06
_max: 1e+06
_____________________
_____________________
starting measure
stopping trace
mem_malloced: 543162368
cache size base: 32
cache size base: 48
cache size base: 64
cache size base: 96
cache size base: 128
cache size base: 192
cache size base: 256
cache size base: 384
cache size base: 512
cache size base: 768
cache size base: 1024
cache size base: 1536
cache size base: 2048
cache size base: 3072
cache size base: 4096
cache size base: 6144
50	0.965670
64	0.946371
77	0.929411
108	0.890792
137	0.853277
198	0.780648
258	0.710264
383	0.577712
501	0.462895
756	0.267861
1005	0.146396
1516	0.041463
2028	0.011853
3055	0.005775
4076	0.005775
6127	0.005775
Objective value: 18.969515
latency bound: 0.158748
size.L1.0: 1861.307272
size.L2i.0: 3055.000043
mr.L1.0: 0.021493
mr.L2.0: 0.005775
lat.0: 0.158748
cost.0: 18.969515
L1 size is: 1862
starting slab monitoring
starting slab deallocate
time to reach new mem_limit: 0.00001
stoping slab monitoring
---------------------
STAT pid 25796
STAT uptime 16589
STAT time 1471246933
STAT version 1.4.25
STAT libevent 2.0.21-stable
STAT pointer_size 64
STAT rusage_user 10254.988000
STAT rusage_system 15483.356000
STAT curr_connections 10
STAT total_connections 113
STAT connection_structures 15
STAT reserved_fds 20
STAT cmd_get 799453905
STAT cmd_set 7516727
STAT cmd_flush 0
STAT cmd_touch 0
STAT get_hits 791937181
STAT get_misses 7516724
STAT delete_misses 0
STAT delete_hits 0
STAT incr_misses 0
STAT incr_hits 0
STAT decr_misses 0
STAT decr_hits 0
STAT cas_misses 0
STAT cas_hits 0
STAT cas_badval 0
STAT touch_hits 0
STAT touch_misses 0
STAT auth_cmds 0
STAT auth_errors 0
STAT bytes_read 50048298438
STAT bytes_written 209910557635
STAT limit_maxbytes 536870912
STAT accepting_conns 1
STAT listen_disabled_num 0
STAT time_in_listen_disabled_us 0
STAT threads 4
STAT conn_yields 0
STAT hash_power_level 22
STAT hash_bytes 33554432
STAT hash_is_expanding 0
STAT slab_reassign_rescues 0
STAT slab_reassign_evictions_nomem 0
STAT slab_reassign_inline_reclaim 0
STAT slab_reassign_busy_items 0
STAT slab_reassign_running 0
STAT slabs_moved 0
STAT slabs_removed 0
STAT malloc_fails 0
STAT bytes 1738150380
STAT curr_items 5810341
STAT total_items 7516727
STAT expired_unfetched 0
STAT evicted_unfetched 1830154
STAT evictions 3277585
STAT reclaimed 0
STAT crawler_reclaimed 0
STAT crawler_items_checked 0
STAT lrutail_reflocked 0
END
---------------------
STAT 1:chunk_size 96
STAT 1:chunks_per_page 10922
STAT 1:total_pages 48
STAT 1:total_chunks 524256
STAT 1:used_chunks 524256
STAT 1:free_chunks 0
STAT 1:free_chunks_end 0
STAT 1:mem_requested 48493981
STAT 1:get_hits 70687068
STAT 1:cmd_set 673535
STAT 1:delete_hits 0
STAT 1:incr_hits 0
STAT 1:decr_hits 0
STAT 1:cas_hits 0
STAT 1:cas_badval 0
STAT 1:touch_hits 0
STAT 2:chunk_size 120
STAT 2:chunks_per_page 8738
STAT 2:total_pages 209
STAT 2:total_chunks 1826242
STAT 2:used_chunks 1826242
STAT 2:free_chunks 0
STAT 2:free_chunks_end 0
STAT 2:mem_requested 195277225
STAT 2:get_hits 248236207
STAT 2:cmd_set 2370839
STAT 2:delete_hits 0
STAT 2:incr_hits 0
STAT 2:decr_hits 0
STAT 2:cas_hits 0
STAT 2:cas_badval 0
STAT 2:touch_hits 0
STAT 3:chunk_size 152
STAT 3:chunks_per_page 6898
STAT 3:total_pages 99
STAT 3:total_chunks 682902
STAT 3:used_chunks 682902
STAT 3:free_chunks 0
STAT 3:free_chunks_end 0
STAT 3:mem_requested 91185729
STAT 3:get_hits 92716693
STAT 3:cmd_set 881513
STAT 3:delete_hits 0
STAT 3:incr_hits 0
STAT 3:decr_hits 0
STAT 3:cas_hits 0
STAT 3:cas_badval 0
STAT 3:touch_hits 0
STAT 4:chunk_size 192
STAT 4:chunks_per_page 5461
STAT 4:total_pages 82
STAT 4:total_chunks 447802
STAT 4:used_chunks 447802
STAT 4:free_chunks 0
STAT 4:free_chunks_end 0
STAT 4:mem_requested 76745097
STAT 4:get_hits 62119584
STAT 4:cmd_set 577627
STAT 4:delete_hits 0
STAT 4:incr_hits 0
STAT 4:decr_hits 0
STAT 4:cas_hits 0
STAT 4:cas_badval 0
STAT 4:touch_hits 0
STAT 5:chunk_size 240
STAT 5:chunks_per_page 4369
STAT 5:total_pages 92
STAT 5:total_chunks 401948
STAT 5:used_chunks 401948
STAT 5:free_chunks 0
STAT 5:free_chunks_end 0
STAT 5:mem_requested 86675385
STAT 5:get_hits 54573455
STAT 5:cmd_set 521563
STAT 5:delete_hits 0
STAT 5:incr_hits 0
STAT 5:decr_hits 0
STAT 5:cas_hits 0
STAT 5:cas_badval 0
STAT 5:touch_hits 0
STAT 6:chunk_size 304
STAT 6:chunks_per_page 3449
STAT 6:total_pages 119
STAT 6:total_chunks 410431
STAT 6:used_chunks 410431
STAT 6:free_chunks 0
STAT 6:free_chunks_end 0
STAT 6:mem_requested 111148679
STAT 6:get_hits 56548800
STAT 6:cmd_set 530490
STAT 6:delete_hits 0
STAT 6:incr_hits 0
STAT 6:decr_hits 0
STAT 6:cas_hits 0
STAT 6:cas_badval 0
STAT 6:touch_hits 0
STAT 7:chunk_size 384
STAT 7:chunks_per_page 2730
STAT 7:total_pages 132
STAT 7:total_chunks 360360
STAT 7:used_chunks 360360
STAT 7:free_chunks 0
STAT 7:free_chunks_end 0
STAT 7:mem_requested 123249057
STAT 7:get_hits 48879915
STAT 7:cmd_set 468248
STAT 7:delete_hits 0
STAT 7:incr_hits 0
STAT 7:decr_hits 0
STAT 7:cas_hits 0
STAT 7:cas_badval 0
STAT 7:touch_hits 0
STAT 8:chunk_size 480
STAT 8:chunks_per_page 2184
STAT 8:total_pages 135
STAT 8:total_chunks 294840
STAT 8:used_chunks 294840
STAT 8:free_chunks 0
STAT 8:free_chunks_end 0
STAT 8:mem_requested 126607424
STAT 8:get_hits 40289128
STAT 8:cmd_set 382986
STAT 8:delete_hits 0
STAT 8:incr_hits 0
STAT 8:decr_hits 0
STAT 8:cas_hits 0
STAT 8:cas_badval 0
STAT 8:touch_hits 0
STAT 9:chunk_size 600
STAT 9:chunks_per_page 1747
STAT 9:total_pages 139
STAT 9:total_chunks 242833
STAT 9:used_chunks 242833
STAT 9:free_chunks 0
STAT 9:free_chunks_end 0
STAT 9:mem_requested 130152083
STAT 9:get_hits 33166327
STAT 9:cmd_set 314057
STAT 9:delete_hits 0
STAT 9:incr_hits 0
STAT 9:decr_hits 0
STAT 9:cas_hits 0
STAT 9:cas_badval 0
STAT 9:touch_hits 0
STAT 10:chunk_size 752
STAT 10:chunks_per_page 1394
STAT 10:total_pages 138
STAT 10:total_chunks 192372
STAT 10:used_chunks 192372
STAT 10:free_chunks 0
STAT 10:free_chunks_end 0
STAT 10:mem_requested 128917538
STAT 10:get_hits 26419031
STAT 10:cmd_set 246774
STAT 10:delete_hits 0
STAT 10:incr_hits 0
STAT 10:decr_hits 0
STAT 10:cas_hits 0
STAT 10:cas_badval 0
STAT 10:touch_hits 0
STAT 11:chunk_size 944
STAT 11:chunks_per_page 1110
STAT 11:total_pages 129
STAT 11:total_chunks 143190
STAT 11:used_chunks 143190
STAT 11:free_chunks 0
STAT 11:free_chunks_end 0
STAT 11:mem_requested 120214291
STAT 11:get_hits 19428619
STAT 11:cmd_set 185526
STAT 11:delete_hits 0
STAT 11:incr_hits 0
STAT 11:decr_hits 0
STAT 11:cas_hits 0
STAT 11:cas_badval 0
STAT 11:touch_hits 0
STAT 12:chunk_size 1184
STAT 12:chunks_per_page 885
STAT 12:total_pages 113
STAT 12:total_chunks 100005
STAT 12:used_chunks 100005
STAT 12:free_chunks 0
STAT 12:free_chunks_end 0
STAT 12:mem_requested 105226110
STAT 12:get_hits 13642685
STAT 12:cmd_set 129248
STAT 12:delete_hits 0
STAT 12:incr_hits 0
STAT 12:decr_hits 0
STAT 12:cas_hits 0
STAT 12:cas_badval 0
STAT 12:touch_hits 0
STAT 13:chunk_size 1480
STAT 13:chunks_per_page 708
STAT 13:total_pages 96
STAT 13:total_chunks 67968
STAT 13:used_chunks 67968
STAT 13:free_chunks 0
STAT 13:free_chunks_end 0
STAT 13:mem_requested 89460553
STAT 13:get_hits 9499777
STAT 13:cmd_set 87297
STAT 13:delete_hits 0
STAT 13:incr_hits 0
STAT 13:decr_hits 0
STAT 13:cas_hits 0
STAT 13:cas_badval 0
STAT 13:touch_hits 0
STAT 14:chunk_size 1856
STAT 14:chunks_per_page 564
STAT 14:total_pages 80
STAT 14:total_chunks 45120
STAT 14:used_chunks 45120
STAT 14:free_chunks 0
STAT 14:free_chunks_end 0
STAT 14:mem_requested 74367181
STAT 14:get_hits 6196431
STAT 14:cmd_set 57790
STAT 14:delete_hits 0
STAT 14:incr_hits 0
STAT 14:decr_hits 0
STAT 14:cas_hits 0
STAT 14:cas_badval 0
STAT 14:touch_hits 0
STAT 15:chunk_size 2320
STAT 15:chunks_per_page 451
STAT 15:total_pages 62
STAT 15:total_chunks 27962
STAT 15:used_chunks 27962
STAT 15:free_chunks 0
STAT 15:free_chunks_end 0
STAT 15:mem_requested 57657340
STAT 15:get_hits 3803347
STAT 15:cmd_set 35948
STAT 15:delete_hits 0
STAT 15:incr_hits 0
STAT 15:decr_hits 0
STAT 15:cas_hits 0
STAT 15:cas_badval 0
STAT 15:touch_hits 0
STAT 16:chunk_size 2904
STAT 16:chunks_per_page 361
STAT 16:total_pages 48
STAT 16:total_chunks 17328
STAT 16:used_chunks 17328
STAT 16:free_chunks 0
STAT 16:free_chunks_end 0
STAT 16:mem_requested 44662731
STAT 16:get_hits 2322823
STAT 16:cmd_set 22147
STAT 16:delete_hits 0
STAT 16:incr_hits 0
STAT 16:decr_hits 0
STAT 16:cas_hits 0
STAT 16:cas_badval 0
STAT 16:touch_hits 0
STAT 17:chunk_size 3632
STAT 17:chunks_per_page 288
STAT 17:total_pages 36
STAT 17:total_chunks 10368
STAT 17:used_chunks 10368
STAT 17:free_chunks 0
STAT 17:free_chunks_end 0
STAT 17:mem_requested 33409584
STAT 17:get_hits 1414484
STAT 17:cmd_set 13304
STAT 17:delete_hits 0
STAT 17:incr_hits 0
STAT 17:decr_hits 0
STAT 17:cas_hits 0
STAT 17:cas_badval 0
STAT 17:touch_hits 0
STAT 18:chunk_size 4544
STAT 18:chunks_per_page 230
STAT 18:total_pages 26
STAT 18:total_chunks 5980
STAT 18:used_chunks 5980
STAT 18:free_chunks 0
STAT 18:free_chunks_end 0
STAT 18:mem_requested 24073544
STAT 18:get_hits 764007
STAT 18:cmd_set 7780
STAT 18:delete_hits 0
STAT 18:incr_hits 0
STAT 18:decr_hits 0
STAT 18:cas_hits 0
STAT 18:cas_badval 0
STAT 18:touch_hits 0
STAT 19:chunk_size 5680
STAT 19:chunks_per_page 184
STAT 19:total_pages 19
STAT 19:total_chunks 3496
STAT 19:used_chunks 3496
STAT 19:free_chunks 0
STAT 19:free_chunks_end 0
STAT 19:mem_requested 17617262
STAT 19:get_hits 467443
STAT 19:cmd_set 4438
STAT 19:delete_hits 0
STAT 19:incr_hits 0
STAT 19:decr_hits 0
STAT 19:cas_hits 0
STAT 19:cas_badval 0
STAT 19:touch_hits 0
STAT 20:chunk_size 7104
STAT 20:chunks_per_page 147
STAT 20:total_pages 14
STAT 20:total_chunks 2058
STAT 20:used_chunks 2058
STAT 20:free_chunks 0
STAT 20:free_chunks_end 0
STAT 20:mem_requested 12988901
STAT 20:get_hits 294550
STAT 20:cmd_set 2506
STAT 20:delete_hits 0
STAT 20:incr_hits 0
STAT 20:decr_hits 0
STAT 20:cas_hits 0
STAT 20:cas_badval 0
STAT 20:touch_hits 0
STAT 21:chunk_size 8880
STAT 21:chunks_per_page 118
STAT 21:total_pages 10
STAT 21:total_chunks 1180
STAT 21:used_chunks 1180
STAT 21:free_chunks 0
STAT 21:free_chunks_end 0
STAT 21:mem_requested 9276708
STAT 21:get_hits 176001
STAT 21:cmd_set 1434
STAT 21:delete_hits 0
STAT 21:incr_hits 0
STAT 21:decr_hits 0
STAT 21:cas_hits 0
STAT 21:cas_badval 0
STAT 21:touch_hits 0
STAT 22:chunk_size 11104
STAT 22:chunks_per_page 94
STAT 22:total_pages 7
STAT 22:total_chunks 658
STAT 22:used_chunks 658
STAT 22:free_chunks 0
STAT 22:free_chunks_end 0
STAT 22:mem_requested 6462879
STAT 22:get_hits 97629
STAT 22:cmd_set 783
STAT 22:delete_hits 0
STAT 22:incr_hits 0
STAT 22:decr_hits 0
STAT 22:cas_hits 0
STAT 22:cas_badval 0
STAT 22:touch_hits 0
STAT 23:chunk_size 13880
STAT 23:chunks_per_page 75
STAT 23:total_pages 5
STAT 23:total_chunks 375
STAT 23:used_chunks 375
STAT 23:free_chunks 0
STAT 23:free_chunks_end 0
STAT 23:mem_requested 4627504
STAT 23:get_hits 66001
STAT 23:cmd_set 406
STAT 23:delete_hits 0
STAT 23:incr_hits 0
STAT 23:decr_hits 0
STAT 23:cas_hits 0
STAT 23:cas_badval 0
STAT 23:touch_hits 0
STAT 24:chunk_size 17352
STAT 24:chunks_per_page 60
STAT 24:total_pages 4
STAT 24:total_chunks 240
STAT 24:used_chunks 240
STAT 24:free_chunks 0
STAT 24:free_chunks_end 0
STAT 24:mem_requested 3697332
STAT 24:get_hits 28001
STAT 24:cmd_set 212
STAT 24:delete_hits 0
STAT 24:incr_hits 0
STAT 24:decr_hits 0
STAT 24:cas_hits 0
STAT 24:cas_badval 0
STAT 24:touch_hits 0
STAT 25:chunk_size 21696
STAT 25:chunks_per_page 48
STAT 25:total_pages 3
STAT 25:total_chunks 144
STAT 25:used_chunks 144
STAT 25:free_chunks 0
STAT 25:free_chunks_end 0
STAT 25:mem_requested 2754541
STAT 25:get_hits 22479
STAT 25:cmd_set 130
STAT 25:delete_hits 0
STAT 25:incr_hits 0
STAT 25:decr_hits 0
STAT 25:cas_hits 0
STAT 25:cas_badval 0
STAT 25:touch_hits 0
STAT 26:chunk_size 27120
STAT 26:chunks_per_page 38
STAT 26:total_pages 2
STAT 26:total_chunks 76
STAT 26:used_chunks 76
STAT 26:free_chunks 0
STAT 26:free_chunks_end 0
STAT 26:mem_requested 1806399
STAT 26:get_hits 19560
STAT 26:cmd_set 60
STAT 26:delete_hits 0
STAT 26:incr_hits 0
STAT 26:decr_hits 0
STAT 26:cas_hits 0
STAT 26:cas_badval 0
STAT 26:touch_hits 0
STAT 27:chunk_size 33904
STAT 27:chunks_per_page 30
STAT 27:total_pages 2
STAT 27:total_chunks 60
STAT 27:used_chunks 60
STAT 27:free_chunks 0
STAT 27:free_chunks_end 0
STAT 27:mem_requested 1815739
STAT 27:get_hits 13893
STAT 27:cmd_set 37
STAT 27:delete_hits 0
STAT 27:incr_hits 0
STAT 27:decr_hits 0
STAT 27:cas_hits 0
STAT 27:cas_badval 0
STAT 27:touch_hits 0
STAT 28:chunk_size 42384
STAT 28:chunks_per_page 24
STAT 28:total_pages 2
STAT 28:total_chunks 48
STAT 28:used_chunks 48
STAT 28:free_chunks 0
STAT 28:free_chunks_end 0
STAT 28:mem_requested 1793062
STAT 28:get_hits 10808
STAT 28:cmd_set 24
STAT 28:delete_hits 0
STAT 28:incr_hits 0
STAT 28:decr_hits 0
STAT 28:cas_hits 0
STAT 28:cas_badval 0
STAT 28:touch_hits 0
STAT 29:chunk_size 52984
STAT 29:chunks_per_page 19
STAT 29:total_pages 2
STAT 29:total_chunks 38
STAT 29:used_chunks 35
STAT 29:free_chunks 3
STAT 29:free_chunks_end 0
STAT 29:mem_requested 1630355
STAT 29:get_hits 9792
STAT 29:cmd_set 16
STAT 29:delete_hits 0
STAT 29:incr_hits 0
STAT 29:decr_hits 0
STAT 29:cas_hits 0
STAT 29:cas_badval 0
STAT 29:touch_hits 0
STAT 30:chunk_size 66232
STAT 30:chunks_per_page 15
STAT 30:total_pages 2
STAT 30:total_chunks 30
STAT 30:used_chunks 21
STAT 30:free_chunks 9
STAT 30:free_chunks_end 0
STAT 30:mem_requested 1236012
STAT 30:get_hits 7918
STAT 30:cmd_set 6
STAT 30:delete_hits 0
STAT 30:incr_hits 0
STAT 30:decr_hits 0
STAT 30:cas_hits 0
STAT 30:cas_badval 0
STAT 30:touch_hits 0
STAT 31:chunk_size 82792
STAT 31:chunks_per_page 12
STAT 31:total_pages 1
STAT 31:total_chunks 12
STAT 31:used_chunks 12
STAT 31:free_chunks 0
STAT 31:free_chunks_end 0
STAT 31:mem_requested 885412
STAT 31:get_hits 5429
STAT 31:cmd_set 1
STAT 31:delete_hits 0
STAT 31:incr_hits 0
STAT 31:decr_hits 0
STAT 31:cas_hits 0
STAT 31:cas_badval 0
STAT 31:touch_hits 0
STAT 32:chunk_size 103496
STAT 32:chunks_per_page 10
STAT 32:total_pages 1
STAT 32:total_chunks 10
STAT 32:used_chunks 10
STAT 32:free_chunks 0
STAT 32:free_chunks_end 0
STAT 32:mem_requested 900314
STAT 32:get_hits 4225
STAT 32:cmd_set 0
STAT 32:delete_hits 0
STAT 32:incr_hits 0
STAT 32:decr_hits 0
STAT 32:cas_hits 0
STAT 32:cas_badval 0
STAT 32:touch_hits 0
STAT 33:chunk_size 129376
STAT 33:chunks_per_page 8
STAT 33:total_pages 2
STAT 33:total_chunks 16
STAT 33:used_chunks 9
STAT 33:free_chunks 7
STAT 33:free_chunks_end 0
STAT 33:mem_requested 1021230
STAT 33:get_hits 2554
STAT 33:cmd_set 1
STAT 33:delete_hits 0
STAT 33:incr_hits 0
STAT 33:decr_hits 0
STAT 33:cas_hits 0
STAT 33:cas_badval 0
STAT 33:touch_hits 0
STAT 34:chunk_size 161720
STAT 34:chunks_per_page 6
STAT 34:total_pages 1
STAT 34:total_chunks 6
STAT 34:used_chunks 6
STAT 34:free_chunks 0
STAT 34:free_chunks_end 0
STAT 34:mem_requested 833733
STAT 34:get_hits 1287
STAT 34:cmd_set 0
STAT 34:delete_hits 0
STAT 34:incr_hits 0
STAT 34:decr_hits 0
STAT 34:cas_hits 0
STAT 34:cas_badval 0
STAT 34:touch_hits 0
STAT 35:chunk_size 202152
STAT 35:chunks_per_page 5
STAT 35:total_pages 1
STAT 35:total_chunks 5
STAT 35:used_chunks 5
STAT 35:free_chunks 0
STAT 35:free_chunks_end 0
STAT 35:mem_requested 884196
STAT 35:get_hits 1200
STAT 35:cmd_set 1
STAT 35:delete_hits 0
STAT 35:incr_hits 0
STAT 35:decr_hits 0
STAT 35:cas_hits 0
STAT 35:cas_badval 0
STAT 35:touch_hits 0
STAT 39:chunk_size 493552
STAT 39:chunks_per_page 2
STAT 39:total_pages 1
STAT 39:total_chunks 2
STAT 39:used_chunks 1
STAT 39:free_chunks 1
STAT 39:free_chunks_end 0
STAT 39:mem_requested 395269
STAT 39:get_hits 30
STAT 39:cmd_set 0
STAT 39:delete_hits 0
STAT 39:incr_hits 0
STAT 39:decr_hits 0
STAT 39:cas_hits 0
STAT 39:cas_badval 0
STAT 39:touch_hits 0
STAT active_slabs 36
STAT total_malloced 1952448512
END
