#type       avg     std     min     5th    10th    90th    95th    99th
read      230.9  2010.6    17.4    27.0    28.4    70.1    97.5  4263.4
update    277.6  2177.4    21.1    37.7    40.1    95.1   150.9  6544.4
op_q        1.0     0.0     1.0     1.0     1.0     1.1     1.1     1.1

Total QPS = 69942.4 (981774239 / 14036.9s)

Misses = 21774246 (2.3%)
Skipped TXs = 0 (0.0%)

RX 245441308118 bytes :   16.7 MB/s
TX 63442154399 bytes :    4.3 MB/s
_____________________
total record: 1000000_max: 1e+06
total record: 1000000_max: 1e+06
total record: 1000000_max: 1e+06
total record: 1000000_max: 1e+06
total record: 1000000_max: 1e+06
total record: 1000000_max: 1e+06
total record: 1000000_max: 1e+06
total record: 1000000_max: 1e+06
total record: 1000000_max: 1e+06
total record: 1000000_max: 1e+06
total record: 1000000_max: 1e+06
total record: 1000000_max: 1e+06
total record: 1000000_max: 1e+06
total record: 1000000_max: 1e+06
total record: 1000000_max: 1e+06
total record: 1000000_max: 1e+06
_____________________
_____________________
starting measure
stopping trace
mem_malloced: 1077936128
cache size base: 32
cache size base: 48
cache size base: 64
cache size base: 96
cache size base: 128
cache size base: 192
cache size base: 256
cache size base: 384
cache size base: 512
cache size base: 768
cache size base: 1024
cache size base: 1536
cache size base: 2048
cache size base: 3072
cache size base: 4096
cache size base: 6144
50	0.965063
64	0.945756
77	0.928800
108	0.889643
138	0.851655
201	0.775077
259	0.708861
388	0.572239
510	0.453757
765	0.262082
1010	0.142961
1524	0.039334
2026	0.011142
3053	0.008667
4075	0.008667
6124	0.008667
Objective value: 17.858208
latency bound: 0.187665
size.L1.0: 1739.352398
size.L2i.0: 3053.001061
mr.L1.0: 0.027240
mr.L2.0: 0.008667
lat.0: 0.187665
cost.0: 17.858208
L1 size is: 1740
starting slab monitoring
starting slab deallocate
stoping slab monitoring
---------------------
STAT pid 20820
STAT uptime 14062
STAT time 1471219687
STAT version 1.4.25
STAT libevent 2.0.21-stable
STAT pointer_size 64
STAT rusage_user 4215.424000
STAT rusage_system 10769.896000
STAT curr_connections 10
STAT total_connections 223
STAT connection_structures 27
STAT reserved_fds 20
STAT cmd_get 798460225
STAT cmd_set 7560689
STAT cmd_flush 0
STAT cmd_touch 0
STAT get_hits 790899538
STAT get_misses 7560687
STAT delete_misses 0
STAT delete_hits 0
STAT incr_misses 0
STAT incr_hits 0
STAT decr_misses 0
STAT decr_hits 0
STAT cas_misses 0
STAT cas_hits 0
STAT cas_badval 0
STAT touch_hits 0
STAT touch_misses 0
STAT auth_cmds 0
STAT auth_errors 0
STAT bytes_read 50000289129
STAT bytes_written 206041489627
STAT limit_maxbytes 1073741824
STAT accepting_conns 1
STAT listen_disabled_num 0
STAT time_in_listen_disabled_us 0
STAT threads 4
STAT conn_yields 0
STAT hash_power_level 22
STAT hash_bytes 33554432
STAT hash_is_expanding 0
STAT slab_reassign_rescues 0
STAT slab_reassign_evictions_nomem 0
STAT slab_reassign_inline_reclaim 0
STAT slab_reassign_busy_items 0
STAT slab_reassign_running 0
STAT slabs_moved 0
STAT slabs_removed 0
STAT malloc_fails 0
STAT bytes 1622434262
STAT curr_items 5433469
STAT total_items 7560689
STAT expired_unfetched 0
STAT evicted_unfetched 2844320
STAT evictions 5317799
STAT reclaimed 0
STAT crawler_reclaimed 0
STAT crawler_items_checked 0
STAT lrutail_reflocked 0
END
---------------------
STAT 1:chunk_size 96
STAT 1:chunks_per_page 10922
STAT 1:total_pages 46
STAT 1:total_chunks 502412
STAT 1:used_chunks 502412
STAT 1:free_chunks 0
STAT 1:free_chunks_end 0
STAT 1:mem_requested 46477671
STAT 1:get_hits 72142853
STAT 1:cmd_set 672192
STAT 1:delete_hits 0
STAT 1:incr_hits 0
STAT 1:decr_hits 0
STAT 1:cas_hits 0
STAT 1:cas_badval 0
STAT 1:touch_hits 0
STAT 2:chunk_size 120
STAT 2:chunks_per_page 8738
STAT 2:total_pages 195
STAT 2:total_chunks 1703910
STAT 2:used_chunks 1703910
STAT 2:free_chunks 0
STAT 2:free_chunks_end 0
STAT 2:mem_requested 182227244
STAT 2:get_hits 248438406
STAT 2:cmd_set 2388490
STAT 2:delete_hits 0
STAT 2:incr_hits 0
STAT 2:decr_hits 0
STAT 2:cas_hits 0
STAT 2:cas_badval 0
STAT 2:touch_hits 0
STAT 3:chunk_size 152
STAT 3:chunks_per_page 6898
STAT 3:total_pages 92
STAT 3:total_chunks 634616
STAT 3:used_chunks 634616
STAT 3:free_chunks 0
STAT 3:free_chunks_end 0
STAT 3:mem_requested 84739546
STAT 3:get_hits 92222856
STAT 3:cmd_set 888317
STAT 3:delete_hits 0
STAT 3:incr_hits 0
STAT 3:decr_hits 0
STAT 3:cas_hits 0
STAT 3:cas_badval 0
STAT 3:touch_hits 0
STAT 4:chunk_size 192
STAT 4:chunks_per_page 5461
STAT 4:total_pages 76
STAT 4:total_chunks 415036
STAT 4:used_chunks 415036
STAT 4:free_chunks 0
STAT 4:free_chunks_end 0
STAT 4:mem_requested 71125228
STAT 4:get_hits 60751011
STAT 4:cmd_set 580740
STAT 4:delete_hits 0
STAT 4:incr_hits 0
STAT 4:decr_hits 0
STAT 4:cas_hits 0
STAT 4:cas_badval 0
STAT 4:touch_hits 0
STAT 5:chunk_size 240
STAT 5:chunks_per_page 4369
STAT 5:total_pages 87
STAT 5:total_chunks 380103
STAT 5:used_chunks 380103
STAT 5:free_chunks 0
STAT 5:free_chunks_end 0
STAT 5:mem_requested 81990452
STAT 5:get_hits 55124096
STAT 5:cmd_set 525121
STAT 5:delete_hits 0
STAT 5:incr_hits 0
STAT 5:decr_hits 0
STAT 5:cas_hits 0
STAT 5:cas_badval 0
STAT 5:touch_hits 0
STAT 6:chunk_size 304
STAT 6:chunks_per_page 3449
STAT 6:total_pages 110
STAT 6:total_chunks 379390
STAT 6:used_chunks 379390
STAT 6:free_chunks 0
STAT 6:free_chunks_end 0
STAT 6:mem_requested 102750505
STAT 6:get_hits 55417025
STAT 6:cmd_set 532604
STAT 6:delete_hits 0
STAT 6:incr_hits 0
STAT 6:decr_hits 0
STAT 6:cas_hits 0
STAT 6:cas_badval 0
STAT 6:touch_hits 0
STAT 7:chunk_size 384
STAT 7:chunks_per_page 2730
STAT 7:total_pages 124
STAT 7:total_chunks 338520
STAT 7:used_chunks 338520
STAT 7:free_chunks 0
STAT 7:free_chunks_end 0
STAT 7:mem_requested 115809690
STAT 7:get_hits 49417506
STAT 7:cmd_set 470650
STAT 7:delete_hits 0
STAT 7:incr_hits 0
STAT 7:decr_hits 0
STAT 7:cas_hits 0
STAT 7:cas_badval 0
STAT 7:touch_hits 0
STAT 8:chunk_size 480
STAT 8:chunks_per_page 2184
STAT 8:total_pages 127
STAT 8:total_chunks 277368
STAT 8:used_chunks 277368
STAT 8:free_chunks 0
STAT 8:free_chunks_end 0
STAT 8:mem_requested 119079828
STAT 8:get_hits 40408429
STAT 8:cmd_set 385387
STAT 8:delete_hits 0
STAT 8:incr_hits 0
STAT 8:decr_hits 0
STAT 8:cas_hits 0
STAT 8:cas_badval 0
STAT 8:touch_hits 0
STAT 9:chunk_size 600
STAT 9:chunks_per_page 1747
STAT 9:total_pages 129
STAT 9:total_chunks 225363
STAT 9:used_chunks 225363
STAT 9:free_chunks 0
STAT 9:free_chunks_end 0
STAT 9:mem_requested 120779510
STAT 9:get_hits 32748428
STAT 9:cmd_set 315769
STAT 9:delete_hits 0
STAT 9:incr_hits 0
STAT 9:decr_hits 0
STAT 9:cas_hits 0
STAT 9:cas_badval 0
STAT 9:touch_hits 0
STAT 10:chunk_size 752
STAT 10:chunks_per_page 1394
STAT 10:total_pages 128
STAT 10:total_chunks 178432
STAT 10:used_chunks 178432
STAT 10:free_chunks 0
STAT 10:free_chunks_end 0
STAT 10:mem_requested 119595882
STAT 10:get_hits 26224197
STAT 10:cmd_set 249435
STAT 10:delete_hits 0
STAT 10:incr_hits 0
STAT 10:decr_hits 0
STAT 10:cas_hits 0
STAT 10:cas_badval 0
STAT 10:touch_hits 0
STAT 11:chunk_size 944
STAT 11:chunks_per_page 1110
STAT 11:total_pages 120
STAT 11:total_chunks 133200
STAT 11:used_chunks 133200
STAT 11:free_chunks 0
STAT 11:free_chunks_end 0
STAT 11:mem_requested 111825682
STAT 11:get_hits 19478891
STAT 11:cmd_set 185339
STAT 11:delete_hits 0
STAT 11:incr_hits 0
STAT 11:decr_hits 0
STAT 11:cas_hits 0
STAT 11:cas_badval 0
STAT 11:touch_hits 0
STAT 12:chunk_size 1184
STAT 12:chunks_per_page 885
STAT 12:total_pages 106
STAT 12:total_chunks 93810
STAT 12:used_chunks 93810
STAT 12:free_chunks 0
STAT 12:free_chunks_end 0
STAT 12:mem_requested 98747359
STAT 12:get_hits 13753013
STAT 12:cmd_set 130286
STAT 12:delete_hits 0
STAT 12:incr_hits 0
STAT 12:decr_hits 0
STAT 12:cas_hits 0
STAT 12:cas_badval 0
STAT 12:touch_hits 0
STAT 13:chunk_size 1480
STAT 13:chunks_per_page 708
STAT 13:total_pages 90
STAT 13:total_chunks 63720
STAT 13:used_chunks 63720
STAT 13:free_chunks 0
STAT 13:free_chunks_end 0
STAT 13:mem_requested 83952366
STAT 13:get_hits 9207298
STAT 13:cmd_set 88077
STAT 13:delete_hits 0
STAT 13:incr_hits 0
STAT 13:decr_hits 0
STAT 13:cas_hits 0
STAT 13:cas_badval 0
STAT 13:touch_hits 0
STAT 14:chunk_size 1856
STAT 14:chunks_per_page 564
STAT 14:total_pages 75
STAT 14:total_chunks 42300
STAT 14:used_chunks 42300
STAT 14:free_chunks 0
STAT 14:free_chunks_end 0
STAT 14:mem_requested 69690216
STAT 14:get_hits 6137055
STAT 14:cmd_set 58498
STAT 14:delete_hits 0
STAT 14:incr_hits 0
STAT 14:decr_hits 0
STAT 14:cas_hits 0
STAT 14:cas_badval 0
STAT 14:touch_hits 0
STAT 15:chunk_size 2320
STAT 15:chunks_per_page 451
STAT 15:total_pages 57
STAT 15:total_chunks 25707
STAT 15:used_chunks 25707
STAT 15:free_chunks 0
STAT 15:free_chunks_end 0
STAT 15:mem_requested 52983504
STAT 15:get_hits 3708743
STAT 15:cmd_set 36214
STAT 15:delete_hits 0
STAT 15:incr_hits 0
STAT 15:decr_hits 0
STAT 15:cas_hits 0
STAT 15:cas_badval 0
STAT 15:touch_hits 0
STAT 16:chunk_size 2904
STAT 16:chunks_per_page 361
STAT 16:total_pages 44
STAT 16:total_chunks 15884
STAT 16:used_chunks 15884
STAT 16:free_chunks 0
STAT 16:free_chunks_end 0
STAT 16:mem_requested 40963173
STAT 16:get_hits 2318421
STAT 16:cmd_set 22184
STAT 16:delete_hits 0
STAT 16:incr_hits 0
STAT 16:decr_hits 0
STAT 16:cas_hits 0
STAT 16:cas_badval 0
STAT 16:touch_hits 0
STAT 17:chunk_size 3632
STAT 17:chunks_per_page 288
STAT 17:total_pages 34
STAT 17:total_chunks 9792
STAT 17:used_chunks 9792
STAT 17:free_chunks 0
STAT 17:free_chunks_end 0
STAT 17:mem_requested 31546822
STAT 17:get_hits 1402867
STAT 17:cmd_set 13436
STAT 17:delete_hits 0
STAT 17:incr_hits 0
STAT 17:decr_hits 0
STAT 17:cas_hits 0
STAT 17:cas_badval 0
STAT 17:touch_hits 0
STAT 18:chunk_size 4544
STAT 18:chunks_per_page 230
STAT 18:total_pages 25
STAT 18:total_chunks 5750
STAT 18:used_chunks 5750
STAT 18:free_chunks 0
STAT 18:free_chunks_end 0
STAT 18:mem_requested 23195658
STAT 18:get_hits 844242
STAT 18:cmd_set 7930
STAT 18:delete_hits 0
STAT 18:incr_hits 0
STAT 18:decr_hits 0
STAT 18:cas_hits 0
STAT 18:cas_badval 0
STAT 18:touch_hits 0
STAT 19:chunk_size 5680
STAT 19:chunks_per_page 184
STAT 19:total_pages 18
STAT 19:total_chunks 3312
STAT 19:used_chunks 3312
STAT 19:free_chunks 0
STAT 19:free_chunks_end 0
STAT 19:mem_requested 16680279
STAT 19:get_hits 494938
STAT 19:cmd_set 4476
STAT 19:delete_hits 0
STAT 19:incr_hits 0
STAT 19:decr_hits 0
STAT 19:cas_hits 0
STAT 19:cas_badval 0
STAT 19:touch_hits 0
STAT 20:chunk_size 7104
STAT 20:chunks_per_page 147
STAT 20:total_pages 14
STAT 20:total_chunks 2058
STAT 20:used_chunks 2058
STAT 20:free_chunks 0
STAT 20:free_chunks_end 0
STAT 20:mem_requested 12965777
STAT 20:get_hits 278966
STAT 20:cmd_set 2503
STAT 20:delete_hits 0
STAT 20:incr_hits 0
STAT 20:decr_hits 0
STAT 20:cas_hits 0
STAT 20:cas_badval 0
STAT 20:touch_hits 0
STAT 21:chunk_size 8880
STAT 21:chunks_per_page 118
STAT 21:total_pages 10
STAT 21:total_chunks 1180
STAT 21:used_chunks 1180
STAT 21:free_chunks 0
STAT 21:free_chunks_end 0
STAT 21:mem_requested 9293881
STAT 21:get_hits 168118
STAT 21:cmd_set 1409
STAT 21:delete_hits 0
STAT 21:incr_hits 0
STAT 21:decr_hits 0
STAT 21:cas_hits 0
STAT 21:cas_badval 0
STAT 21:touch_hits 0
STAT 22:chunk_size 11104
STAT 22:chunks_per_page 94
STAT 22:total_pages 7
STAT 22:total_chunks 658
STAT 22:used_chunks 658
STAT 22:free_chunks 0
STAT 22:free_chunks_end 0
STAT 22:mem_requested 6465236
STAT 22:get_hits 94563
STAT 22:cmd_set 731
STAT 22:delete_hits 0
STAT 22:incr_hits 0
STAT 22:decr_hits 0
STAT 22:cas_hits 0
STAT 22:cas_badval 0
STAT 22:touch_hits 0
STAT 23:chunk_size 13880
STAT 23:chunks_per_page 75
STAT 23:total_pages 5
STAT 23:total_chunks 375
STAT 23:used_chunks 375
STAT 23:free_chunks 0
STAT 23:free_chunks_end 0
STAT 23:mem_requested 4607862
STAT 23:get_hits 54160
STAT 23:cmd_set 410
STAT 23:delete_hits 0
STAT 23:incr_hits 0
STAT 23:decr_hits 0
STAT 23:cas_hits 0
STAT 23:cas_badval 0
STAT 23:touch_hits 0
STAT 24:chunk_size 17352
STAT 24:chunks_per_page 60
STAT 24:total_pages 4
STAT 24:total_chunks 240
STAT 24:used_chunks 240
STAT 24:free_chunks 0
STAT 24:free_chunks_end 0
STAT 24:mem_requested 3677236
STAT 24:get_hits 27710
STAT 24:cmd_set 235
STAT 24:delete_hits 0
STAT 24:incr_hits 0
STAT 24:decr_hits 0
STAT 24:cas_hits 0
STAT 24:cas_badval 0
STAT 24:touch_hits 0
STAT 25:chunk_size 21696
STAT 25:chunks_per_page 48
STAT 25:total_pages 2
STAT 25:total_chunks 96
STAT 25:used_chunks 96
STAT 25:free_chunks 0
STAT 25:free_chunks_end 0
STAT 25:mem_requested 1842380
STAT 25:get_hits 13523
STAT 25:cmd_set 111
STAT 25:delete_hits 0
STAT 25:incr_hits 0
STAT 25:decr_hits 0
STAT 25:cas_hits 0
STAT 25:cas_badval 0
STAT 25:touch_hits 0
STAT 26:chunk_size 27120
STAT 26:chunks_per_page 38
STAT 26:total_pages 2
STAT 26:total_chunks 76
STAT 26:used_chunks 76
STAT 26:free_chunks 0
STAT 26:free_chunks_end 0
STAT 26:mem_requested 1835982
STAT 26:get_hits 7588
STAT 26:cmd_set 70
STAT 26:delete_hits 0
STAT 26:incr_hits 0
STAT 26:decr_hits 0
STAT 26:cas_hits 0
STAT 26:cas_badval 0
STAT 26:touch_hits 0
STAT 27:chunk_size 33904
STAT 27:chunks_per_page 30
STAT 27:total_pages 2
STAT 27:total_chunks 60
STAT 27:used_chunks 60
STAT 27:free_chunks 0
STAT 27:free_chunks_end 0
STAT 27:mem_requested 1808082
STAT 27:get_hits 6049
STAT 27:cmd_set 35
STAT 27:delete_hits 0
STAT 27:incr_hits 0
STAT 27:decr_hits 0
STAT 27:cas_hits 0
STAT 27:cas_badval 0
STAT 27:touch_hits 0
STAT 28:chunk_size 42384
STAT 28:chunks_per_page 24
STAT 28:total_pages 2
STAT 28:total_chunks 48
STAT 28:used_chunks 41
STAT 28:free_chunks 7
STAT 28:free_chunks_end 0
STAT 28:mem_requested 1584036
STAT 28:get_hits 3820
STAT 28:cmd_set 17
STAT 28:delete_hits 0
STAT 28:incr_hits 0
STAT 28:decr_hits 0
STAT 28:cas_hits 0
STAT 28:cas_badval 0
STAT 28:touch_hits 0
STAT 29:chunk_size 52984
STAT 29:chunks_per_page 19
STAT 29:total_pages 2
STAT 29:total_chunks 38
STAT 29:used_chunks 28
STAT 29:free_chunks 10
STAT 29:free_chunks_end 0
STAT 29:mem_requested 1285332
STAT 29:get_hits 2783
STAT 29:cmd_set 12
STAT 29:delete_hits 0
STAT 29:incr_hits 0
STAT 29:decr_hits 0
STAT 29:cas_hits 0
STAT 29:cas_badval 0
STAT 29:touch_hits 0
STAT 30:chunk_size 66232
STAT 30:chunks_per_page 15
STAT 30:total_pages 1
STAT 30:total_chunks 15
STAT 30:used_chunks 15
STAT 30:free_chunks 0
STAT 30:free_chunks_end 0
STAT 30:mem_requested 875869
STAT 30:get_hits 1079
STAT 30:cmd_set 7
STAT 30:delete_hits 0
STAT 30:incr_hits 0
STAT 30:decr_hits 0
STAT 30:cas_hits 0
STAT 30:cas_badval 0
STAT 30:touch_hits 0
STAT 31:chunk_size 82792
STAT 31:chunks_per_page 12
STAT 31:total_pages 1
STAT 31:total_chunks 12
STAT 31:used_chunks 6
STAT 31:free_chunks 6
STAT 31:free_chunks_end 0
STAT 31:mem_requested 443757
STAT 31:get_hits 236
STAT 31:cmd_set 1
STAT 31:delete_hits 0
STAT 31:incr_hits 0
STAT 31:decr_hits 0
STAT 31:cas_hits 0
STAT 31:cas_badval 0
STAT 31:touch_hits 0
STAT 32:chunk_size 103496
STAT 32:chunks_per_page 10
STAT 32:total_pages 1
STAT 32:total_chunks 10
STAT 32:used_chunks 5
STAT 32:free_chunks 5
STAT 32:free_chunks_end 0
STAT 32:mem_requested 486869
STAT 32:get_hits 177
STAT 32:cmd_set 2
STAT 32:delete_hits 0
STAT 32:incr_hits 0
STAT 32:decr_hits 0
STAT 32:cas_hits 0
STAT 32:cas_badval 0
STAT 32:touch_hits 0
STAT 33:chunk_size 129376
STAT 33:chunks_per_page 8
STAT 33:total_pages 1
STAT 33:total_chunks 8
STAT 33:used_chunks 3
STAT 33:free_chunks 5
STAT 33:free_chunks_end 0
STAT 33:mem_requested 349264
STAT 33:get_hits 82
STAT 33:cmd_set 1
STAT 33:delete_hits 0
STAT 33:incr_hits 0
STAT 33:decr_hits 0
STAT 33:cas_hits 0
STAT 33:cas_badval 0
STAT 33:touch_hits 0
STAT 34:chunk_size 161720
STAT 34:chunks_per_page 6
STAT 34:total_pages 1
STAT 34:total_chunks 6
STAT 34:used_chunks 1
STAT 34:free_chunks 5
STAT 34:free_chunks_end 0
STAT 34:mem_requested 145113
STAT 34:get_hits 188
STAT 34:cmd_set 0
STAT 34:delete_hits 0
STAT 34:incr_hits 0
STAT 34:decr_hits 0
STAT 34:cas_hits 0
STAT 34:cas_badval 0
STAT 34:touch_hits 0
STAT 37:chunk_size 315872
STAT 37:chunks_per_page 3
STAT 37:total_pages 1
STAT 37:total_chunks 3
STAT 37:used_chunks 1
STAT 37:free_chunks 2
STAT 37:free_chunks_end 0
STAT 37:mem_requested 277997
STAT 37:get_hits 218
STAT 37:cmd_set 0
STAT 37:delete_hits 0
STAT 37:incr_hits 0
STAT 37:decr_hits 0
STAT 37:cas_hits 0
STAT 37:cas_badval 0
STAT 37:touch_hits 0
STAT 38:chunk_size 394840
STAT 38:chunks_per_page 2
STAT 38:total_pages 1
STAT 38:total_chunks 2
STAT 38:used_chunks 1
STAT 38:free_chunks 1
STAT 38:free_chunks_end 0
STAT 38:mem_requested 328974
STAT 38:get_hits 3
STAT 38:cmd_set 0
STAT 38:delete_hits 0
STAT 38:incr_hits 0
STAT 38:decr_hits 0
STAT 38:cas_hits 0
STAT 38:cas_badval 0
STAT 38:touch_hits 0
STAT active_slabs 36
STAT total_malloced 1824522240
END
