#type       avg     std     min     5th    10th    90th    95th    99th
read       35.2   115.9    19.2    28.4    28.8    40.4    41.0    52.2
update     47.7   193.7    21.1    36.3    38.2    54.2    55.2    62.2
op_q        1.0     0.0     1.0     1.0     1.0     1.1     1.1     1.1

Total QPS = 116547.5 (867104683 / 7439.9s)

Misses = 107104687 (14.1%)
Skipped TXs = 0 (0.0%)

RX 246743987484 bytes :   31.6 MB/s
TX 74003836319 bytes :    9.5 MB/s
_____________________
Using the existing distribution file: zipf-1.150000.dist
Using the existing distribution file: zipf-1.150000.dist
Using the existing distribution file: zipf-1.150000.dist
Using the existing distribution file: zipf-1.150000.dist
Finished reading in the distribution
Generating and stroing the rest of zipfian: range: 4000000000
Finished writing the distribution data
scale is: 7.01281range is: 4000000000
total record: 4000000000_max: 4e+09
Finished reading in the distribution
Generating and stroing the rest of zipfian: range: 4000000000
Finished writing the distribution data
scale is: 7.01281range is: 4000000000
total record: 4000000000_max: 4e+09
Finished reading in the distribution
Generating and stroing the rest of zipfian: range: 4000000000
Finished writing the distribution data
scale is: 7.01281range is: 4000000000
total record: 4000000000_max: 4e+09
Finished reading in the distribution
Generating and stroing the rest of zipfian: range: 4000000000
Finished writing the distribution data
scale is: 7.01281range is: 4000000000
total record: 4000000000_max: 4e+09
_____________________
_____________________
starting measure
stopping trace
mem_malloced: 1076887552
cache size base: 32
cache size base: 48
cache size base: 64
cache size base: 96
cache size base: 128
cache size base: 192
cache size base: 256
cache size base: 384
cache size base: 512
cache size base: 768
cache size base: 1024
cache size base: 1536
cache size base: 2048
cache size base: 3072
cache size base: 4096
cache size base: 6144
cache size base: 8192
cache size base: 12288
cache size base: 16384
cache size base: 24576
50	0.188337
64	0.172171
77	0.163451
107	0.149803
138	0.140845
201	0.129245
259	0.122237
388	0.112223
509	0.105835
765	0.097206
1009	0.091548
1523	0.083720
2026	0.078583
3052	0.072142
4079	0.068312
6125	0.064309
8174	0.062763
12272	0.062504
16366	0.062504
24559	0.062504
Objective value: 5.318382
latency bound: 0.740000
size.L1.0: 63.999989
size.L2i.0: 7131.681479
mr.L1.0: 0.172171
mr.L2.0: 0.063549
lat.0: 0.740000
cost.0: 5.318382
L1 size is: 64
starting slab monitoring
starting slab deallocate
stoping slab monitoring
---------------------
STAT pid 19000
STAT uptime 7556
STAT time 1471196360
STAT version 1.4.25
STAT libevent 2.0.21-stable
STAT pointer_size 64
STAT rusage_user 6765.476000
STAT rusage_system 12546.124000
STAT curr_connections 10
STAT total_connections 2
STAT connection_structures 14
STAT reserved_fds 20
STAT cmd_get 397713396
STAT cmd_set 74922545
STAT cmd_flush 0
STAT cmd_touch 0
STAT get_hits 322790856
STAT get_misses 74922540
STAT delete_misses 0
STAT delete_hits 0
STAT incr_misses 0
STAT incr_hits 0
STAT decr_misses 0
STAT decr_hits 0
STAT cas_misses 0
STAT cas_hits 0
STAT cas_badval 0
STAT touch_hits 0
STAT touch_misses 0
STAT auth_cmds 0
STAT auth_errors 0
STAT bytes_read 43675986233
STAT bytes_written 176003244860
STAT limit_maxbytes 1073741824
STAT accepting_conns 1
STAT listen_disabled_num 0
STAT time_in_listen_disabled_us 0
STAT threads 4
STAT conn_yields 0
STAT hash_power_level 22
STAT hash_bytes 33554432
STAT hash_is_expanding 0
STAT slab_reassign_rescues 0
STAT slab_reassign_evictions_nomem 0
STAT slab_reassign_inline_reclaim 0
STAT slab_reassign_busy_items 0
STAT slab_reassign_running 1
STAT slabs_moved 0
STAT slabs_removed 0
STAT malloc_fails 0
STAT bytes 59140619
STAT curr_items 112248
STAT total_items 74922545
STAT expired_unfetched 0
STAT evicted_unfetched 62537720
STAT evictions 74832325
STAT reclaimed 0
STAT crawler_reclaimed 0
STAT crawler_items_checked 0
STAT lrutail_reflocked 1271
END
---------------------
STAT 1:chunk_size 96
STAT 1:chunks_per_page 10922
STAT 1:total_pages 2
STAT 1:total_chunks 21844
STAT 1:used_chunks 21844
STAT 1:free_chunks 0
STAT 1:free_chunks_end 0
STAT 1:mem_requested 2021060
STAT 1:get_hits 39925441
STAT 1:cmd_set 6376686
STAT 1:delete_hits 0
STAT 1:incr_hits 0
STAT 1:decr_hits 0
STAT 1:cas_hits 0
STAT 1:cas_badval 0
STAT 1:touch_hits 0
STAT 2:chunk_size 120
STAT 2:chunks_per_page 8738
STAT 2:total_pages 1
STAT 2:total_chunks 8738
STAT 2:used_chunks 8738
STAT 2:free_chunks 0
STAT 2:free_chunks_end 0
STAT 2:mem_requested 934741
STAT 2:get_hits 30345272
STAT 2:cmd_set 23919442
STAT 2:delete_hits 0
STAT 2:incr_hits 0
STAT 2:decr_hits 0
STAT 2:cas_hits 0
STAT 2:cas_badval 0
STAT 2:touch_hits 0
STAT 3:chunk_size 152
STAT 3:chunks_per_page 6898
STAT 3:total_pages 1
STAT 3:total_chunks 6898
STAT 3:used_chunks 6898
STAT 3:free_chunks 0
STAT 3:free_chunks_end 0
STAT 3:mem_requested 920205
STAT 3:get_hits 19360936
STAT 3:cmd_set 8821774
STAT 3:delete_hits 0
STAT 3:incr_hits 0
STAT 3:decr_hits 0
STAT 3:cas_hits 0
STAT 3:cas_badval 0
STAT 3:touch_hits 0
STAT 4:chunk_size 192
STAT 4:chunks_per_page 5461
STAT 4:total_pages 1
STAT 4:total_chunks 5461
STAT 4:used_chunks 5461
STAT 4:free_chunks 0
STAT 4:free_chunks_end 0
STAT 4:mem_requested 935963
STAT 4:get_hits 15911818
STAT 4:cmd_set 5764263
STAT 4:delete_hits 0
STAT 4:incr_hits 0
STAT 4:decr_hits 0
STAT 4:cas_hits 0
STAT 4:cas_badval 0
STAT 4:touch_hits 0
STAT 5:chunk_size 240
STAT 5:chunks_per_page 4369
STAT 5:total_pages 2
STAT 5:total_chunks 8738
STAT 5:used_chunks 8738
STAT 5:free_chunks 0
STAT 5:free_chunks_end 0
STAT 5:mem_requested 1884519
STAT 5:get_hits 26877098
STAT 5:cmd_set 5204456
STAT 5:delete_hits 0
STAT 5:incr_hits 0
STAT 5:decr_hits 0
STAT 5:cas_hits 0
STAT 5:cas_badval 0
STAT 5:touch_hits 0
STAT 6:chunk_size 304
STAT 6:chunks_per_page 3449
STAT 6:total_pages 2
STAT 6:total_chunks 6898
STAT 6:used_chunks 6898
STAT 6:free_chunks 0
STAT 6:free_chunks_end 0
STAT 6:mem_requested 1866846
STAT 6:get_hits 21842369
STAT 6:cmd_set 5289490
STAT 6:delete_hits 0
STAT 6:incr_hits 0
STAT 6:decr_hits 0
STAT 6:cas_hits 0
STAT 6:cas_badval 0
STAT 6:touch_hits 0
STAT 7:chunk_size 384
STAT 7:chunks_per_page 2730
STAT 7:total_pages 6
STAT 7:total_chunks 16380
STAT 7:used_chunks 16380
STAT 7:free_chunks 0
STAT 7:free_chunks_end 0
STAT 7:mem_requested 5602721
STAT 7:get_hits 51503446
STAT 7:cmd_set 4675959
STAT 7:delete_hits 0
STAT 7:incr_hits 0
STAT 7:decr_hits 0
STAT 7:cas_hits 0
STAT 7:cas_badval 0
STAT 7:touch_hits 0
STAT 8:chunk_size 480
STAT 8:chunks_per_page 2184
STAT 8:total_pages 5
STAT 8:total_chunks 10920
STAT 8:used_chunks 10920
STAT 8:free_chunks 0
STAT 8:free_chunks_end 0
STAT 8:mem_requested 4685937
STAT 8:get_hits 33426941
STAT 8:cmd_set 3817694
STAT 8:delete_hits 0
STAT 8:incr_hits 0
STAT 8:decr_hits 0
STAT 8:cas_hits 0
STAT 8:cas_badval 0
STAT 8:touch_hits 0
STAT 9:chunk_size 600
STAT 9:chunks_per_page 1747
STAT 9:total_pages 3
STAT 9:total_chunks 5241
STAT 9:used_chunks 5241
STAT 9:free_chunks 0
STAT 9:free_chunks_end 0
STAT 9:mem_requested 2808204
STAT 9:get_hits 16788151
STAT 9:cmd_set 3125540
STAT 9:delete_hits 0
STAT 9:incr_hits 0
STAT 9:decr_hits 0
STAT 9:cas_hits 0
STAT 9:cas_badval 0
STAT 9:touch_hits 0
STAT 10:chunk_size 752
STAT 10:chunks_per_page 1394
STAT 10:total_pages 5
STAT 10:total_chunks 6970
STAT 10:used_chunks 6970
STAT 10:free_chunks 0
STAT 10:free_chunks_end 0
STAT 10:mem_requested 4670549
STAT 10:get_hits 21970105
STAT 10:cmd_set 2464104
STAT 10:delete_hits 0
STAT 10:incr_hits 0
STAT 10:decr_hits 0
STAT 10:cas_hits 0
STAT 10:cas_badval 0
STAT 10:touch_hits 0
STAT 11:chunk_size 944
STAT 11:chunks_per_page 1110
STAT 11:total_pages 5
STAT 11:total_chunks 5550
STAT 11:used_chunks 5550
STAT 11:free_chunks 0
STAT 11:free_chunks_end 0
STAT 11:mem_requested 4658338
STAT 11:get_hits 17731861
STAT 11:cmd_set 1838038
STAT 11:delete_hits 0
STAT 11:incr_hits 0
STAT 11:decr_hits 0
STAT 11:cas_hits 0
STAT 11:cas_badval 0
STAT 11:touch_hits 0
STAT 12:chunk_size 1184
STAT 12:chunks_per_page 885
STAT 12:total_pages 3
STAT 12:total_chunks 2655
STAT 12:used_chunks 2655
STAT 12:free_chunks 0
STAT 12:free_chunks_end 0
STAT 12:mem_requested 2787163
STAT 12:get_hits 7509184
STAT 12:cmd_set 1291471
STAT 12:delete_hits 0
STAT 12:incr_hits 0
STAT 12:decr_hits 0
STAT 12:cas_hits 0
STAT 12:cas_badval 0
STAT 12:touch_hits 0
STAT 13:chunk_size 1480
STAT 13:chunks_per_page 708
STAT 13:total_pages 2
STAT 13:total_chunks 1416
STAT 13:used_chunks 1416
STAT 13:free_chunks 0
STAT 13:free_chunks_end 0
STAT 13:mem_requested 1863753
STAT 13:get_hits 4410876
STAT 13:cmd_set 869263
STAT 13:delete_hits 0
STAT 13:incr_hits 0
STAT 13:decr_hits 0
STAT 13:cas_hits 0
STAT 13:cas_badval 0
STAT 13:touch_hits 0
STAT 14:chunk_size 1856
STAT 14:chunks_per_page 564
STAT 14:total_pages 2
STAT 14:total_chunks 1128
STAT 14:used_chunks 1128
STAT 14:free_chunks 0
STAT 14:free_chunks_end 0
STAT 14:mem_requested 1861500
STAT 14:get_hits 3449891
STAT 14:cmd_set 576416
STAT 14:delete_hits 0
STAT 14:incr_hits 0
STAT 14:decr_hits 0
STAT 14:cas_hits 0
STAT 14:cas_badval 0
STAT 14:touch_hits 0
STAT 15:chunk_size 2320
STAT 15:chunks_per_page 451
STAT 15:total_pages 3
STAT 15:total_chunks 1353
STAT 15:used_chunks 1353
STAT 15:free_chunks 0
STAT 15:free_chunks_end 0
STAT 15:mem_requested 2787133
STAT 15:get_hits 4277049
STAT 15:cmd_set 358412
STAT 15:delete_hits 0
STAT 15:incr_hits 0
STAT 15:decr_hits 0
STAT 15:cas_hits 0
STAT 15:cas_badval 0
STAT 15:touch_hits 0
STAT 16:chunk_size 2904
STAT 16:chunks_per_page 361
STAT 16:total_pages 1
STAT 16:total_chunks 361
STAT 16:used_chunks 361
STAT 16:free_chunks 0
STAT 16:free_chunks_end 0
STAT 16:mem_requested 924518
STAT 16:get_hits 1381787
STAT 16:cmd_set 221339
STAT 16:delete_hits 0
STAT 16:incr_hits 0
STAT 16:decr_hits 0
STAT 16:cas_hits 0
STAT 16:cas_badval 0
STAT 16:touch_hits 0
STAT 17:chunk_size 3632
STAT 17:chunks_per_page 288
STAT 17:total_pages 2
STAT 17:total_chunks 576
STAT 17:used_chunks 576
STAT 17:free_chunks 0
STAT 17:free_chunks_end 0
STAT 17:mem_requested 1855876
STAT 17:get_hits 2084359
STAT 17:cmd_set 131820
STAT 17:delete_hits 0
STAT 17:incr_hits 0
STAT 17:decr_hits 0
STAT 17:cas_hits 0
STAT 17:cas_badval 0
STAT 17:touch_hits 0
STAT 18:chunk_size 4544
STAT 18:chunks_per_page 230
STAT 18:total_pages 1
STAT 18:total_chunks 230
STAT 18:used_chunks 230
STAT 18:free_chunks 0
STAT 18:free_chunks_end 0
STAT 18:mem_requested 926110
STAT 18:get_hits 516850
STAT 18:cmd_set 76964
STAT 18:delete_hits 0
STAT 18:incr_hits 0
STAT 18:decr_hits 0
STAT 18:cas_hits 0
STAT 18:cas_badval 0
STAT 18:touch_hits 0
STAT 19:chunk_size 5680
STAT 19:chunks_per_page 184
STAT 19:total_pages 1
STAT 19:total_chunks 184
STAT 19:used_chunks 184
STAT 19:free_chunks 0
STAT 19:free_chunks_end 0
STAT 19:mem_requested 934514
STAT 19:get_hits 693900
STAT 19:cmd_set 43700
STAT 19:delete_hits 0
STAT 19:incr_hits 0
STAT 19:decr_hits 0
STAT 19:cas_hits 0
STAT 19:cas_badval 0
STAT 19:touch_hits 0
STAT 20:chunk_size 7104
STAT 20:chunks_per_page 147
STAT 20:total_pages 1
STAT 20:total_chunks 147
STAT 20:used_chunks 147
STAT 20:free_chunks 0
STAT 20:free_chunks_end 0
STAT 20:mem_requested 919564
STAT 20:get_hits 251282
STAT 20:cmd_set 24975
STAT 20:delete_hits 0
STAT 20:incr_hits 0
STAT 20:decr_hits 0
STAT 20:cas_hits 0
STAT 20:cas_badval 0
STAT 20:touch_hits 0
STAT 21:chunk_size 8880
STAT 21:chunks_per_page 118
STAT 21:total_pages 1
STAT 21:total_chunks 118
STAT 21:used_chunks 118
STAT 21:free_chunks 0
STAT 21:free_chunks_end 0
STAT 21:mem_requested 925013
STAT 21:get_hits 210800
STAT 21:cmd_set 13889
STAT 21:delete_hits 0
STAT 21:incr_hits 0
STAT 21:decr_hits 0
STAT 21:cas_hits 0
STAT 21:cas_badval 0
STAT 21:touch_hits 0
STAT 22:chunk_size 11104
STAT 22:chunks_per_page 94
STAT 22:total_pages 1
STAT 22:total_chunks 94
STAT 22:used_chunks 94
STAT 22:free_chunks 0
STAT 22:free_chunks_end 0
STAT 22:mem_requested 915507
STAT 22:get_hits 214484
STAT 22:cmd_set 7733
STAT 22:delete_hits 0
STAT 22:incr_hits 0
STAT 22:decr_hits 0
STAT 22:cas_hits 0
STAT 22:cas_badval 0
STAT 22:touch_hits 0
STAT 23:chunk_size 13880
STAT 23:chunks_per_page 75
STAT 23:total_pages 1
STAT 23:total_chunks 75
STAT 23:used_chunks 75
STAT 23:free_chunks 0
STAT 23:free_chunks_end 0
STAT 23:mem_requested 922325
STAT 23:get_hits 589689
STAT 23:cmd_set 4083
STAT 23:delete_hits 0
STAT 23:incr_hits 0
STAT 23:decr_hits 0
STAT 23:cas_hits 0
STAT 23:cas_badval 0
STAT 23:touch_hits 0
STAT 24:chunk_size 17352
STAT 24:chunks_per_page 60
STAT 24:total_pages 1
STAT 24:total_chunks 60
STAT 24:used_chunks 60
STAT 24:free_chunks 0
STAT 24:free_chunks_end 0
STAT 24:mem_requested 925794
STAT 24:get_hits 192375
STAT 24:cmd_set 2336
STAT 24:delete_hits 0
STAT 24:incr_hits 0
STAT 24:decr_hits 0
STAT 24:cas_hits 0
STAT 24:cas_badval 0
STAT 24:touch_hits 0
STAT 25:chunk_size 21696
STAT 25:chunks_per_page 48
STAT 25:total_pages 1
STAT 25:total_chunks 48
STAT 25:used_chunks 48
STAT 25:free_chunks 0
STAT 25:free_chunks_end 0
STAT 25:mem_requested 933993
STAT 25:get_hits 1071248
STAT 25:cmd_set 1239
STAT 25:delete_hits 0
STAT 25:incr_hits 0
STAT 25:decr_hits 0
STAT 25:cas_hits 0
STAT 25:cas_badval 0
STAT 25:touch_hits 0
STAT 26:chunk_size 27120
STAT 26:chunks_per_page 38
STAT 26:total_pages 1
STAT 26:total_chunks 38
STAT 26:used_chunks 38
STAT 26:free_chunks 0
STAT 26:free_chunks_end 0
STAT 26:mem_requested 924550
STAT 26:get_hits 115690
STAT 26:cmd_set 700
STAT 26:delete_hits 0
STAT 26:incr_hits 0
STAT 26:decr_hits 0
STAT 26:cas_hits 0
STAT 26:cas_badval 0
STAT 26:touch_hits 0
STAT 27:chunk_size 33904
STAT 27:chunks_per_page 30
STAT 27:total_pages 1
STAT 27:total_chunks 30
STAT 27:used_chunks 30
STAT 27:free_chunks 0
STAT 27:free_chunks_end 0
STAT 27:mem_requested 915550
STAT 27:get_hits 83917
STAT 27:cmd_set 372
STAT 27:delete_hits 0
STAT 27:incr_hits 0
STAT 27:decr_hits 0
STAT 27:cas_hits 0
STAT 27:cas_badval 0
STAT 27:touch_hits 0
STAT 28:chunk_size 42384
STAT 28:chunks_per_page 24
STAT 28:total_pages 1
STAT 28:total_chunks 24
STAT 28:used_chunks 24
STAT 28:free_chunks 0
STAT 28:free_chunks_end 0
STAT 28:mem_requested 916527
STAT 28:get_hits 16027
STAT 28:cmd_set 202
STAT 28:delete_hits 0
STAT 28:incr_hits 0
STAT 28:decr_hits 0
STAT 28:cas_hits 0
STAT 28:cas_badval 0
STAT 28:touch_hits 0
STAT 29:chunk_size 52984
STAT 29:chunks_per_page 19
STAT 29:total_pages 1
STAT 29:total_chunks 19
STAT 29:used_chunks 19
STAT 29:free_chunks 0
STAT 29:free_chunks_end 0
STAT 29:mem_requested 918052
STAT 29:get_hits 13831
STAT 29:cmd_set 81
STAT 29:delete_hits 0
STAT 29:incr_hits 0
STAT 29:decr_hits 0
STAT 29:cas_hits 0
STAT 29:cas_badval 0
STAT 29:touch_hits 0
STAT 30:chunk_size 66232
STAT 30:chunks_per_page 15
STAT 30:total_pages 1
STAT 30:total_chunks 15
STAT 30:used_chunks 15
STAT 30:free_chunks 0
STAT 30:free_chunks_end 0
STAT 30:mem_requested 860498
STAT 30:get_hits 15846
STAT 30:cmd_set 45
STAT 30:delete_hits 0
STAT 30:incr_hits 0
STAT 30:decr_hits 0
STAT 30:cas_hits 0
STAT 30:cas_badval 0
STAT 30:touch_hits 0
STAT 31:chunk_size 82792
STAT 31:chunks_per_page 12
STAT 31:total_pages 1
STAT 31:total_chunks 12
STAT 31:used_chunks 12
STAT 31:free_chunks 0
STAT 31:free_chunks_end 0
STAT 31:mem_requested 898273
STAT 31:get_hits 957
STAT 31:cmd_set 26
STAT 31:delete_hits 0
STAT 31:incr_hits 0
STAT 31:decr_hits 0
STAT 31:cas_hits 0
STAT 31:cas_badval 0
STAT 31:touch_hits 0
STAT 32:chunk_size 103496
STAT 32:chunks_per_page 10
STAT 32:total_pages 1
STAT 32:total_chunks 10
STAT 32:used_chunks 10
STAT 32:free_chunks 0
STAT 32:free_chunks_end 0
STAT 32:mem_requested 905707
STAT 32:get_hits 4120
STAT 32:cmd_set 12
STAT 32:delete_hits 0
STAT 32:incr_hits 0
STAT 32:decr_hits 0
STAT 32:cas_hits 0
STAT 32:cas_badval 0
STAT 32:touch_hits 0
STAT 33:chunk_size 129376
STAT 33:chunks_per_page 8
STAT 33:total_pages 1
STAT 33:total_chunks 8
STAT 33:used_chunks 8
STAT 33:free_chunks 0
STAT 33:free_chunks_end 0
STAT 33:mem_requested 907484
STAT 33:get_hits 3052
STAT 33:cmd_set 15
STAT 33:delete_hits 0
STAT 33:incr_hits 0
STAT 33:decr_hits 0
STAT 33:cas_hits 0
STAT 33:cas_badval 0
STAT 33:touch_hits 0
STAT 34:chunk_size 161720
STAT 34:chunks_per_page 6
STAT 34:total_pages 1
STAT 34:total_chunks 6
STAT 34:used_chunks 6
STAT 34:free_chunks 0
STAT 34:free_chunks_end 0
STAT 34:mem_requested 871973
STAT 34:get_hits 152
STAT 34:cmd_set 4
STAT 34:delete_hits 0
STAT 34:incr_hits 0
STAT 34:decr_hits 0
STAT 34:cas_hits 0
STAT 34:cas_badval 0
STAT 34:touch_hits 0
STAT 35:chunk_size 202152
STAT 35:chunks_per_page 5
STAT 35:total_pages 1
STAT 35:total_chunks 5
STAT 35:used_chunks 2
STAT 35:free_chunks 3
STAT 35:free_chunks_end 0
STAT 35:mem_requested 338887
STAT 35:get_hits 1
STAT 35:cmd_set 1
STAT 35:delete_hits 0
STAT 35:incr_hits 0
STAT 35:decr_hits 0
STAT 35:cas_hits 0
STAT 35:cas_badval 0
STAT 35:touch_hits 0
STAT 36:chunk_size 252696
STAT 36:chunks_per_page 4
STAT 36:total_pages 1
STAT 36:total_chunks 4
STAT 36:used_chunks 1
STAT 36:free_chunks 3
STAT 36:free_chunks_end 0
STAT 36:mem_requested 211272
STAT 36:get_hits 51
STAT 36:cmd_set 1
STAT 36:delete_hits 0
STAT 36:incr_hits 0
STAT 36:decr_hits 0
STAT 36:cas_hits 0
STAT 36:cas_badval 0
STAT 36:touch_hits 0
STAT active_slabs 36
STAT total_malloced 68157440
END
