_____________________
Using the existing distribution file: zipf-1.150000.dist
Using the existing distribution file: zipf-1.150000.dist
Using the existing distribution file: zipf-1.150000.distUsing the existing distribution file: zipf-1.150000.dist

Finished reading in the distribution
Generating and stroing the rest of zipfian: range: 4000000000
Finished writing the distribution data
scale is: 7.01281range is: 4000000000
total record: 4000000000_max: 4e+09
Finished reading in the distribution
Generating and stroing the rest of zipfian: range: 4000000000
Finished writing the distribution data
scale is: 7.01281range is: 4000000000
total record: 4000000000_max: 4e+09
Finished reading in the distribution
Generating and stroing the rest of zipfian: range: 4000000000
Finished writing the distribution data
scale is: 7.01281range is: 4000000000
total record: 4000000000_max: 4e+09
Finished reading in the distribution
Generating and stroing the rest of zipfian: range: 4000000000
Finished writing the distribution data
scale is: 7.01281range is: 4000000000
total record: 4000000000_max: 4e+09
Connection.cc(290): BEV_EVENT_ERROR: Connection reset by peer
Connection.cc(290): BEV_EVENT_ERROR: Connection reset by peer
Connection.cc(290): BEV_EVENT_ERROR: Connection reset by peer
_____________________
50	0.188358
64	0.172188
77	0.163468
108	0.149589
138	0.140857
202	0.129170
263	0.122169
390	0.112032
518	0.105668
772	0.097600
1034	0.092847
1534	0.088296
2058	0.086736
3082	0.086639
4106	0.086639
_____________________
starting measure
stopping trace
mem_malloced: 1073741824
cache size base: 32
cache size base: 48
cache size base: 64
cache size base: 96
cache size base: 128
cache size base: 192
cache size base: 256
cache size base: 384
cache size base: 512
cache size base: 768
cache size base: 1024
cache size base: 1536
cache size base: 2048
cache size base: 3072
cache size base: 4096
LP infeasible	 exiting!
---------------------

---------------------

