got new connection
socket address: 0x100007f
, socket port: 0x10c5
reading 0x1094b30 
mrc size is : 17
#type       avg     std     min     5th    10th    90th    95th    99th
read       33.5     7.9    21.1    28.2    28.5    39.3    40.5    48.8
update     47.1    11.3    23.2    37.5    39.6    54.5    57.3    62.3
op_q        1.0     0.0     1.0     1.0     1.0     1.1     1.1     1.1

Total QPS = 115394.5 (866580757 / 7509.7s)

Misses = 66580761 (8.3%)
Skipped TXs = 0 (0.0%)

RX 158191956346 bytes :   20.1 MB/s
TX 65795616057 bytes :    8.4 MB/s
size.L1.0: 1389.143994
size.L2i.0: 4081.028500
mr.L1.0: 0.090557
mr.L2.0: 0.081596
lat.0: 0.908694
cost.0: 15.353439
_____________________
address: 0x1094930	0
parent process
Using the existing distribution file: Using the existing distribution file: zipf-1.150000.dist
zipf-1.150000.dist
Using the existing distribution file: zipf-1.150000.dist
Using the existing distribution file: zipf-1.150000.dist
Finished reading in the distribution
Generating and stroing the rest of zipfian: range: 4000000000
Finished writing the distribution data
scale is: 7.01281range is: 4000000000
total record: 4000000000_max: 4e+09
Finished reading in the distribution
Generating and stroing the rest of zipfian: range: 4000000000
Finished writing the distribution data
scale is: 7.01281range is: 4000000000
total record: 4000000000_max: 4e+09
Finished reading in the distribution
Generating and stroing the rest of zipfian: range: 4000000000
Finished writing the distribution data
scale is: 7.01281range is: 4000000000
total record: 4000000000_max: 4e+09
Finished reading in the distribution
Generating and stroing the rest of zipfian: range: 4000000000
Finished writing the distribution data
scale is: 7.01281range is: 4000000000
total record: 4000000000_max: 4e+09
clear address: 0x1094930	0
50	0.188473
64	0.17231
77	0.16362
108	0.149867
138	0.14122
202	0.12976
259	0.123049
389	0.113443
510	0.107489
766	0.0997473
1010	0.0949648
1525	0.0889778
2028	0.0856192
3054	0.0824023
4081	0.0815957
6127	0.0815946
8176	0.0815946
mrc_computed: 1	1
generating and solving lp
0	created the model
0	added MR constraints
0	objective function set	solving:
Objective value: 15.353439
latency bound: 0.908694
mutilate is done
_____________________
STAT 1:chunk_size 96
STAT 1:chunks_per_page 10922
STAT 1:total_pages 37
STAT 1:total_chunks 404114
STAT 1:used_chunks 404114
STAT 1:free_chunks 0
STAT 1:free_chunks_end 0
STAT 1:mem_requested 37382400
STAT 1:get_hits 54812635
STAT 1:cmd_set 4924666
STAT 1:delete_hits 0
STAT 1:incr_hits 0
STAT 1:decr_hits 0
STAT 1:cas_hits 0
STAT 1:cas_badval 0
STAT 1:touch_hits 0
STAT 2:chunk_size 120
STAT 2:chunks_per_page 8738
STAT 2:total_pages 155
STAT 2:total_chunks 1354390
STAT 2:used_chunks 1354390
STAT 2:free_chunks 0
STAT 2:free_chunks_end 0
STAT 2:mem_requested 144821283
STAT 2:get_hits 327060184
STAT 2:cmd_set 17322772
STAT 2:delete_hits 0
STAT 2:incr_hits 0
STAT 2:decr_hits 0
STAT 2:cas_hits 0
STAT 2:cas_badval 0
STAT 2:touch_hits 0
STAT 3:chunk_size 152
STAT 3:chunks_per_page 6898
STAT 3:total_pages 73
STAT 3:total_chunks 503554
STAT 3:used_chunks 503554
STAT 3:free_chunks 0
STAT 3:free_chunks_end 0
STAT 3:mem_requested 67231830
STAT 3:get_hits 37387593
STAT 3:cmd_set 6454163
STAT 3:delete_hits 0
STAT 3:incr_hits 0
STAT 3:decr_hits 0
STAT 3:cas_hits 0
STAT 3:cas_badval 0
STAT 3:touch_hits 0
STAT 4:chunk_size 192
STAT 4:chunks_per_page 5461
STAT 4:total_pages 61
STAT 4:total_chunks 333121
STAT 4:used_chunks 333121
STAT 4:free_chunks 0
STAT 4:free_chunks_end 0
STAT 4:mem_requested 57084746
STAT 4:get_hits 35246611
STAT 4:cmd_set 4220942
STAT 4:delete_hits 0
STAT 4:incr_hits 0
STAT 4:decr_hits 0
STAT 4:cas_hits 0
STAT 4:cas_badval 0
STAT 4:touch_hits 0
STAT 5:chunk_size 240
STAT 5:chunks_per_page 4369
STAT 5:total_pages 69
STAT 5:total_chunks 301461
STAT 5:used_chunks 301461
STAT 5:free_chunks 0
STAT 5:free_chunks_end 0
STAT 5:mem_requested 65026042
STAT 5:get_hits 24137376
STAT 5:cmd_set 3814759
STAT 5:delete_hits 0
STAT 5:incr_hits 0
STAT 5:decr_hits 0
STAT 5:cas_hits 0
STAT 5:cas_badval 0
STAT 5:touch_hits 0
STAT 6:chunk_size 304
STAT 6:chunks_per_page 3449
STAT 6:total_pages 88
STAT 6:total_chunks 303512
STAT 6:used_chunks 303512
STAT 6:free_chunks 0
STAT 6:free_chunks_end 0
STAT 6:mem_requested 82182411
STAT 6:get_hits 27636797
STAT 6:cmd_set 3873487
STAT 6:delete_hits 0
STAT 6:incr_hits 0
STAT 6:decr_hits 0
STAT 6:cas_hits 0
STAT 6:cas_badval 0
STAT 6:touch_hits 0
STAT 7:chunk_size 384
STAT 7:chunks_per_page 2730
STAT 7:total_pages 99
STAT 7:total_chunks 270270
STAT 7:used_chunks 270270
STAT 7:free_chunks 0
STAT 7:free_chunks_end 0
STAT 7:mem_requested 92448463
STAT 7:get_hits 25451637
STAT 7:cmd_set 3426551
STAT 7:delete_hits 0
STAT 7:incr_hits 0
STAT 7:decr_hits 0
STAT 7:cas_hits 0
STAT 7:cas_badval 0
STAT 7:touch_hits 0
STAT 8:chunk_size 480
STAT 8:chunks_per_page 2184
STAT 8:total_pages 101
STAT 8:total_chunks 220584
STAT 8:used_chunks 220584
STAT 8:free_chunks 0
STAT 8:free_chunks_end 0
STAT 8:mem_requested 94679581
STAT 8:get_hits 17403044
STAT 8:cmd_set 2796429
STAT 8:delete_hits 0
STAT 8:incr_hits 0
STAT 8:decr_hits 0
STAT 8:cas_hits 0
STAT 8:cas_badval 0
STAT 8:touch_hits 0
STAT 9:chunk_size 600
STAT 9:chunks_per_page 1747
STAT 9:total_pages 103
STAT 9:total_chunks 179941
STAT 9:used_chunks 179941
STAT 9:free_chunks 0
STAT 9:free_chunks_end 0
STAT 9:mem_requested 96421171
STAT 9:get_hits 20354603
STAT 9:cmd_set 2288734
STAT 9:delete_hits 0
STAT 9:incr_hits 0
STAT 9:decr_hits 0
STAT 9:cas_hits 0
STAT 9:cas_badval 0
STAT 9:touch_hits 0
STAT 10:chunk_size 752
STAT 10:chunks_per_page 1394
STAT 10:total_pages 101
STAT 10:total_chunks 140794
STAT 10:used_chunks 140794
STAT 10:free_chunks 0
STAT 10:free_chunks_end 0
STAT 10:mem_requested 94348506
STAT 10:get_hits 11189151
STAT 10:cmd_set 1808878
STAT 10:delete_hits 0
STAT 10:incr_hits 0
STAT 10:decr_hits 0
STAT 10:cas_hits 0
STAT 10:cas_badval 0
STAT 10:touch_hits 0
STAT 11:chunk_size 944
STAT 11:chunks_per_page 1110
STAT 11:total_pages 96
STAT 11:total_chunks 106560
STAT 11:used_chunks 106560
STAT 11:free_chunks 0
STAT 11:free_chunks_end 0
STAT 11:mem_requested 89473813
STAT 11:get_hits 7146017
STAT 11:cmd_set 1347396
STAT 11:delete_hits 0
STAT 11:incr_hits 0
STAT 11:decr_hits 0
STAT 11:cas_hits 0
STAT 11:cas_badval 0
STAT 11:touch_hits 0
STAT 12:chunk_size 1184
STAT 12:chunks_per_page 885
STAT 12:total_pages 84
STAT 12:total_chunks 74340
STAT 12:used_chunks 74340
STAT 12:free_chunks 0
STAT 12:free_chunks_end 0
STAT 12:mem_requested 78245980
STAT 12:get_hits 5094165
STAT 12:cmd_set 948001
STAT 12:delete_hits 0
STAT 12:incr_hits 0
STAT 12:decr_hits 0
STAT 12:cas_hits 0
STAT 12:cas_badval 0
STAT 12:touch_hits 0
STAT 13:chunk_size 1480
STAT 13:chunks_per_page 708
STAT 13:total_pages 71
STAT 13:total_chunks 50268
STAT 13:used_chunks 50268
STAT 13:free_chunks 0
STAT 13:free_chunks_end 0
STAT 13:mem_requested 66179148
STAT 13:get_hits 14175542
STAT 13:cmd_set 637260
STAT 13:delete_hits 0
STAT 13:incr_hits 0
STAT 13:decr_hits 0
STAT 13:cas_hits 0
STAT 13:cas_badval 0
STAT 13:touch_hits 0
STAT 14:chunk_size 1856
STAT 14:chunks_per_page 564
STAT 14:total_pages 60
STAT 14:total_chunks 33840
STAT 14:used_chunks 33840
STAT 14:free_chunks 0
STAT 14:free_chunks_end 0
STAT 14:mem_requested 55762321
STAT 14:get_hits 7095714
STAT 14:cmd_set 422615
STAT 14:delete_hits 0
STAT 14:incr_hits 0
STAT 14:decr_hits 0
STAT 14:cas_hits 0
STAT 14:cas_badval 0
STAT 14:touch_hits 0
STAT 15:chunk_size 2320
STAT 15:chunks_per_page 451
STAT 15:total_pages 46
STAT 15:total_chunks 20746
STAT 15:used_chunks 20746
STAT 15:free_chunks 0
STAT 15:free_chunks_end 0
STAT 15:mem_requested 42772776
STAT 15:get_hits 1477012
STAT 15:cmd_set 263025
STAT 15:delete_hits 0
STAT 15:incr_hits 0
STAT 15:decr_hits 0
STAT 15:cas_hits 0
STAT 15:cas_badval 0
STAT 15:touch_hits 0
STAT 16:chunk_size 2904
STAT 16:chunks_per_page 361
STAT 16:total_pages 37
STAT 16:total_chunks 13357
STAT 16:used_chunks 13357
STAT 16:free_chunks 0
STAT 16:free_chunks_end 0
STAT 16:mem_requested 34442723
STAT 16:get_hits 900526
STAT 16:cmd_set 161829
STAT 16:delete_hits 0
STAT 16:incr_hits 0
STAT 16:decr_hits 0
STAT 16:cas_hits 0
STAT 16:cas_badval 0
STAT 16:touch_hits 0
STAT 17:chunk_size 3632
STAT 17:chunks_per_page 288
STAT 17:total_pages 27
STAT 17:total_chunks 7776
STAT 17:used_chunks 7776
STAT 17:free_chunks 0
STAT 17:free_chunks_end 0
STAT 17:mem_requested 25074174
STAT 17:get_hits 353677
STAT 17:cmd_set 96979
STAT 17:delete_hits 0
STAT 17:incr_hits 0
STAT 17:decr_hits 0
STAT 17:cas_hits 0
STAT 17:cas_badval 0
STAT 17:touch_hits 0
STAT 18:chunk_size 4544
STAT 18:chunks_per_page 230
STAT 18:total_pages 20
STAT 18:total_chunks 4600
STAT 18:used_chunks 4600
STAT 18:free_chunks 0
STAT 18:free_chunks_end 0
STAT 18:mem_requested 18528183
STAT 18:get_hits 216483
STAT 18:cmd_set 56201
STAT 18:delete_hits 0
STAT 18:incr_hits 0
STAT 18:decr_hits 0
STAT 18:cas_hits 0
STAT 18:cas_badval 0
STAT 18:touch_hits 0
STAT 19:chunk_size 5680
STAT 19:chunks_per_page 184
STAT 19:total_pages 15
STAT 19:total_chunks 2760
STAT 19:used_chunks 2760
STAT 19:free_chunks 0
STAT 19:free_chunks_end 0
STAT 19:mem_requested 13918783
STAT 19:get_hits 100165
STAT 19:cmd_set 32350
STAT 19:delete_hits 0
STAT 19:incr_hits 0
STAT 19:decr_hits 0
STAT 19:cas_hits 0
STAT 19:cas_badval 0
STAT 19:touch_hits 0
STAT 20:chunk_size 7104
STAT 20:chunks_per_page 147
STAT 20:total_pages 11
STAT 20:total_chunks 1617
STAT 20:used_chunks 1617
STAT 20:free_chunks 0
STAT 20:free_chunks_end 0
STAT 20:mem_requested 10194118
STAT 20:get_hits 617633
STAT 20:cmd_set 18272
STAT 20:delete_hits 0
STAT 20:incr_hits 0
STAT 20:decr_hits 0
STAT 20:cas_hits 0
STAT 20:cas_badval 0
STAT 20:touch_hits 0
STAT 21:chunk_size 8880
STAT 21:chunks_per_page 118
STAT 21:total_pages 9
STAT 21:total_chunks 1062
STAT 21:used_chunks 1062
STAT 21:free_chunks 0
STAT 21:free_chunks_end 0
STAT 21:mem_requested 8364381
STAT 21:get_hits 20136
STAT 21:cmd_set 10292
STAT 21:delete_hits 0
STAT 21:incr_hits 0
STAT 21:decr_hits 0
STAT 21:cas_hits 0
STAT 21:cas_badval 0
STAT 21:touch_hits 0
STAT 22:chunk_size 11104
STAT 22:chunks_per_page 94
STAT 22:total_pages 6
STAT 22:total_chunks 564
STAT 22:used_chunks 564
STAT 22:free_chunks 0
STAT 22:free_chunks_end 0
STAT 22:mem_requested 5545151
STAT 22:get_hits 10471
STAT 22:cmd_set 5643
STAT 22:delete_hits 0
STAT 22:incr_hits 0
STAT 22:decr_hits 0
STAT 22:cas_hits 0
STAT 22:cas_badval 0
STAT 22:touch_hits 0
STAT 23:chunk_size 13880
STAT 23:chunks_per_page 75
STAT 23:total_pages 4
STAT 23:total_chunks 300
STAT 23:used_chunks 300
STAT 23:free_chunks 0
STAT 23:free_chunks_end 0
STAT 23:mem_requested 3687097
STAT 23:get_hits 24074
STAT 23:cmd_set 3076
STAT 23:delete_hits 0
STAT 23:incr_hits 0
STAT 23:decr_hits 0
STAT 23:cas_hits 0
STAT 23:cas_badval 0
STAT 23:touch_hits 0
STAT 24:chunk_size 17352
STAT 24:chunks_per_page 60
STAT 24:total_pages 3
STAT 24:total_chunks 180
STAT 24:used_chunks 180
STAT 24:free_chunks 0
STAT 24:free_chunks_end 0
STAT 24:mem_requested 2751416
STAT 24:get_hits 3678
STAT 24:cmd_set 1683
STAT 24:delete_hits 0
STAT 24:incr_hits 0
STAT 24:decr_hits 0
STAT 24:cas_hits 0
STAT 24:cas_badval 0
STAT 24:touch_hits 0
STAT 25:chunk_size 21696
STAT 25:chunks_per_page 48
STAT 25:total_pages 3
STAT 25:total_chunks 144
STAT 25:used_chunks 144
STAT 25:free_chunks 0
STAT 25:free_chunks_end 0
STAT 25:mem_requested 2777733
STAT 25:get_hits 1524
STAT 25:cmd_set 879
STAT 25:delete_hits 0
STAT 25:incr_hits 0
STAT 25:decr_hits 0
STAT 25:cas_hits 0
STAT 25:cas_badval 0
STAT 25:touch_hits 0
STAT 26:chunk_size 27120
STAT 26:chunks_per_page 38
STAT 26:total_pages 2
STAT 26:total_chunks 76
STAT 26:used_chunks 76
STAT 26:free_chunks 0
STAT 26:free_chunks_end 0
STAT 26:mem_requested 1834778
STAT 26:get_hits 669
STAT 26:cmd_set 517
STAT 26:delete_hits 0
STAT 26:incr_hits 0
STAT 26:decr_hits 0
STAT 26:cas_hits 0
STAT 26:cas_badval 0
STAT 26:touch_hits 0
STAT 27:chunk_size 33904
STAT 27:chunks_per_page 30
STAT 27:total_pages 2
STAT 27:total_chunks 60
STAT 27:used_chunks 60
STAT 27:free_chunks 0
STAT 27:free_chunks_end 0
STAT 27:mem_requested 1786395
STAT 27:get_hits 555
STAT 27:cmd_set 276
STAT 27:delete_hits 0
STAT 27:incr_hits 0
STAT 27:decr_hits 0
STAT 27:cas_hits 0
STAT 27:cas_badval 0
STAT 27:touch_hits 0
STAT 28:chunk_size 42384
STAT 28:chunks_per_page 24
STAT 28:total_pages 2
STAT 28:total_chunks 48
STAT 28:used_chunks 48
STAT 28:free_chunks 0
STAT 28:free_chunks_end 0
STAT 28:mem_requested 1776961
STAT 28:get_hits 246
STAT 28:cmd_set 125
STAT 28:delete_hits 0
STAT 28:incr_hits 0
STAT 28:decr_hits 0
STAT 28:cas_hits 0
STAT 28:cas_badval 0
STAT 28:touch_hits 0
STAT 29:chunk_size 52984
STAT 29:chunks_per_page 19
STAT 29:total_pages 1
STAT 29:total_chunks 19
STAT 29:used_chunks 19
STAT 29:free_chunks 0
STAT 29:free_chunks_end 0
STAT 29:mem_requested 879075
STAT 29:get_hits 156
STAT 29:cmd_set 77
STAT 29:delete_hits 0
STAT 29:incr_hits 0
STAT 29:decr_hits 0
STAT 29:cas_hits 0
STAT 29:cas_badval 0
STAT 29:touch_hits 0
STAT 30:chunk_size 66232
STAT 30:chunks_per_page 15
STAT 30:total_pages 1
STAT 30:total_chunks 15
STAT 30:used_chunks 15
STAT 30:free_chunks 0
STAT 30:free_chunks_end 0
STAT 30:mem_requested 870082
STAT 30:get_hits 39
STAT 30:cmd_set 46
STAT 30:delete_hits 0
STAT 30:incr_hits 0
STAT 30:decr_hits 0
STAT 30:cas_hits 0
STAT 30:cas_badval 0
STAT 30:touch_hits 0
STAT 31:chunk_size 82792
STAT 31:chunks_per_page 12
STAT 31:total_pages 1
STAT 31:total_chunks 12
STAT 31:used_chunks 12
STAT 31:free_chunks 0
STAT 31:free_chunks_end 0
STAT 31:mem_requested 886273
STAT 31:get_hits 39
STAT 31:cmd_set 10
STAT 31:delete_hits 0
STAT 31:incr_hits 0
STAT 31:decr_hits 0
STAT 31:cas_hits 0
STAT 31:cas_badval 0
STAT 31:touch_hits 0
STAT 32:chunk_size 103496
STAT 32:chunks_per_page 10
STAT 32:total_pages 1
STAT 32:total_chunks 10
STAT 32:used_chunks 10
STAT 32:free_chunks 0
STAT 32:free_chunks_end 0
STAT 32:mem_requested 926771
STAT 32:get_hits 4
STAT 32:cmd_set 14
STAT 32:delete_hits 0
STAT 32:incr_hits 0
STAT 32:decr_hits 0
STAT 32:cas_hits 0
STAT 32:cas_badval 0
STAT 32:touch_hits 0
STAT 33:chunk_size 129376
STAT 33:chunks_per_page 8
STAT 33:total_pages 1
STAT 33:total_chunks 8
STAT 33:used_chunks 5
STAT 33:free_chunks 3
STAT 33:free_chunks_end 0
STAT 33:mem_requested 553775
STAT 33:get_hits 33
STAT 33:cmd_set 3
STAT 33:delete_hits 0
STAT 33:incr_hits 0
STAT 33:decr_hits 0
STAT 33:cas_hits 0
STAT 33:cas_badval 0
STAT 33:touch_hits 0
STAT 34:chunk_size 161720
STAT 34:chunks_per_page 6
STAT 34:total_pages 1
STAT 34:total_chunks 6
STAT 34:used_chunks 5
STAT 34:free_chunks 1
STAT 34:free_chunks_end 0
STAT 34:mem_requested 727675
STAT 34:get_hits 19
STAT 34:cmd_set 4
STAT 34:delete_hits 0
STAT 34:incr_hits 0
STAT 34:decr_hits 0
STAT 34:cas_hits 0
STAT 34:cas_badval 0
STAT 34:touch_hits 0
STAT 35:chunk_size 202152
STAT 35:chunks_per_page 5
STAT 35:total_pages 1
STAT 35:total_chunks 5
STAT 35:used_chunks 1
STAT 35:free_chunks 4
STAT 35:free_chunks_end 0
STAT 35:mem_requested 198455
STAT 35:get_hits 0
STAT 35:cmd_set 1
STAT 35:delete_hits 0
STAT 35:incr_hits 0
STAT 35:decr_hits 0
STAT 35:cas_hits 0
STAT 35:cas_badval 0
STAT 35:touch_hits 0
STAT 36:chunk_size 252696
STAT 36:chunks_per_page 4
STAT 36:total_pages 1
STAT 36:total_chunks 4
STAT 36:used_chunks 1
STAT 36:free_chunks 3
STAT 36:free_chunks_end 0
STAT 36:mem_requested 246042
STAT 36:get_hits 4
STAT 36:cmd_set 1
STAT 36:delete_hits 0
STAT 36:incr_hits 0
STAT 36:decr_hits 0
STAT 36:cas_hits 0
STAT 36:cas_badval 0
STAT 36:touch_hits 0
STAT 37:chunk_size 315872
STAT 37:chunks_per_page 3
STAT 37:total_pages 1
STAT 37:total_chunks 3
STAT 37:used_chunks 1
STAT 37:free_chunks 2
STAT 37:free_chunks_end 0
STAT 37:mem_requested 263201
STAT 37:get_hits 0
STAT 37:cmd_set 1
STAT 37:delete_hits 0
STAT 37:incr_hits 0
STAT 37:decr_hits 0
STAT 37:cas_hits 0
STAT 37:cas_badval 0
STAT 37:touch_hits 0
STAT active_slabs 37
STAT total_malloced 1460226008
END
********************
STAT pid 29587
STAT uptime 7513
STAT time 1471013992
STAT version 1.4.25
STAT libevent 2.0.21-stable
STAT pointer_size 64
STAT rusage_user 4088.084000
STAT rusage_system 12409.684000
STAT curr_connections 10
STAT total_connections 2
STAT connection_structures 15
STAT reserved_fds 20
STAT cmd_get 672856168
STAT cmd_set 54937957
STAT cmd_flush 0
STAT cmd_touch 0
STAT get_hits 617918212
STAT get_misses 54937956
STAT delete_misses 0
STAT delete_hits 0
STAT incr_misses 0
STAT incr_hits 0
STAT decr_misses 0
STAT decr_hits 0
STAT cas_misses 0
STAT cas_hits 0
STAT cas_badval 0
STAT touch_hits 0
STAT touch_misses 0
STAT auth_cmds 0
STAT auth_errors 0
STAT bytes_read 55059471966
STAT bytes_written 133245175158
STAT limit_maxbytes 1073741824
STAT accepting_conns 1
STAT listen_disabled_num 0
STAT time_in_listen_disabled_us 0
STAT threads 4
STAT conn_yields 0
STAT hash_power_level 22
STAT hash_bytes 33554432
STAT hash_is_expanding 0
STAT malloc_fails 0
STAT bytes 1300293713
STAT curr_items 4330108
STAT total_items 54937957
STAT expired_unfetched 0
STAT evicted_unfetched 47211585
STAT evictions 53770378
STAT reclaimed 0
STAT crawler_reclaimed 0
STAT crawler_items_checked 0
STAT lrutail_reflocked 0
END
