got new connection
socket address: 0x100007f
, socket port: 0xefc4
reading 0xbe6b30 
mrc size is : 11
#type       avg     std     min     5th    10th    90th    95th    99th
read       37.0    17.7    23.2    29.1    30.1    40.7    41.1    51.6
update     51.0    22.8    23.2    37.1    41.7    58.3    59.6    66.1
op_q        1.0     0.0     1.0     1.0     1.0     1.1     1.1     1.1

Total QPS = 113616.6 (13633993 / 120.0s)

Misses = 1614619 (13.4%)
Skipped TXs = 0 (0.0%)

RX 2426732727 bytes :   19.3 MB/s
TX 1150707724 bytes :    9.1 MB/s
size.L1.0: 174.534043
size.L2i.0: 524.995930
mr.L1.0: 0.140699
mr.L2.0: 0.127188
lat.0: 1.360508
cost.0: 1.937163
_____________________
address: 0xbe6930	0
parent process
Using the existing distribution file: zipf-1.150000.dist
Using the existing distribution file: zipf-1.150000.dist
Using the existing distribution file: zipf-1.150000.dist
Using the existing distribution file: zipf-1.150000.dist
Finished reading in the distribution
Generating and stroing the rest of zipfian: range: 4000000000
Finished writing the distribution data
scale is: 7.01281range is: 4000000000
total record: 4000000000_max: 4e+09
Finished reading in the distribution
Generating and stroing the rest of zipfian: range: 4000000000
Finished writing the distribution data
scale is: 7.01281range is: 4000000000
total record: 4000000000_max: 4e+09
Finished reading in the distribution
Generating and stroing the rest of zipfian: range: 4000000000
Finished writing the distribution data
scale is: 7.01281range is: 4000000000
total record: 4000000000_max: 4e+09
Finished reading in the distribution
Generating and stroing the rest of zipfian: range: 4000000000
Finished writing the distribution data
scale is: 7.01281range is: 4000000000
total record: 4000000000_max: 4e+09
clear address: 0xbe6930	0
50	0.189305
64	0.173953
77	0.165873
104	0.154358
139	0.145768
198	0.13735
269	0.13227
387	0.128197
525	0.127188
781	0.127187
1037	0.127187
mrc_computed: 1	1
generating and solving lp
0	created the model
0	added MR constraints
0	objective function set	solving:
Objective value: 1.937163
latency bound: 1.360508
mutilate is done
_____________________
STAT 1:chunk_size 96
STAT 1:chunks_per_page 10922
STAT 1:total_pages 7
STAT 1:total_chunks 76454
STAT 1:used_chunks 76454
STAT 1:free_chunks 0
STAT 1:free_chunks_end 0
STAT 1:mem_requested 7073243
STAT 1:get_hits 1110517
STAT 1:cmd_set 143947
STAT 1:delete_hits 0
STAT 1:incr_hits 0
STAT 1:decr_hits 0
STAT 1:cas_hits 0
STAT 1:cas_badval 0
STAT 1:touch_hits 0
STAT 2:chunk_size 120
STAT 2:chunks_per_page 8738
STAT 2:total_pages 28
STAT 2:total_chunks 244664
STAT 2:used_chunks 244664
STAT 2:free_chunks 0
STAT 2:free_chunks_end 0
STAT 2:mem_requested 26164073
STAT 2:get_hits 3419107
STAT 2:cmd_set 509651
STAT 2:delete_hits 0
STAT 2:incr_hits 0
STAT 2:decr_hits 0
STAT 2:cas_hits 0
STAT 2:cas_badval 0
STAT 2:touch_hits 0
STAT 3:chunk_size 152
STAT 3:chunks_per_page 6898
STAT 3:total_pages 13
STAT 3:total_chunks 89674
STAT 3:used_chunks 89674
STAT 3:free_chunks 0
STAT 3:free_chunks_end 0
STAT 3:mem_requested 11973666
STAT 3:get_hits 1580316
STAT 3:cmd_set 189493
STAT 3:delete_hits 0
STAT 3:incr_hits 0
STAT 3:decr_hits 0
STAT 3:cas_hits 0
STAT 3:cas_badval 0
STAT 3:touch_hits 0
STAT 4:chunk_size 192
STAT 4:chunks_per_page 5461
STAT 4:total_pages 11
STAT 4:total_chunks 60071
STAT 4:used_chunks 60071
STAT 4:free_chunks 0
STAT 4:free_chunks_end 0
STAT 4:mem_requested 10288179
STAT 4:get_hits 1005784
STAT 4:cmd_set 124290
STAT 4:delete_hits 0
STAT 4:incr_hits 0
STAT 4:decr_hits 0
STAT 4:cas_hits 0
STAT 4:cas_badval 0
STAT 4:touch_hits 0
STAT 5:chunk_size 240
STAT 5:chunks_per_page 4369
STAT 5:total_pages 13
STAT 5:total_chunks 56797
STAT 5:used_chunks 56797
STAT 5:free_chunks 0
STAT 5:free_chunks_end 0
STAT 5:mem_requested 12245277
STAT 5:get_hits 635318
STAT 5:cmd_set 112346
STAT 5:delete_hits 0
STAT 5:incr_hits 0
STAT 5:decr_hits 0
STAT 5:cas_hits 0
STAT 5:cas_badval 0
STAT 5:touch_hits 0
STAT 6:chunk_size 304
STAT 6:chunks_per_page 3449
STAT 6:total_pages 16
STAT 6:total_chunks 55184
STAT 6:used_chunks 55184
STAT 6:free_chunks 0
STAT 6:free_chunks_end 0
STAT 6:mem_requested 14936707
STAT 6:get_hits 474409
STAT 6:cmd_set 113644
STAT 6:delete_hits 0
STAT 6:incr_hits 0
STAT 6:decr_hits 0
STAT 6:cas_hits 0
STAT 6:cas_badval 0
STAT 6:touch_hits 0
STAT 7:chunk_size 384
STAT 7:chunks_per_page 2730
STAT 7:total_pages 18
STAT 7:total_chunks 49140
STAT 7:used_chunks 49140
STAT 7:free_chunks 0
STAT 7:free_chunks_end 0
STAT 7:mem_requested 16804020
STAT 7:get_hits 480249
STAT 7:cmd_set 100596
STAT 7:delete_hits 0
STAT 7:incr_hits 0
STAT 7:decr_hits 0
STAT 7:cas_hits 0
STAT 7:cas_badval 0
STAT 7:touch_hits 0
STAT 8:chunk_size 480
STAT 8:chunks_per_page 2184
STAT 8:total_pages 18
STAT 8:total_chunks 39312
STAT 8:used_chunks 39312
STAT 8:free_chunks 0
STAT 8:free_chunks_end 0
STAT 8:mem_requested 16883775
STAT 8:get_hits 266912
STAT 8:cmd_set 82309
STAT 8:delete_hits 0
STAT 8:incr_hits 0
STAT 8:decr_hits 0
STAT 8:cas_hits 0
STAT 8:cas_badval 0
STAT 8:touch_hits 0
STAT 9:chunk_size 600
STAT 9:chunks_per_page 1747
STAT 9:total_pages 18
STAT 9:total_chunks 31446
STAT 9:used_chunks 31446
STAT 9:free_chunks 0
STAT 9:free_chunks_end 0
STAT 9:mem_requested 16855480
STAT 9:get_hits 522694
STAT 9:cmd_set 66903
STAT 9:delete_hits 0
STAT 9:incr_hits 0
STAT 9:decr_hits 0
STAT 9:cas_hits 0
STAT 9:cas_badval 0
STAT 9:touch_hits 0
STAT 10:chunk_size 752
STAT 10:chunks_per_page 1394
STAT 10:total_pages 18
STAT 10:total_chunks 25092
STAT 10:used_chunks 25092
STAT 10:free_chunks 0
STAT 10:free_chunks_end 0
STAT 10:mem_requested 16821438
STAT 10:get_hits 177680
STAT 10:cmd_set 53290
STAT 10:delete_hits 0
STAT 10:incr_hits 0
STAT 10:decr_hits 0
STAT 10:cas_hits 0
STAT 10:cas_badval 0
STAT 10:touch_hits 0
STAT 11:chunk_size 944
STAT 11:chunks_per_page 1110
STAT 11:total_pages 17
STAT 11:total_chunks 18870
STAT 11:used_chunks 18870
STAT 11:free_chunks 0
STAT 11:free_chunks_end 0
STAT 11:mem_requested 15838899
STAT 11:get_hits 493784
STAT 11:cmd_set 39748
STAT 11:delete_hits 0
STAT 11:incr_hits 0
STAT 11:decr_hits 0
STAT 11:cas_hits 0
STAT 11:cas_badval 0
STAT 11:touch_hits 0
STAT 12:chunk_size 1184
STAT 12:chunks_per_page 885
STAT 12:total_pages 15
STAT 12:total_chunks 13275
STAT 12:used_chunks 13275
STAT 12:free_chunks 0
STAT 12:free_chunks_end 0
STAT 12:mem_requested 13980019
STAT 12:get_hits 64676
STAT 12:cmd_set 27803
STAT 12:delete_hits 0
STAT 12:incr_hits 0
STAT 12:decr_hits 0
STAT 12:cas_hits 0
STAT 12:cas_badval 0
STAT 12:touch_hits 0
STAT 13:chunk_size 1480
STAT 13:chunks_per_page 708
STAT 13:total_pages 13
STAT 13:total_chunks 9204
STAT 13:used_chunks 9204
STAT 13:free_chunks 0
STAT 13:free_chunks_end 0
STAT 13:mem_requested 12134156
STAT 13:get_hits 41004
STAT 13:cmd_set 18822
STAT 13:delete_hits 0
STAT 13:incr_hits 0
STAT 13:decr_hits 0
STAT 13:cas_hits 0
STAT 13:cas_badval 0
STAT 13:touch_hits 0
STAT 14:chunk_size 1856
STAT 14:chunks_per_page 564
STAT 14:total_pages 11
STAT 14:total_chunks 6204
STAT 14:used_chunks 6204
STAT 14:free_chunks 0
STAT 14:free_chunks_end 0
STAT 14:mem_requested 10224639
STAT 14:get_hits 47433
STAT 14:cmd_set 12354
STAT 14:delete_hits 0
STAT 14:incr_hits 0
STAT 14:decr_hits 0
STAT 14:cas_hits 0
STAT 14:cas_badval 0
STAT 14:touch_hits 0
STAT 15:chunk_size 2320
STAT 15:chunks_per_page 451
STAT 15:total_pages 9
STAT 15:total_chunks 4059
STAT 15:used_chunks 4059
STAT 15:free_chunks 0
STAT 15:free_chunks_end 0
STAT 15:mem_requested 8371182
STAT 15:get_hits 36315
STAT 15:cmd_set 7829
STAT 15:delete_hits 0
STAT 15:incr_hits 0
STAT 15:decr_hits 0
STAT 15:cas_hits 0
STAT 15:cas_badval 0
STAT 15:touch_hits 0
STAT 16:chunk_size 2904
STAT 16:chunks_per_page 361
STAT 16:total_pages 7
STAT 16:total_chunks 2527
STAT 16:used_chunks 2527
STAT 16:free_chunks 0
STAT 16:free_chunks_end 0
STAT 16:mem_requested 6503816
STAT 16:get_hits 27908
STAT 16:cmd_set 4799
STAT 16:delete_hits 0
STAT 16:incr_hits 0
STAT 16:decr_hits 0
STAT 16:cas_hits 0
STAT 16:cas_badval 0
STAT 16:touch_hits 0
STAT 17:chunk_size 3632
STAT 17:chunks_per_page 288
STAT 17:total_pages 5
STAT 17:total_chunks 1440
STAT 17:used_chunks 1440
STAT 17:free_chunks 0
STAT 17:free_chunks_end 0
STAT 17:mem_requested 4659324
STAT 17:get_hits 6086
STAT 17:cmd_set 2835
STAT 17:delete_hits 0
STAT 17:incr_hits 0
STAT 17:decr_hits 0
STAT 17:cas_hits 0
STAT 17:cas_badval 0
STAT 17:touch_hits 0
STAT 18:chunk_size 4544
STAT 18:chunks_per_page 230
STAT 18:total_pages 4
STAT 18:total_chunks 920
STAT 18:used_chunks 920
STAT 18:free_chunks 0
STAT 18:free_chunks_end 0
STAT 18:mem_requested 3702640
STAT 18:get_hits 7467
STAT 18:cmd_set 1695
STAT 18:delete_hits 0
STAT 18:incr_hits 0
STAT 18:decr_hits 0
STAT 18:cas_hits 0
STAT 18:cas_badval 0
STAT 18:touch_hits 0
STAT 19:chunk_size 5680
STAT 19:chunks_per_page 184
STAT 19:total_pages 3
STAT 19:total_chunks 552
STAT 19:used_chunks 552
STAT 19:free_chunks 0
STAT 19:free_chunks_end 0
STAT 19:mem_requested 2777595
STAT 19:get_hits 3165
STAT 19:cmd_set 1033
STAT 19:delete_hits 0
STAT 19:incr_hits 0
STAT 19:decr_hits 0
STAT 19:cas_hits 0
STAT 19:cas_badval 0
STAT 19:touch_hits 0
STAT 20:chunk_size 7104
STAT 20:chunks_per_page 147
STAT 20:total_pages 2
STAT 20:total_chunks 294
STAT 20:used_chunks 294
STAT 20:free_chunks 0
STAT 20:free_chunks_end 0
STAT 20:mem_requested 1856840
STAT 20:get_hits 2958
STAT 20:cmd_set 537
STAT 20:delete_hits 0
STAT 20:incr_hits 0
STAT 20:decr_hits 0
STAT 20:cas_hits 0
STAT 20:cas_badval 0
STAT 20:touch_hits 0
STAT 21:chunk_size 8880
STAT 21:chunks_per_page 118
STAT 21:total_pages 2
STAT 21:total_chunks 236
STAT 21:used_chunks 236
STAT 21:free_chunks 0
STAT 21:free_chunks_end 0
STAT 21:mem_requested 1852754
STAT 21:get_hits 446
STAT 21:cmd_set 297
STAT 21:delete_hits 0
STAT 21:incr_hits 0
STAT 21:decr_hits 0
STAT 21:cas_hits 0
STAT 21:cas_badval 0
STAT 21:touch_hits 0
STAT 22:chunk_size 11104
STAT 22:chunks_per_page 94
STAT 22:total_pages 1
STAT 22:total_chunks 94
STAT 22:used_chunks 94
STAT 22:free_chunks 0
STAT 22:free_chunks_end 0
STAT 22:mem_requested 937013
STAT 22:get_hits 432
STAT 22:cmd_set 191
STAT 22:delete_hits 0
STAT 22:incr_hits 0
STAT 22:decr_hits 0
STAT 22:cas_hits 0
STAT 22:cas_badval 0
STAT 22:touch_hits 0
STAT 23:chunk_size 13880
STAT 23:chunks_per_page 75
STAT 23:total_pages 1
STAT 23:total_chunks 75
STAT 23:used_chunks 75
STAT 23:free_chunks 0
STAT 23:free_chunks_end 0
STAT 23:mem_requested 910514
STAT 23:get_hits 36
STAT 23:cmd_set 84
STAT 23:delete_hits 0
STAT 23:incr_hits 0
STAT 23:decr_hits 0
STAT 23:cas_hits 0
STAT 23:cas_badval 0
STAT 23:touch_hits 0
STAT 24:chunk_size 17352
STAT 24:chunks_per_page 60
STAT 24:total_pages 1
STAT 24:total_chunks 60
STAT 24:used_chunks 58
STAT 24:free_chunks 2
STAT 24:free_chunks_end 0
STAT 24:mem_requested 892853
STAT 24:get_hits 19
STAT 24:cmd_set 58
STAT 24:delete_hits 0
STAT 24:incr_hits 0
STAT 24:decr_hits 0
STAT 24:cas_hits 0
STAT 24:cas_badval 0
STAT 24:touch_hits 0
STAT 25:chunk_size 21696
STAT 25:chunks_per_page 48
STAT 25:total_pages 1
STAT 25:total_chunks 48
STAT 25:used_chunks 33
STAT 25:free_chunks 15
STAT 25:free_chunks_end 0
STAT 25:mem_requested 632001
STAT 25:get_hits 36
STAT 25:cmd_set 33
STAT 25:delete_hits 0
STAT 25:incr_hits 0
STAT 25:decr_hits 0
STAT 25:cas_hits 0
STAT 25:cas_badval 0
STAT 25:touch_hits 0
STAT 26:chunk_size 27120
STAT 26:chunks_per_page 38
STAT 26:total_pages 1
STAT 26:total_chunks 38
STAT 26:used_chunks 17
STAT 26:free_chunks 21
STAT 26:free_chunks_end 0
STAT 26:mem_requested 416012
STAT 26:get_hits 3
STAT 26:cmd_set 17
STAT 26:delete_hits 0
STAT 26:incr_hits 0
STAT 26:decr_hits 0
STAT 26:cas_hits 0
STAT 26:cas_badval 0
STAT 26:touch_hits 0
STAT 27:chunk_size 33904
STAT 27:chunks_per_page 30
STAT 27:total_pages 1
STAT 27:total_chunks 30
STAT 27:used_chunks 6
STAT 27:free_chunks 24
STAT 27:free_chunks_end 0
STAT 27:mem_requested 187536
STAT 27:get_hits 0
STAT 27:cmd_set 6
STAT 27:delete_hits 0
STAT 27:incr_hits 0
STAT 27:decr_hits 0
STAT 27:cas_hits 0
STAT 27:cas_badval 0
STAT 27:touch_hits 0
STAT 28:chunk_size 42384
STAT 28:chunks_per_page 24
STAT 28:total_pages 1
STAT 28:total_chunks 24
STAT 28:used_chunks 5
STAT 28:free_chunks 19
STAT 28:free_chunks_end 0
STAT 28:mem_requested 189898
STAT 28:get_hits 5
STAT 28:cmd_set 5
STAT 28:delete_hits 0
STAT 28:incr_hits 0
STAT 28:decr_hits 0
STAT 28:cas_hits 0
STAT 28:cas_badval 0
STAT 28:touch_hits 0
STAT 30:chunk_size 66232
STAT 30:chunks_per_page 15
STAT 30:total_pages 1
STAT 30:total_chunks 15
STAT 30:used_chunks 4
STAT 30:free_chunks 11
STAT 30:free_chunks_end 0
STAT 30:mem_requested 250444
STAT 30:get_hits 0
STAT 30:cmd_set 4
STAT 30:delete_hits 0
STAT 30:incr_hits 0
STAT 30:decr_hits 0
STAT 30:cas_hits 0
STAT 30:cas_badval 0
STAT 30:touch_hits 0
STAT active_slabs 29
STAT total_malloced 268125432
END
********************
STAT pid 29050
STAT uptime 123
STAT time 1470997612
STAT version 1.4.25
STAT libevent 2.0.21-stable
STAT pointer_size 64
STAT rusage_user 155.368000
STAT rusage_system 205.196000
STAT curr_connections 10
STAT total_connections 16
STAT connection_structures 14
STAT reserved_fds 20
STAT cmd_get 12019378
STAT cmd_set 1614619
STAT cmd_flush 0
STAT cmd_touch 0
STAT get_hits 10404759
STAT get_misses 1614619
STAT delete_misses 0
STAT delete_hits 0
STAT incr_misses 0
STAT incr_hits 0
STAT decr_misses 0
STAT decr_hits 0
STAT cas_misses 0
STAT cas_hits 0
STAT cas_badval 0
STAT touch_hits 0
STAT touch_misses 0
STAT auth_cmds 0
STAT auth_errors 0
STAT bytes_read 1150707742
STAT bytes_written 2426744468
STAT limit_maxbytes 268435456
STAT accepting_conns 1
STAT listen_disabled_num 0
STAT time_in_listen_disabled_us 0
STAT threads 4
STAT conn_yields 0
STAT hash_power_level 19
STAT hash_bytes 4194304
STAT hash_is_expanding 0
STAT malloc_fails 0
STAT bytes 236363993
STAT curr_items 785707
STAT total_items 1614619
STAT expired_unfetched 0
STAT evicted_unfetched 644646
STAT evictions 827534
STAT reclaimed 0
STAT crawler_reclaimed 0
STAT crawler_items_checked 0
STAT lrutail_reflocked 2386
END
