got new connection
socket address: 0x100007f
, socket port: 0x2c5
reading 0x12dfb30 
mrc size is : 16
size.L1.0: 739.702698
size.L2i.0: 3050.786996
mr.L1.0: 0.103068
mr.L2.0: 0.092875
lat.0: 1.020480
cost.0: 8.758364
_____________________
address: 0x12df930	0
parent process
Using the existing distribution file: zipf-1.150000.dist
Using the existing distribution file: zipf-1.150000.dist
Using the existing distribution file: zipf-1.150000.dist
Using the existing distribution file: zipf-1.150000.dist
Finished reading in the distribution
Generating and stroing the rest of zipfian: range: 4000000000
Finished writing the distribution data
scale is: 7.01281range is: 4000000000
total record: 4000000000_max: 4e+09
Finished reading in the distribution
Generating and stroing the rest of zipfian: range: 4000000000
Finished writing the distribution data
scale is: 7.01281range is: 4000000000
total record: 4000000000_max: 4e+09
Finished reading in the distribution
Generating and stroing the rest of zipfian: range: 4000000000
Finished writing the distribution data
scale is: 7.01281range is: 4000000000
total record: 4000000000_max: 4e+09
Finished reading in the distribution
Generating and stroing the rest of zipfian: range: 4000000000
Finished writing the distribution data
scale is: 7.01281range is: 4000000000
total record: 4000000000_max: 4e+09
clear address: 0x12df930	0
50	0.188588
64	0.172538
77	0.16393
108	0.150254
138	0.141712
202	0.130486
258	0.123985
390	0.11464
510	0.109197
768	0.102313
1010	0.0985051
1525	0.0944122
2026	0.0930201
3051	0.0928748
4076	0.0928748
6126	0.0928748
mrc_computed: 1	1
generating and solving lp
0	created the model
0	added MR constraints
0	objective function set	solving:
Objective value: 8.758364
latency bound: 1.020480
Connection.cc(290): BEV_EVENT_ERROR: Connection reset by peer
mutilate is done
_____________________
STAT 1:chunk_size 96
STAT 1:chunks_per_page 10922
STAT 1:total_pages 27
STAT 1:total_chunks 294894
STAT 1:used_chunks 294894
STAT 1:free_chunks 0
STAT 1:free_chunks_end 0
STAT 1:mem_requested 27278550
STAT 1:get_hits 11184267
STAT 1:cmd_set 827804
STAT 1:delete_hits 0
STAT 1:incr_hits 0
STAT 1:decr_hits 0
STAT 1:cas_hits 0
STAT 1:cas_badval 0
STAT 1:touch_hits 0
STAT 2:chunk_size 120
STAT 2:chunks_per_page 8738
STAT 2:total_pages 115
STAT 2:total_chunks 1004870
STAT 2:used_chunks 1004870
STAT 2:free_chunks 0
STAT 2:free_chunks_end 0
STAT 2:mem_requested 107440038
STAT 2:get_hits 39779766
STAT 2:cmd_set 2908842
STAT 2:delete_hits 0
STAT 2:incr_hits 0
STAT 2:decr_hits 0
STAT 2:cas_hits 0
STAT 2:cas_badval 0
STAT 2:touch_hits 0
STAT 3:chunk_size 152
STAT 3:chunks_per_page 6898
STAT 3:total_pages 55
STAT 3:total_chunks 379390
STAT 3:used_chunks 379390
STAT 3:free_chunks 0
STAT 3:free_chunks_end 0
STAT 3:mem_requested 50665322
STAT 3:get_hits 6978946
STAT 3:cmd_set 1082868
STAT 3:delete_hits 0
STAT 3:incr_hits 0
STAT 3:decr_hits 0
STAT 3:cas_hits 0
STAT 3:cas_badval 0
STAT 3:touch_hits 0
STAT 4:chunk_size 192
STAT 4:chunks_per_page 5461
STAT 4:total_pages 45
STAT 4:total_chunks 245745
STAT 4:used_chunks 245745
STAT 4:free_chunks 0
STAT 4:free_chunks_end 0
STAT 4:mem_requested 42107087
STAT 4:get_hits 5118216
STAT 4:cmd_set 708441
STAT 4:delete_hits 0
STAT 4:incr_hits 0
STAT 4:decr_hits 0
STAT 4:cas_hits 0
STAT 4:cas_badval 0
STAT 4:touch_hits 0
STAT 5:chunk_size 240
STAT 5:chunks_per_page 4369
STAT 5:total_pages 51
STAT 5:total_chunks 222819
STAT 5:used_chunks 222819
STAT 5:free_chunks 0
STAT 5:free_chunks_end 0
STAT 5:mem_requested 48059701
STAT 5:get_hits 3386809
STAT 5:cmd_set 640961
STAT 5:delete_hits 0
STAT 5:incr_hits 0
STAT 5:decr_hits 0
STAT 5:cas_hits 0
STAT 5:cas_badval 0
STAT 5:touch_hits 0
STAT 6:chunk_size 304
STAT 6:chunks_per_page 3449
STAT 6:total_pages 66
STAT 6:total_chunks 227634
STAT 6:used_chunks 227634
STAT 6:free_chunks 0
STAT 6:free_chunks_end 0
STAT 6:mem_requested 61630715
STAT 6:get_hits 9849526
STAT 6:cmd_set 651378
STAT 6:delete_hits 0
STAT 6:incr_hits 0
STAT 6:decr_hits 0
STAT 6:cas_hits 0
STAT 6:cas_badval 0
STAT 6:touch_hits 0
STAT 7:chunk_size 384
STAT 7:chunks_per_page 2730
STAT 7:total_pages 73
STAT 7:total_chunks 199290
STAT 7:used_chunks 199290
STAT 7:free_chunks 0
STAT 7:free_chunks_end 0
STAT 7:mem_requested 68155203
STAT 7:get_hits 3647017
STAT 7:cmd_set 574741
STAT 7:delete_hits 0
STAT 7:incr_hits 0
STAT 7:decr_hits 0
STAT 7:cas_hits 0
STAT 7:cas_badval 0
STAT 7:touch_hits 0
STAT 8:chunk_size 480
STAT 8:chunks_per_page 2184
STAT 8:total_pages 75
STAT 8:total_chunks 163800
STAT 8:used_chunks 163800
STAT 8:free_chunks 0
STAT 8:free_chunks_end 0
STAT 8:mem_requested 70330333
STAT 8:get_hits 3260517
STAT 8:cmd_set 469506
STAT 8:delete_hits 0
STAT 8:incr_hits 0
STAT 8:decr_hits 0
STAT 8:cas_hits 0
STAT 8:cas_badval 0
STAT 8:touch_hits 0
STAT 9:chunk_size 600
STAT 9:chunks_per_page 1747
STAT 9:total_pages 76
STAT 9:total_chunks 132772
STAT 9:used_chunks 132772
STAT 9:free_chunks 0
STAT 9:free_chunks_end 0
STAT 9:mem_requested 71164273
STAT 9:get_hits 2756568
STAT 9:cmd_set 384428
STAT 9:delete_hits 0
STAT 9:incr_hits 0
STAT 9:decr_hits 0
STAT 9:cas_hits 0
STAT 9:cas_badval 0
STAT 9:touch_hits 0
STAT 10:chunk_size 752
STAT 10:chunks_per_page 1394
STAT 10:total_pages 75
STAT 10:total_chunks 104550
STAT 10:used_chunks 104550
STAT 10:free_chunks 0
STAT 10:free_chunks_end 0
STAT 10:mem_requested 70063961
STAT 10:get_hits 1273062
STAT 10:cmd_set 303833
STAT 10:delete_hits 0
STAT 10:incr_hits 0
STAT 10:decr_hits 0
STAT 10:cas_hits 0
STAT 10:cas_badval 0
STAT 10:touch_hits 0
STAT 11:chunk_size 944
STAT 11:chunks_per_page 1110
STAT 11:total_pages 70
STAT 11:total_chunks 77700
STAT 11:used_chunks 77700
STAT 11:free_chunks 0
STAT 11:free_chunks_end 0
STAT 11:mem_requested 65265158
STAT 11:get_hits 1260552
STAT 11:cmd_set 226312
STAT 11:delete_hits 0
STAT 11:incr_hits 0
STAT 11:decr_hits 0
STAT 11:cas_hits 0
STAT 11:cas_badval 0
STAT 11:touch_hits 0
STAT 12:chunk_size 1184
STAT 12:chunks_per_page 885
STAT 12:total_pages 63
STAT 12:total_chunks 55755
STAT 12:used_chunks 55755
STAT 12:free_chunks 0
STAT 12:free_chunks_end 0
STAT 12:mem_requested 58666640
STAT 12:get_hits 572768
STAT 12:cmd_set 159132
STAT 12:delete_hits 0
STAT 12:incr_hits 0
STAT 12:decr_hits 0
STAT 12:cas_hits 0
STAT 12:cas_badval 0
STAT 12:touch_hits 0
STAT 13:chunk_size 1480
STAT 13:chunks_per_page 708
STAT 13:total_pages 52
STAT 13:total_chunks 36816
STAT 13:used_chunks 36816
STAT 13:free_chunks 0
STAT 13:free_chunks_end 0
STAT 13:mem_requested 48484742
STAT 13:get_hits 453785
STAT 13:cmd_set 106743
STAT 13:delete_hits 0
STAT 13:incr_hits 0
STAT 13:decr_hits 0
STAT 13:cas_hits 0
STAT 13:cas_badval 0
STAT 13:touch_hits 0
STAT 14:chunk_size 1856
STAT 14:chunks_per_page 564
STAT 14:total_pages 43
STAT 14:total_chunks 24252
STAT 14:used_chunks 24252
STAT 14:free_chunks 0
STAT 14:free_chunks_end 0
STAT 14:mem_requested 39954480
STAT 14:get_hits 266023
STAT 14:cmd_set 71221
STAT 14:delete_hits 0
STAT 14:incr_hits 0
STAT 14:decr_hits 0
STAT 14:cas_hits 0
STAT 14:cas_badval 0
STAT 14:touch_hits 0
STAT 15:chunk_size 2320
STAT 15:chunks_per_page 451
STAT 15:total_pages 34
STAT 15:total_chunks 15334
STAT 15:used_chunks 15334
STAT 15:free_chunks 0
STAT 15:free_chunks_end 0
STAT 15:mem_requested 31603909
STAT 15:get_hits 127112
STAT 15:cmd_set 44238
STAT 15:delete_hits 0
STAT 15:incr_hits 0
STAT 15:decr_hits 0
STAT 15:cas_hits 0
STAT 15:cas_badval 0
STAT 15:touch_hits 0
STAT 16:chunk_size 2904
STAT 16:chunks_per_page 361
STAT 16:total_pages 27
STAT 16:total_chunks 9747
STAT 16:used_chunks 9747
STAT 16:free_chunks 0
STAT 16:free_chunks_end 0
STAT 16:mem_requested 25130389
STAT 16:get_hits 287051
STAT 16:cmd_set 27258
STAT 16:delete_hits 0
STAT 16:incr_hits 0
STAT 16:decr_hits 0
STAT 16:cas_hits 0
STAT 16:cas_badval 0
STAT 16:touch_hits 0
STAT 17:chunk_size 3632
STAT 17:chunks_per_page 288
STAT 17:total_pages 20
STAT 17:total_chunks 5760
STAT 17:used_chunks 5760
STAT 17:free_chunks 0
STAT 17:free_chunks_end 0
STAT 17:mem_requested 18591902
STAT 17:get_hits 40285
STAT 17:cmd_set 16080
STAT 17:delete_hits 0
STAT 17:incr_hits 0
STAT 17:decr_hits 0
STAT 17:cas_hits 0
STAT 17:cas_badval 0
STAT 17:touch_hits 0
STAT 18:chunk_size 4544
STAT 18:chunks_per_page 230
STAT 18:total_pages 15
STAT 18:total_chunks 3450
STAT 18:used_chunks 3450
STAT 18:free_chunks 0
STAT 18:free_chunks_end 0
STAT 18:mem_requested 13900048
STAT 18:get_hits 14502
STAT 18:cmd_set 9527
STAT 18:delete_hits 0
STAT 18:incr_hits 0
STAT 18:decr_hits 0
STAT 18:cas_hits 0
STAT 18:cas_badval 0
STAT 18:touch_hits 0
STAT 19:chunk_size 5680
STAT 19:chunks_per_page 184
STAT 19:total_pages 11
STAT 19:total_chunks 2024
STAT 19:used_chunks 2024
STAT 19:free_chunks 0
STAT 19:free_chunks_end 0
STAT 19:mem_requested 10197314
STAT 19:get_hits 14895
STAT 19:cmd_set 5436
STAT 19:delete_hits 0
STAT 19:incr_hits 0
STAT 19:decr_hits 0
STAT 19:cas_hits 0
STAT 19:cas_badval 0
STAT 19:touch_hits 0
STAT 20:chunk_size 7104
STAT 20:chunks_per_page 147
STAT 20:total_pages 8
STAT 20:total_chunks 1176
STAT 20:used_chunks 1176
STAT 20:free_chunks 0
STAT 20:free_chunks_end 0
STAT 20:mem_requested 7404862
STAT 20:get_hits 4763
STAT 20:cmd_set 3165
STAT 20:delete_hits 0
STAT 20:incr_hits 0
STAT 20:decr_hits 0
STAT 20:cas_hits 0
STAT 20:cas_badval 0
STAT 20:touch_hits 0
STAT 21:chunk_size 8880
STAT 21:chunks_per_page 118
STAT 21:total_pages 6
STAT 21:total_chunks 708
STAT 21:used_chunks 708
STAT 21:free_chunks 0
STAT 21:free_chunks_end 0
STAT 21:mem_requested 5602198
STAT 21:get_hits 3955
STAT 21:cmd_set 1757
STAT 21:delete_hits 0
STAT 21:incr_hits 0
STAT 21:decr_hits 0
STAT 21:cas_hits 0
STAT 21:cas_badval 0
STAT 21:touch_hits 0
STAT 22:chunk_size 11104
STAT 22:chunks_per_page 94
STAT 22:total_pages 4
STAT 22:total_chunks 376
STAT 22:used_chunks 376
STAT 22:free_chunks 0
STAT 22:free_chunks_end 0
STAT 22:mem_requested 3725303
STAT 22:get_hits 2752
STAT 22:cmd_set 950
STAT 22:delete_hits 0
STAT 22:incr_hits 0
STAT 22:decr_hits 0
STAT 22:cas_hits 0
STAT 22:cas_badval 0
STAT 22:touch_hits 0
STAT 23:chunk_size 13880
STAT 23:chunks_per_page 75
STAT 23:total_pages 3
STAT 23:total_chunks 225
STAT 23:used_chunks 225
STAT 23:free_chunks 0
STAT 23:free_chunks_end 0
STAT 23:mem_requested 2760833
STAT 23:get_hits 505
STAT 23:cmd_set 512
STAT 23:delete_hits 0
STAT 23:incr_hits 0
STAT 23:decr_hits 0
STAT 23:cas_hits 0
STAT 23:cas_badval 0
STAT 23:touch_hits 0
STAT 24:chunk_size 17352
STAT 24:chunks_per_page 60
STAT 24:total_pages 2
STAT 24:total_chunks 120
STAT 24:used_chunks 120
STAT 24:free_chunks 0
STAT 24:free_chunks_end 0
STAT 24:mem_requested 1850881
STAT 24:get_hits 475
STAT 24:cmd_set 280
STAT 24:delete_hits 0
STAT 24:incr_hits 0
STAT 24:decr_hits 0
STAT 24:cas_hits 0
STAT 24:cas_badval 0
STAT 24:touch_hits 0
STAT 25:chunk_size 21696
STAT 25:chunks_per_page 48
STAT 25:total_pages 1
STAT 25:total_chunks 48
STAT 25:used_chunks 48
STAT 25:free_chunks 0
STAT 25:free_chunks_end 0
STAT 25:mem_requested 916586
STAT 25:get_hits 156
STAT 25:cmd_set 137
STAT 25:delete_hits 0
STAT 25:incr_hits 0
STAT 25:decr_hits 0
STAT 25:cas_hits 0
STAT 25:cas_badval 0
STAT 25:touch_hits 0
STAT 26:chunk_size 27120
STAT 26:chunks_per_page 38
STAT 26:total_pages 1
STAT 26:total_chunks 38
STAT 26:used_chunks 38
STAT 26:free_chunks 0
STAT 26:free_chunks_end 0
STAT 26:mem_requested 904420
STAT 26:get_hits 16
STAT 26:cmd_set 84
STAT 26:delete_hits 0
STAT 26:incr_hits 0
STAT 26:decr_hits 0
STAT 26:cas_hits 0
STAT 26:cas_badval 0
STAT 26:touch_hits 0
STAT 27:chunk_size 33904
STAT 27:chunks_per_page 30
STAT 27:total_pages 1
STAT 27:total_chunks 30
STAT 27:used_chunks 30
STAT 27:free_chunks 0
STAT 27:free_chunks_end 0
STAT 27:mem_requested 908359
STAT 27:get_hits 68
STAT 27:cmd_set 54
STAT 27:delete_hits 0
STAT 27:incr_hits 0
STAT 27:decr_hits 0
STAT 27:cas_hits 0
STAT 27:cas_badval 0
STAT 27:touch_hits 0
STAT 28:chunk_size 42384
STAT 28:chunks_per_page 24
STAT 28:total_pages 1
STAT 28:total_chunks 24
STAT 28:used_chunks 18
STAT 28:free_chunks 6
STAT 28:free_chunks_end 0
STAT 28:mem_requested 662356
STAT 28:get_hits 5
STAT 28:cmd_set 18
STAT 28:delete_hits 0
STAT 28:incr_hits 0
STAT 28:decr_hits 0
STAT 28:cas_hits 0
STAT 28:cas_badval 0
STAT 28:touch_hits 0
STAT 29:chunk_size 52984
STAT 29:chunks_per_page 19
STAT 29:total_pages 1
STAT 29:total_chunks 19
STAT 29:used_chunks 14
STAT 29:free_chunks 5
STAT 29:free_chunks_end 0
STAT 29:mem_requested 662658
STAT 29:get_hits 22
STAT 29:cmd_set 14
STAT 29:delete_hits 0
STAT 29:incr_hits 0
STAT 29:decr_hits 0
STAT 29:cas_hits 0
STAT 29:cas_badval 0
STAT 29:touch_hits 0
STAT 30:chunk_size 66232
STAT 30:chunks_per_page 15
STAT 30:total_pages 1
STAT 30:total_chunks 15
STAT 30:used_chunks 4
STAT 30:free_chunks 11
STAT 30:free_chunks_end 0
STAT 30:mem_requested 239798
STAT 30:get_hits 0
STAT 30:cmd_set 4
STAT 30:delete_hits 0
STAT 30:incr_hits 0
STAT 30:decr_hits 0
STAT 30:cas_hits 0
STAT 30:cas_badval 0
STAT 30:touch_hits 0
STAT 31:chunk_size 82792
STAT 31:chunks_per_page 12
STAT 31:total_pages 1
STAT 31:total_chunks 12
STAT 31:used_chunks 4
STAT 31:free_chunks 8
STAT 31:free_chunks_end 0
STAT 31:mem_requested 291830
STAT 31:get_hits 1
STAT 31:cmd_set 4
STAT 31:delete_hits 0
STAT 31:incr_hits 0
STAT 31:decr_hits 0
STAT 31:cas_hits 0
STAT 31:cas_badval 0
STAT 31:touch_hits 0
STAT 32:chunk_size 103496
STAT 32:chunks_per_page 10
STAT 32:total_pages 1
STAT 32:total_chunks 10
STAT 32:used_chunks 4
STAT 32:free_chunks 6
STAT 32:free_chunks_end 0
STAT 32:mem_requested 385434
STAT 32:get_hits 5
STAT 32:cmd_set 4
STAT 32:delete_hits 0
STAT 32:incr_hits 0
STAT 32:decr_hits 0
STAT 32:cas_hits 0
STAT 32:cas_badval 0
STAT 32:touch_hits 0
STAT 33:chunk_size 129376
STAT 33:chunks_per_page 8
STAT 33:total_pages 1
STAT 33:total_chunks 8
STAT 33:used_chunks 2
STAT 33:free_chunks 6
STAT 33:free_chunks_end 0
STAT 33:mem_requested 214600
STAT 33:get_hits 3
STAT 33:cmd_set 2
STAT 33:delete_hits 0
STAT 33:incr_hits 0
STAT 33:decr_hits 0
STAT 33:cas_hits 0
STAT 33:cas_badval 0
STAT 33:touch_hits 0
STAT active_slabs 33
STAT total_malloced 1073885360
END
********************
STAT pid 29205
STAT uptime 950
STAT time 1470998981
STAT version 1.4.25
STAT libevent 2.0.21-stable
STAT pointer_size 64
STAT rusage_user 1020.116000
STAT rusage_system 1602.672000
STAT curr_connections 10
STAT total_connections 16
STAT connection_structures 14
STAT reserved_fds 20
STAT cmd_get 99510128
STAT cmd_set 9225734
STAT cmd_flush 0
STAT cmd_touch 0
STAT get_hits 90284393
STAT get_misses 9225735
STAT delete_misses 0
STAT delete_hits 0
STAT incr_misses 0
STAT incr_hits 0
STAT decr_misses 0
STAT decr_hits 0
STAT cas_misses 0
STAT cas_hits 0
STAT cas_badval 0
STAT touch_hits 0
STAT touch_misses 0
STAT auth_cmds 0
STAT auth_errors 0
STAT bytes_read 8432035052
STAT bytes_written 16880729664
STAT limit_maxbytes 1073741824
STAT accepting_conns 1
STAT listen_disabled_num 0
STAT time_in_listen_disabled_us 0
STAT threads 4
STAT conn_yields 0
STAT hash_power_level 22
STAT hash_bytes 33554432
STAT hash_is_expanding 0
STAT malloc_fails 0
STAT bytes 955219883
STAT curr_items 3209369
STAT total_items 9225734
STAT expired_unfetched 0
STAT evicted_unfetched 5408665
STAT evictions 6010540
STAT reclaimed 0
STAT crawler_reclaimed 0
STAT crawler_items_checked 0
STAT lrutail_reflocked 368
END
