_____________________
Using the existing distribution file: zipf-1.150000.dist
Using the existing distribution file: zipf-1.150000.dist
Using the existing distribution file: zipf-1.150000.dist
Using the existing distribution file: Using the existing distribution file: Using the existing distribution file: zipf-1.150000.dist
zipf-1.150000.dist
zipf-1.150000.dist
Using the existing distribution file: zipf-1.150000.dist
Using the existing distribution file: zipf-1.150000.dist
Using the existing distribution file: zipf-1.150000.dist
Using the existing distribution file: zipf-1.150000.dist
Using the existing distribution file: zipf-1.150000.dist
Using the existing distribution file: zipf-1.150000.dist
Using the existing distribution file: zipf-1.150000.dist
Using the existing distribution file: zipf-1.150000.dist
Using the existing distribution file: zipf-1.150000.dist
Using the existing distribution file: zipf-1.150000.dist
Finished reading in the distribution
Generating and stroing the rest of zipfian: range: 4000000000
Finished writing the distribution data
scale is: 7.01281range is: 4000000000
total record: 4000000000_max: 4e+09
Finished reading in the distribution
Generating and stroing the rest of zipfian: range: 4000000000
Finished writing the distribution data
scale is: 7.01281range is: 4000000000
total record: 4000000000_max: 4e+09
Finished reading in the distribution
Generating and stroing the rest of zipfian: range: 4000000000
Finished writing the distribution data
scale is: 7.01281range is: 4000000000
total record: 4000000000_max: 4e+09
Finished reading in the distribution
Generating and stroing the rest of zipfian: range: 4000000000
Finished writing the distribution data
scale is: 7.01281range is: 4000000000
total record: 4000000000_max: 4e+09
Finished reading in the distribution
Generating and stroing the rest of zipfian: range: 4000000000
Finished writing the distribution data
scale is: 7.01281range is: 4000000000
total record: 4000000000_max: 4e+09
Finished reading in the distribution
Generating and stroing the rest of zipfian: range: 4000000000
Finished writing the distribution data
scale is: 7.01281range is: 4000000000
total record: 4000000000_max: 4e+09
Finished reading in the distribution
Generating and stroing the rest of zipfian: range: 4000000000
Finished writing the distribution data
scale is: 7.01281range is: 4000000000
total record: 4000000000_max: 4e+09
Finished reading in the distribution
Generating and stroing the rest of zipfian: range: 4000000000
Finished writing the distribution data
scale is: 7.01281range is: 4000000000
total record: 4000000000_max: 4e+09
Finished reading in the distribution
Generating and stroing the rest of zipfian: range: 4000000000
Finished writing the distribution data
scale is: 7.01281range is: 4000000000
total record: 4000000000_max: 4e+09
Finished reading in the distribution
Generating and stroing the rest of zipfian: range: 4000000000
Finished writing the distribution data
scale is: 7.01281range is: 4000000000
total record: 4000000000_max: 4e+09
Finished reading in the distribution
Generating and stroing the rest of zipfian: range: 4000000000
Finished writing the distribution data
scale is: 7.01281range is: 4000000000
total record: 4000000000_max: 4e+09
Finished reading in the distribution
Generating and stroing the rest of zipfian: range: 4000000000
Finished writing the distribution data
scale is: 7.01281range is: 4000000000
total record: 4000000000_max: 4e+09
Finished reading in the distribution
Generating and stroing the rest of zipfian: range: 4000000000
Finished writing the distribution data
scale is: 7.01281range is: 4000000000
total record: 4000000000_max: 4e+09
Finished reading in the distribution
Generating and stroing the rest of zipfian: range: 4000000000
Finished writing the distribution data
scale is: 7.01281range is: 4000000000
total record: 4000000000_max: 4e+09
Finished reading in the distribution
Generating and stroing the rest of zipfian: range: 4000000000
Finished writing the distribution data
scale is: 7.01281range is: 4000000000
total record: 4000000000_max: 4e+09
Finished reading in the distribution
Generating and stroing the rest of zipfian: range: 4000000000
Finished writing the distribution data
scale is: 7.01281range is: 4000000000
total record: 4000000000_max: 4e+09
Connection.cc(290): BEV_EVENT_ERROR: Connection reset by peer
Connection.cc(290): BEV_EVENT_ERROR: Connection reset by peer
Connection.cc(290): BEV_EVENT_ERROR: Connection reset by peer
Connection.cc(290): BEV_EVENT_ERROR: Connection reset by peer
Connection.cc(290): BEV_EVENT_ERROR: Connection reset by peer
_____________________
_____________________
starting measure
stopping trace
mem_malloced: 1075838976
cache size base: 32
cache size base: 48
cache size base: 64
cache size base: 96
cache size base: 128
cache size base: 192
cache size base: 256
cache size base: 384
cache size base: 512
cache size base: 768
cache size base: 1024
cache size base: 1536
cache size base: 2048
cache size base: 3072
cache size base: 4096
cache size base: 6144
cache size base: 8192
cache size base: 12288
50	0.188348
64	0.172156
77	0.163447
107	0.149774
138	0.140818
200	0.129245
259	0.122225
388	0.112049
509	0.105724
767	0.097042
1009	0.091492
1524	0.083634
2026	0.078458
3052	0.071427
4078	0.068154
6129	0.067423
8175	0.067423
12272	0.067423
LP infeasible	 exiting!
---------------------

---------------------

