#type       avg     std     min     5th    10th    90th    95th    99th
read       36.6   179.7    23.2    28.9    29.7    40.7    41.1    52.8
update     50.5   306.9    23.2    37.6    41.4    56.5    58.7    63.0
op_q        1.0     0.0     1.0     1.0     1.0     1.1     1.1     1.1

Total QPS = 123328.6 (361767228 / 2933.4s)

Misses = 41767233 (13.1%)
Skipped TXs = 0 (0.0%)

RX 103619740464 bytes :   33.7 MB/s
TX 30282500607 bytes :    9.8 MB/s
_____________________
Using the existing distribution file: zipf-1.150000.dist
Using the existing distribution file: zipf-1.150000.dist
Using the existing distribution file: zipf-1.150000.dist
Using the existing distribution file: zipf-1.150000.dist
Finished reading in the distribution
Generating and stroing the rest of zipfian: range: 4000000000
Finished writing the distribution data
scale is: 7.01281range is: 4000000000
total record: 4000000000_max: 4e+09
Finished reading in the distribution
Generating and stroing the rest of zipfian: range: 4000000000
Finished writing the distribution data
scale is: 7.01281range is: 4000000000
total record: 4000000000_max: 4e+09
Finished reading in the distribution
Generating and stroing the rest of zipfian: range: 4000000000
Finished writing the distribution data
scale is: 7.01281range is: 4000000000
total record: 4000000000_max: 4e+09
Finished reading in the distribution
Generating and stroing the rest of zipfian: range: 4000000000
Finished writing the distribution data
scale is: 7.01281range is: 4000000000
total record: 4000000000_max: 4e+09
_____________________
_____________________
starting measure
stopping trace
mem_malloced: 1077936128
cache size base: 32
cache size base: 48
cache size base: 64
cache size base: 96
cache size base: 128
cache size base: 192
cache size base: 256
cache size base: 384
cache size base: 512
cache size base: 768
cache size base: 1024
cache size base: 1536
cache size base: 2048
cache size base: 3072
cache size base: 4096
cache size base: 6144
cache size base: 8192
cache size base: 12288
50	0.188472
64	0.172254
77	0.163496
108	0.149650
138	0.140917
201	0.129209
260	0.122223
387	0.112223
510	0.105730
766	0.097121
1011	0.091487
1526	0.083658
2030	0.078446
3057	0.071419
4079	0.068149
6128	0.067419
8176	0.067419
12272	0.067419
Objective value: 4.209730
latency bound: 0.780000
size.L1.0: 77.000041
size.L2i.0: 5284.005293
mr.L1.0: 0.163496
mr.L2.0: 0.067719
lat.0: 0.780000
cost.0: 4.209730
L1 size is: 78
starting slab monitoring
starting slab deallocate
stoping slab monitoring
---------------------
STAT pid 17441
STAT uptime 3289
STAT time 1471166086
STAT version 1.4.25
STAT libevent 2.0.21-stable
STAT pointer_size 64
STAT rusage_user 3012.572000
STAT rusage_system 5220.344000
STAT curr_connections 10
STAT total_connections 2
STAT connection_structures 14
STAT reserved_fds 20
STAT cmd_get 158202897
STAT cmd_set 27096180
STAT cmd_flush 0
STAT cmd_touch 0
STAT get_hits 131106719
STAT get_misses 27096178
STAT delete_misses 0
STAT delete_hits 0
STAT incr_misses 0
STAT incr_hits 0
STAT decr_misses 0
STAT decr_hits 0
STAT cas_misses 0
STAT cas_hits 0
STAT cas_badval 0
STAT touch_hits 0
STAT touch_misses 0
STAT auth_cmds 0
STAT auth_errors 0
STAT bytes_read 16662286969
STAT bytes_written 49267875718
STAT limit_maxbytes 1073741824
STAT accepting_conns 1
STAT listen_disabled_num 0
STAT time_in_listen_disabled_us 0
STAT threads 4
STAT conn_yields 0
STAT hash_power_level 22
STAT hash_bytes 33554432
STAT hash_is_expanding 0
STAT slab_reassign_rescues 0
STAT slab_reassign_evictions_nomem 0
STAT slab_reassign_inline_reclaim 0
STAT slab_reassign_busy_items 0
STAT slab_reassign_running 1
STAT slabs_moved 0
STAT slabs_removed 0
STAT malloc_fails 0
STAT bytes 71512594
STAT curr_items 184523
STAT total_items 27096180
STAT expired_unfetched 0
STAT evicted_unfetched 22219602
STAT evictions 27067813
STAT reclaimed 0
STAT crawler_reclaimed 0
STAT crawler_items_checked 0
STAT lrutail_reflocked 236
END
---------------------
STAT 1:chunk_size 96
STAT 1:chunks_per_page 10922
STAT 1:total_pages 2
STAT 1:total_chunks 21844
STAT 1:used_chunks 21844
STAT 1:free_chunks 0
STAT 1:free_chunks_end 0
STAT 1:mem_requested 2020254
STAT 1:get_hits 11537676
STAT 1:cmd_set 2393285
STAT 1:delete_hits 0
STAT 1:incr_hits 0
STAT 1:decr_hits 0
STAT 1:cas_hits 0
STAT 1:cas_badval 0
STAT 1:touch_hits 0
STAT 2:chunk_size 120
STAT 2:chunks_per_page 8738
STAT 2:total_pages 6
STAT 2:total_chunks 52428
STAT 2:used_chunks 52428
STAT 2:free_chunks 0
STAT 2:free_chunks_end 0
STAT 2:mem_requested 5610737
STAT 2:get_hits 39842193
STAT 2:cmd_set 8539502
STAT 2:delete_hits 0
STAT 2:incr_hits 0
STAT 2:decr_hits 0
STAT 2:cas_hits 0
STAT 2:cas_badval 0
STAT 2:touch_hits 0
STAT 3:chunk_size 152
STAT 3:chunks_per_page 6898
STAT 3:total_pages 1
STAT 3:total_chunks 6898
STAT 3:used_chunks 6898
STAT 3:free_chunks 0
STAT 3:free_chunks_end 0
STAT 3:mem_requested 920217
STAT 3:get_hits 4466933
STAT 3:cmd_set 3217144
STAT 3:delete_hits 0
STAT 3:incr_hits 0
STAT 3:decr_hits 0
STAT 3:cas_hits 0
STAT 3:cas_badval 0
STAT 3:touch_hits 0
STAT 4:chunk_size 192
STAT 4:chunks_per_page 5461
STAT 4:total_pages 4
STAT 4:total_chunks 21844
STAT 4:used_chunks 21844
STAT 4:free_chunks 0
STAT 4:free_chunks_end 0
STAT 4:mem_requested 3742414
STAT 4:get_hits 17301334
STAT 4:cmd_set 2082358
STAT 4:delete_hits 0
STAT 4:incr_hits 0
STAT 4:decr_hits 0
STAT 4:cas_hits 0
STAT 4:cas_badval 0
STAT 4:touch_hits 0
STAT 5:chunk_size 240
STAT 5:chunks_per_page 4369
STAT 5:total_pages 4
STAT 5:total_chunks 17476
STAT 5:used_chunks 17476
STAT 5:free_chunks 0
STAT 5:free_chunks_end 0
STAT 5:mem_requested 3768190
STAT 5:get_hits 12616665
STAT 5:cmd_set 1881740
STAT 5:delete_hits 0
STAT 5:incr_hits 0
STAT 5:decr_hits 0
STAT 5:cas_hits 0
STAT 5:cas_badval 0
STAT 5:touch_hits 0
STAT 6:chunk_size 304
STAT 6:chunks_per_page 3449
STAT 6:total_pages 3
STAT 6:total_chunks 10347
STAT 6:used_chunks 10347
STAT 6:free_chunks 0
STAT 6:free_chunks_end 0
STAT 6:mem_requested 2801915
STAT 6:get_hits 6667178
STAT 6:cmd_set 1912020
STAT 6:delete_hits 0
STAT 6:incr_hits 0
STAT 6:decr_hits 0
STAT 6:cas_hits 0
STAT 6:cas_badval 0
STAT 6:touch_hits 0
STAT 7:chunk_size 384
STAT 7:chunks_per_page 2730
STAT 7:total_pages 6
STAT 7:total_chunks 16380
STAT 7:used_chunks 16380
STAT 7:free_chunks 0
STAT 7:free_chunks_end 0
STAT 7:mem_requested 5604441
STAT 7:get_hits 11302528
STAT 7:cmd_set 1688610
STAT 7:delete_hits 0
STAT 7:incr_hits 0
STAT 7:decr_hits 0
STAT 7:cas_hits 0
STAT 7:cas_badval 0
STAT 7:touch_hits 0
STAT 8:chunk_size 480
STAT 8:chunks_per_page 2184
STAT 8:total_pages 1
STAT 8:total_chunks 2184
STAT 8:used_chunks 2184
STAT 8:free_chunks 0
STAT 8:free_chunks_end 0
STAT 8:mem_requested 938311
STAT 8:get_hits 1434905
STAT 8:cmd_set 1383135
STAT 8:delete_hits 0
STAT 8:incr_hits 0
STAT 8:decr_hits 0
STAT 8:cas_hits 0
STAT 8:cas_badval 0
STAT 8:touch_hits 0
STAT 9:chunk_size 600
STAT 9:chunks_per_page 1747
STAT 9:total_pages 6
STAT 9:total_chunks 10482
STAT 9:used_chunks 10482
STAT 9:free_chunks 0
STAT 9:free_chunks_end 0
STAT 9:mem_requested 5622499
STAT 9:get_hits 7800844
STAT 9:cmd_set 1130613
STAT 9:delete_hits 0
STAT 9:incr_hits 0
STAT 9:decr_hits 0
STAT 9:cas_hits 0
STAT 9:cas_badval 0
STAT 9:touch_hits 0
STAT 10:chunk_size 752
STAT 10:chunks_per_page 1394
STAT 10:total_pages 5
STAT 10:total_chunks 6970
STAT 10:used_chunks 6970
STAT 10:free_chunks 0
STAT 10:free_chunks_end 0
STAT 10:mem_requested 4671815
STAT 10:get_hits 5014805
STAT 10:cmd_set 891092
STAT 10:delete_hits 0
STAT 10:incr_hits 0
STAT 10:decr_hits 0
STAT 10:cas_hits 0
STAT 10:cas_badval 0
STAT 10:touch_hits 0
STAT 11:chunk_size 944
STAT 11:chunks_per_page 1110
STAT 11:total_pages 5
STAT 11:total_chunks 5550
STAT 11:used_chunks 5550
STAT 11:free_chunks 0
STAT 11:free_chunks_end 0
STAT 11:mem_requested 4661948
STAT 11:get_hits 3806342
STAT 11:cmd_set 666066
STAT 11:delete_hits 0
STAT 11:incr_hits 0
STAT 11:decr_hits 0
STAT 11:cas_hits 0
STAT 11:cas_badval 0
STAT 11:touch_hits 0
STAT 12:chunk_size 1184
STAT 12:chunks_per_page 885
STAT 12:total_pages 4
STAT 12:total_chunks 3540
STAT 12:used_chunks 3540
STAT 12:free_chunks 0
STAT 12:free_chunks_end 0
STAT 12:mem_requested 3725994
STAT 12:get_hits 2290339
STAT 12:cmd_set 466493
STAT 12:delete_hits 0
STAT 12:incr_hits 0
STAT 12:decr_hits 0
STAT 12:cas_hits 0
STAT 12:cas_badval 0
STAT 12:touch_hits 0
STAT 13:chunk_size 1480
STAT 13:chunks_per_page 708
STAT 13:total_pages 6
STAT 13:total_chunks 4248
STAT 13:used_chunks 4248
STAT 13:free_chunks 0
STAT 13:free_chunks_end 0
STAT 13:mem_requested 5590564
STAT 13:get_hits 3218364
STAT 13:cmd_set 314105
STAT 13:delete_hits 0
STAT 13:incr_hits 0
STAT 13:decr_hits 0
STAT 13:cas_hits 0
STAT 13:cas_badval 0
STAT 13:touch_hits 0
STAT 14:chunk_size 1856
STAT 14:chunks_per_page 564
STAT 14:total_pages 2
STAT 14:total_chunks 1128
STAT 14:used_chunks 1128
STAT 14:free_chunks 0
STAT 14:free_chunks_end 0
STAT 14:mem_requested 1858871
STAT 14:get_hits 749256
STAT 14:cmd_set 208439
STAT 14:delete_hits 0
STAT 14:incr_hits 0
STAT 14:decr_hits 0
STAT 14:cas_hits 0
STAT 14:cas_badval 0
STAT 14:touch_hits 0
STAT 15:chunk_size 2320
STAT 15:chunks_per_page 451
STAT 15:total_pages 2
STAT 15:total_chunks 902
STAT 15:used_chunks 902
STAT 15:free_chunks 0
STAT 15:free_chunks_end 0
STAT 15:mem_requested 1854398
STAT 15:get_hits 955804
STAT 15:cmd_set 129907
STAT 15:delete_hits 0
STAT 15:incr_hits 0
STAT 15:decr_hits 0
STAT 15:cas_hits 0
STAT 15:cas_badval 0
STAT 15:touch_hits 0
STAT 16:chunk_size 2904
STAT 16:chunks_per_page 361
STAT 16:total_pages 2
STAT 16:total_chunks 722
STAT 16:used_chunks 722
STAT 16:free_chunks 0
STAT 16:free_chunks_end 0
STAT 16:mem_requested 1858336
STAT 16:get_hits 803757
STAT 16:cmd_set 80225
STAT 16:delete_hits 0
STAT 16:incr_hits 0
STAT 16:decr_hits 0
STAT 16:cas_hits 0
STAT 16:cas_badval 0
STAT 16:touch_hits 0
STAT 17:chunk_size 3632
STAT 17:chunks_per_page 288
STAT 17:total_pages 1
STAT 17:total_chunks 288
STAT 17:used_chunks 288
STAT 17:free_chunks 0
STAT 17:free_chunks_end 0
STAT 17:mem_requested 934827
STAT 17:get_hits 181885
STAT 17:cmd_set 47803
STAT 17:delete_hits 0
STAT 17:incr_hits 0
STAT 17:decr_hits 0
STAT 17:cas_hits 0
STAT 17:cas_badval 0
STAT 17:touch_hits 0
STAT 18:chunk_size 4544
STAT 18:chunks_per_page 230
STAT 18:total_pages 1
STAT 18:total_chunks 230
STAT 18:used_chunks 230
STAT 18:free_chunks 0
STAT 18:free_chunks_end 0
STAT 18:mem_requested 927779
STAT 18:get_hits 149560
STAT 18:cmd_set 27779
STAT 18:delete_hits 0
STAT 18:incr_hits 0
STAT 18:decr_hits 0
STAT 18:cas_hits 0
STAT 18:cas_badval 0
STAT 18:touch_hits 0
STAT 19:chunk_size 5680
STAT 19:chunks_per_page 184
STAT 19:total_pages 2
STAT 19:total_chunks 368
STAT 19:used_chunks 368
STAT 19:free_chunks 0
STAT 19:free_chunks_end 0
STAT 19:mem_requested 1860335
STAT 19:get_hits 149611
STAT 19:cmd_set 15936
STAT 19:delete_hits 0
STAT 19:incr_hits 0
STAT 19:decr_hits 0
STAT 19:cas_hits 0
STAT 19:cas_badval 0
STAT 19:touch_hits 0
STAT 20:chunk_size 7104
STAT 20:chunks_per_page 147
STAT 20:total_pages 1
STAT 20:total_chunks 147
STAT 20:used_chunks 147
STAT 20:free_chunks 0
STAT 20:free_chunks_end 0
STAT 20:mem_requested 924659
STAT 20:get_hits 199951
STAT 20:cmd_set 8878
STAT 20:delete_hits 0
STAT 20:incr_hits 0
STAT 20:decr_hits 0
STAT 20:cas_hits 0
STAT 20:cas_badval 0
STAT 20:touch_hits 0
STAT 21:chunk_size 8880
STAT 21:chunks_per_page 118
STAT 21:total_pages 1
STAT 21:total_chunks 118
STAT 21:used_chunks 118
STAT 21:free_chunks 0
STAT 21:free_chunks_end 0
STAT 21:mem_requested 926789
STAT 21:get_hits 147419
STAT 21:cmd_set 4993
STAT 21:delete_hits 0
STAT 21:incr_hits 0
STAT 21:decr_hits 0
STAT 21:cas_hits 0
STAT 21:cas_badval 0
STAT 21:touch_hits 0
STAT 22:chunk_size 11104
STAT 22:chunks_per_page 94
STAT 22:total_pages 1
STAT 22:total_chunks 94
STAT 22:used_chunks 94
STAT 22:free_chunks 0
STAT 22:free_chunks_end 0
STAT 22:mem_requested 921775
STAT 22:get_hits 29302
STAT 22:cmd_set 2807
STAT 22:delete_hits 0
STAT 22:incr_hits 0
STAT 22:decr_hits 0
STAT 22:cas_hits 0
STAT 22:cas_badval 0
STAT 22:touch_hits 0
STAT 23:chunk_size 13880
STAT 23:chunks_per_page 75
STAT 23:total_pages 1
STAT 23:total_chunks 75
STAT 23:used_chunks 75
STAT 23:free_chunks 0
STAT 23:free_chunks_end 0
STAT 23:mem_requested 914953
STAT 23:get_hits 100431
STAT 23:cmd_set 1556
STAT 23:delete_hits 0
STAT 23:incr_hits 0
STAT 23:decr_hits 0
STAT 23:cas_hits 0
STAT 23:cas_badval 0
STAT 23:touch_hits 0
STAT 24:chunk_size 17352
STAT 24:chunks_per_page 60
STAT 24:total_pages 1
STAT 24:total_chunks 60
STAT 24:used_chunks 60
STAT 24:free_chunks 0
STAT 24:free_chunks_end 0
STAT 24:mem_requested 926529
STAT 24:get_hits 273997
STAT 24:cmd_set 801
STAT 24:delete_hits 0
STAT 24:incr_hits 0
STAT 24:decr_hits 0
STAT 24:cas_hits 0
STAT 24:cas_badval 0
STAT 24:touch_hits 0
STAT 25:chunk_size 21696
STAT 25:chunks_per_page 48
STAT 25:total_pages 1
STAT 25:total_chunks 48
STAT 25:used_chunks 48
STAT 25:free_chunks 0
STAT 25:free_chunks_end 0
STAT 25:mem_requested 930035
STAT 25:get_hits 42669
STAT 25:cmd_set 416
STAT 25:delete_hits 0
STAT 25:incr_hits 0
STAT 25:decr_hits 0
STAT 25:cas_hits 0
STAT 25:cas_badval 0
STAT 25:touch_hits 0
STAT 26:chunk_size 27120
STAT 26:chunks_per_page 38
STAT 26:total_pages 1
STAT 26:total_chunks 38
STAT 26:used_chunks 38
STAT 26:free_chunks 0
STAT 26:free_chunks_end 0
STAT 26:mem_requested 913047
STAT 26:get_hits 6139
STAT 26:cmd_set 219
STAT 26:delete_hits 0
STAT 26:incr_hits 0
STAT 26:decr_hits 0
STAT 26:cas_hits 0
STAT 26:cas_badval 0
STAT 26:touch_hits 0
STAT 27:chunk_size 33904
STAT 27:chunks_per_page 30
STAT 27:total_pages 1
STAT 27:total_chunks 30
STAT 27:used_chunks 30
STAT 27:free_chunks 0
STAT 27:free_chunks_end 0
STAT 27:mem_requested 890743
STAT 27:get_hits 9137
STAT 27:cmd_set 112
STAT 27:delete_hits 0
STAT 27:incr_hits 0
STAT 27:decr_hits 0
STAT 27:cas_hits 0
STAT 27:cas_badval 0
STAT 27:touch_hits 0
STAT 28:chunk_size 42384
STAT 28:chunks_per_page 24
STAT 28:total_pages 1
STAT 28:total_chunks 24
STAT 28:used_chunks 24
STAT 28:free_chunks 0
STAT 28:free_chunks_end 0
STAT 28:mem_requested 901457
STAT 28:get_hits 5313
STAT 28:cmd_set 71
STAT 28:delete_hits 0
STAT 28:incr_hits 0
STAT 28:decr_hits 0
STAT 28:cas_hits 0
STAT 28:cas_badval 0
STAT 28:touch_hits 0
STAT 29:chunk_size 52984
STAT 29:chunks_per_page 19
STAT 29:total_pages 1
STAT 29:total_chunks 19
STAT 29:used_chunks 19
STAT 29:free_chunks 0
STAT 29:free_chunks_end 0
STAT 29:mem_requested 886789
STAT 29:get_hits 1730
STAT 29:cmd_set 34
STAT 29:delete_hits 0
STAT 29:incr_hits 0
STAT 29:decr_hits 0
STAT 29:cas_hits 0
STAT 29:cas_badval 0
STAT 29:touch_hits 0
STAT 30:chunk_size 66232
STAT 30:chunks_per_page 15
STAT 30:total_pages 1
STAT 30:total_chunks 15
STAT 30:used_chunks 15
STAT 30:free_chunks 0
STAT 30:free_chunks_end 0
STAT 30:mem_requested 888354
STAT 30:get_hits 219
STAT 30:cmd_set 18
STAT 30:delete_hits 0
STAT 30:incr_hits 0
STAT 30:decr_hits 0
STAT 30:cas_hits 0
STAT 30:cas_badval 0
STAT 30:touch_hits 0
STAT 31:chunk_size 82792
STAT 31:chunks_per_page 12
STAT 31:total_pages 1
STAT 31:total_chunks 12
STAT 31:used_chunks 12
STAT 31:free_chunks 0
STAT 31:free_chunks_end 0
STAT 31:mem_requested 894514
STAT 31:get_hits 382
STAT 31:cmd_set 13
STAT 31:delete_hits 0
STAT 31:incr_hits 0
STAT 31:decr_hits 0
STAT 31:cas_hits 0
STAT 31:cas_badval 0
STAT 31:touch_hits 0
STAT 32:chunk_size 103496
STAT 32:chunks_per_page 10
STAT 32:total_pages 1
STAT 32:total_chunks 10
STAT 32:used_chunks 6
STAT 32:free_chunks 4
STAT 32:free_chunks_end 0
STAT 32:mem_requested 595257
STAT 32:get_hits 30
STAT 32:cmd_set 5
STAT 32:delete_hits 0
STAT 32:incr_hits 0
STAT 32:decr_hits 0
STAT 32:cas_hits 0
STAT 32:cas_badval 0
STAT 32:touch_hits 0
STAT 33:chunk_size 129376
STAT 33:chunks_per_page 8
STAT 33:total_pages 1
STAT 33:total_chunks 8
STAT 33:used_chunks 5
STAT 33:free_chunks 3
STAT 33:free_chunks_end 0
STAT 33:mem_requested 578037
STAT 33:get_hits 17
STAT 33:cmd_set 3
STAT 33:delete_hits 0
STAT 33:incr_hits 0
STAT 33:decr_hits 0
STAT 33:cas_hits 0
STAT 33:cas_badval 0
STAT 33:touch_hits 0
STAT 34:chunk_size 161720
STAT 34:chunks_per_page 6
STAT 34:total_pages 1
STAT 34:total_chunks 6
STAT 34:used_chunks 2
STAT 34:free_chunks 4
STAT 34:free_chunks_end 0
STAT 34:mem_requested 277432
STAT 34:get_hits 2
STAT 34:cmd_set 1
STAT 34:delete_hits 0
STAT 34:incr_hits 0
STAT 34:decr_hits 0
STAT 34:cas_hits 0
STAT 34:cas_badval 0
STAT 34:touch_hits 0
STAT 35:chunk_size 202152
STAT 35:chunks_per_page 5
STAT 35:total_pages 1
STAT 35:total_chunks 5
STAT 35:used_chunks 1
STAT 35:free_chunks 4
STAT 35:free_chunks_end 0
STAT 35:mem_requested 168379
STAT 35:get_hits 2
STAT 35:cmd_set 1
STAT 35:delete_hits 0
STAT 35:incr_hits 0
STAT 35:decr_hits 0
STAT 35:cas_hits 0
STAT 35:cas_badval 0
STAT 35:touch_hits 0
STAT active_slabs 35
STAT total_malloced 82837504
END
