#type       avg     std     min     5th    10th    90th    95th    99th
read       36.2   104.6    21.1    28.6    29.2    40.5    41.1    55.7
update     48.8   146.1    21.1    37.2    39.1    54.4    56.1    63.7
op_q        1.0     0.0     1.0     1.0     1.0     1.1     1.1     1.1

Total QPS = 121838.1 (1132497845 / 9295.1s)

Misses = 172497850 (18.0%)
Skipped TXs = 0 (0.0%)

RX 531378661577 bytes :   54.5 MB/s
TX 103226157376 bytes :   10.6 MB/s
_____________________
Using the existing distribution file: zipf-1.150000.dist
Using the existing distribution file: zipf-1.150000.dist
Using the existing distribution file: zipf-1.150000.dist
Using the existing distribution file: zipf-1.150000.dist
Finished reading in the distribution
Generating and stroing the rest of zipfian: range: 4000000000
Finished writing the distribution data
scale is: 7.01281range is: 4000000000
total record: 4000000000_max: 4e+09
Finished reading in the distribution
Generating and stroing the rest of zipfian: range: 4000000000
Finished writing the distribution data
scale is: 7.01281range is: 4000000000
total record: 4000000000_max: 4e+09
Finished reading in the distribution
Generating and stroing the rest of zipfian: range: 4000000000
Finished writing the distribution data
scale is: 7.01281range is: 4000000000
total record: 4000000000_max: 4e+09
Finished reading in the distribution
Generating and stroing the rest of zipfian: range: 4000000000
Finished writing the distribution data
scale is: 7.01281range is: 4000000000
total record: 4000000000_max: 4e+09
_____________________
_____________________
starting measure
stopping trace
mem_malloced: 1074790400
cache size base: 32
cache size base: 48
cache size base: 64
cache size base: 96
cache size base: 128
cache size base: 192
cache size base: 256
cache size base: 384
cache size base: 512
cache size base: 768
cache size base: 1024
cache size base: 1536
cache size base: 2048
cache size base: 3072
cache size base: 4096
cache size base: 6144
cache size base: 8192
cache size base: 12288
Objective value: 2.880306
latency bound: 0.800000
size.L1.0: 50.000000
size.L2i.0: 3652.107280
mr.L1.0: 0.188304
mr.L2.0: 0.069507
lat.0: 0.800000
cost.0: 2.880306
L1 size is: 51
starting slab monitoring
starting slab deallocate
stoping slab monitoring
---------------------
STAT pid 23327
STAT uptime 9680
STAT time 1471157973
STAT version 1.4.25
STAT libevent 2.0.21-stable
STAT pointer_size 64
STAT rusage_user 5586.852000
STAT rusage_system 16670.904000
STAT curr_connections 10
STAT total_connections 3948
STAT connection_structures 15
STAT reserved_fds 20
STAT cmd_get 798182491
STAT cmd_set 157817124
STAT cmd_flush 0
STAT cmd_touch 0
STAT get_hits 640365367
STAT get_misses 157817124
STAT delete_misses 0
STAT delete_hits 0
STAT incr_misses 0
STAT incr_hits 0
STAT decr_misses 0
STAT decr_hits 0
STAT cas_misses 0
STAT cas_hits 0
STAT cas_badval 0
STAT touch_hits 0
STAT touch_misses 0
STAT auth_cmds 0
STAT auth_errors 0
STAT bytes_read 89597574119
STAT bytes_written 496060803941
STAT limit_maxbytes 1073741824
STAT accepting_conns 1
STAT listen_disabled_num 0
STAT time_in_listen_disabled_us 0
STAT threads 4
STAT conn_yields 0
STAT hash_power_level 22
STAT hash_bytes 33554432
STAT hash_is_expanding 0
STAT slab_reassign_rescues 0
STAT slab_reassign_evictions_nomem 0
STAT slab_reassign_inline_reclaim 0
STAT slab_reassign_busy_items 0
STAT slab_reassign_running 1
STAT slabs_moved 0
STAT slabs_removed 0
STAT malloc_fails 0
STAT bytes 50271272
STAT curr_items 84226
STAT total_items 157817124
STAT expired_unfetched 0
STAT evicted_unfetched 130377683
STAT evictions 157631201
STAT reclaimed 0
STAT crawler_reclaimed 0
STAT crawler_items_checked 0
STAT lrutail_reflocked 3417
END
---------------------
STAT 1:chunk_size 96
STAT 1:chunks_per_page 10922
STAT 1:total_pages 1
STAT 1:total_chunks 10922
STAT 1:used_chunks 10922
STAT 1:free_chunks 0
STAT 1:free_chunks_end 0
STAT 1:mem_requested 1010245
STAT 1:get_hits 60160054
STAT 1:cmd_set 13861547
STAT 1:delete_hits 0
STAT 1:incr_hits 0
STAT 1:decr_hits 0
STAT 1:cas_hits 0
STAT 1:cas_badval 0
STAT 1:touch_hits 0
STAT 2:chunk_size 120
STAT 2:chunks_per_page 8738
STAT 2:total_pages 2
STAT 2:total_chunks 17476
STAT 2:used_chunks 17476
STAT 2:free_chunks 0
STAT 2:free_chunks_end 0
STAT 2:mem_requested 1867381
STAT 2:get_hits 148518352
STAT 2:cmd_set 49991201
STAT 2:delete_hits 0
STAT 2:incr_hits 0
STAT 2:decr_hits 0
STAT 2:cas_hits 0
STAT 2:cas_badval 0
STAT 2:touch_hits 0
STAT 3:chunk_size 152
STAT 3:chunks_per_page 6898
STAT 3:total_pages 1
STAT 3:total_chunks 6898
STAT 3:used_chunks 6898
STAT 3:free_chunks 0
STAT 3:free_chunks_end 0
STAT 3:mem_requested 921459
STAT 3:get_hits 49825791
STAT 3:cmd_set 18572598
STAT 3:delete_hits 0
STAT 3:incr_hits 0
STAT 3:decr_hits 0
STAT 3:cas_hits 0
STAT 3:cas_badval 0
STAT 3:touch_hits 0
STAT 4:chunk_size 192
STAT 4:chunks_per_page 5461
STAT 4:total_pages 1
STAT 4:total_chunks 5461
STAT 4:used_chunks 5461
STAT 4:free_chunks 0
STAT 4:free_chunks_end 0
STAT 4:mem_requested 936634
STAT 4:get_hits 40262040
STAT 4:cmd_set 12135613
STAT 4:delete_hits 0
STAT 4:incr_hits 0
STAT 4:decr_hits 0
STAT 4:cas_hits 0
STAT 4:cas_badval 0
STAT 4:touch_hits 0
STAT 5:chunk_size 240
STAT 5:chunks_per_page 4369
STAT 5:total_pages 1
STAT 5:total_chunks 4369
STAT 5:used_chunks 4369
STAT 5:free_chunks 0
STAT 5:free_chunks_end 0
STAT 5:mem_requested 943875
STAT 5:get_hits 33332670
STAT 5:cmd_set 10958805
STAT 5:delete_hits 0
STAT 5:incr_hits 0
STAT 5:decr_hits 0
STAT 5:cas_hits 0
STAT 5:cas_badval 0
STAT 5:touch_hits 0
STAT 6:chunk_size 304
STAT 6:chunks_per_page 3449
STAT 6:total_pages 2
STAT 6:total_chunks 6898
STAT 6:used_chunks 6898
STAT 6:free_chunks 0
STAT 6:free_chunks_end 0
STAT 6:mem_requested 1869168
STAT 6:get_hits 52213475
STAT 6:cmd_set 11140828
STAT 6:delete_hits 0
STAT 6:incr_hits 0
STAT 6:decr_hits 0
STAT 6:cas_hits 0
STAT 6:cas_badval 0
STAT 6:touch_hits 0
STAT 7:chunk_size 384
STAT 7:chunks_per_page 2730
STAT 7:total_pages 1
STAT 7:total_chunks 2730
STAT 7:used_chunks 2730
STAT 7:free_chunks 0
STAT 7:free_chunks_end 0
STAT 7:mem_requested 935359
STAT 7:get_hits 20818065
STAT 7:cmd_set 9839911
STAT 7:delete_hits 0
STAT 7:incr_hits 0
STAT 7:decr_hits 0
STAT 7:cas_hits 0
STAT 7:cas_badval 0
STAT 7:touch_hits 0
STAT 8:chunk_size 480
STAT 8:chunks_per_page 2184
STAT 8:total_pages 5
STAT 8:total_chunks 10920
STAT 8:used_chunks 10920
STAT 8:free_chunks 0
STAT 8:free_chunks_end 0
STAT 8:mem_requested 4684624
STAT 8:get_hits 84896806
STAT 8:cmd_set 8039006
STAT 8:delete_hits 0
STAT 8:incr_hits 0
STAT 8:decr_hits 0
STAT 8:cas_hits 0
STAT 8:cas_badval 0
STAT 8:touch_hits 0
STAT 9:chunk_size 600
STAT 9:chunks_per_page 1747
STAT 9:total_pages 3
STAT 9:total_chunks 5241
STAT 9:used_chunks 5241
STAT 9:free_chunks 0
STAT 9:free_chunks_end 0
STAT 9:mem_requested 2808423
STAT 9:get_hits 40776109
STAT 9:cmd_set 6581339
STAT 9:delete_hits 0
STAT 9:incr_hits 0
STAT 9:decr_hits 0
STAT 9:cas_hits 0
STAT 9:cas_badval 0
STAT 9:touch_hits 0
STAT 10:chunk_size 752
STAT 10:chunks_per_page 1394
STAT 10:total_pages 2
STAT 10:total_chunks 2788
STAT 10:used_chunks 2788
STAT 10:free_chunks 0
STAT 10:free_chunks_end 0
STAT 10:mem_requested 1867365
STAT 10:get_hits 21517731
STAT 10:cmd_set 5191146
STAT 10:delete_hits 0
STAT 10:incr_hits 0
STAT 10:decr_hits 0
STAT 10:cas_hits 0
STAT 10:cas_badval 0
STAT 10:touch_hits 0
STAT 11:chunk_size 944
STAT 11:chunks_per_page 1110
STAT 11:total_pages 1
STAT 11:total_chunks 1110
STAT 11:used_chunks 1110
STAT 11:free_chunks 0
STAT 11:free_chunks_end 0
STAT 11:mem_requested 934808
STAT 11:get_hits 8291141
STAT 11:cmd_set 3873233
STAT 11:delete_hits 0
STAT 11:incr_hits 0
STAT 11:decr_hits 0
STAT 11:cas_hits 0
STAT 11:cas_badval 0
STAT 11:touch_hits 0
STAT 12:chunk_size 1184
STAT 12:chunks_per_page 885
STAT 12:total_pages 3
STAT 12:total_chunks 2655
STAT 12:used_chunks 2655
STAT 12:free_chunks 0
STAT 12:free_chunks_end 0
STAT 12:mem_requested 2798067
STAT 12:get_hits 19882210
STAT 12:cmd_set 2716734
STAT 12:delete_hits 0
STAT 12:incr_hits 0
STAT 12:decr_hits 0
STAT 12:cas_hits 0
STAT 12:cas_badval 0
STAT 12:touch_hits 0
STAT 13:chunk_size 1480
STAT 13:chunks_per_page 708
STAT 13:total_pages 4
STAT 13:total_chunks 2832
STAT 13:used_chunks 2832
STAT 13:free_chunks 0
STAT 13:free_chunks_end 0
STAT 13:mem_requested 3738413
STAT 13:get_hits 21228085
STAT 13:cmd_set 1828832
STAT 13:delete_hits 0
STAT 13:incr_hits 0
STAT 13:decr_hits 0
STAT 13:cas_hits 0
STAT 13:cas_badval 0
STAT 13:touch_hits 0
STAT 14:chunk_size 1856
STAT 14:chunks_per_page 564
STAT 14:total_pages 1
STAT 14:total_chunks 564
STAT 14:used_chunks 564
STAT 14:free_chunks 0
STAT 14:free_chunks_end 0
STAT 14:mem_requested 926239
STAT 14:get_hits 4424719
STAT 14:cmd_set 1214395
STAT 14:delete_hits 0
STAT 14:incr_hits 0
STAT 14:decr_hits 0
STAT 14:cas_hits 0
STAT 14:cas_badval 0
STAT 14:touch_hits 0
STAT 15:chunk_size 2320
STAT 15:chunks_per_page 451
STAT 15:total_pages 3
STAT 15:total_chunks 1353
STAT 15:used_chunks 1353
STAT 15:free_chunks 0
STAT 15:free_chunks_end 0
STAT 15:mem_requested 2780519
STAT 15:get_hits 11206236
STAT 15:cmd_set 756191
STAT 15:delete_hits 0
STAT 15:incr_hits 0
STAT 15:decr_hits 0
STAT 15:cas_hits 0
STAT 15:cas_badval 0
STAT 15:touch_hits 0
STAT 16:chunk_size 2904
STAT 16:chunks_per_page 361
STAT 16:total_pages 1
STAT 16:total_chunks 361
STAT 16:used_chunks 361
STAT 16:free_chunks 0
STAT 16:free_chunks_end 0
STAT 16:mem_requested 932484
STAT 16:get_hits 2811774
STAT 16:cmd_set 466475
STAT 16:delete_hits 0
STAT 16:incr_hits 0
STAT 16:decr_hits 0
STAT 16:cas_hits 0
STAT 16:cas_badval 0
STAT 16:touch_hits 0
STAT 17:chunk_size 3632
STAT 17:chunks_per_page 288
STAT 17:total_pages 1
STAT 17:total_chunks 288
STAT 17:used_chunks 288
STAT 17:free_chunks 0
STAT 17:free_chunks_end 0
STAT 17:mem_requested 923627
STAT 17:get_hits 2136060
STAT 17:cmd_set 277116
STAT 17:delete_hits 0
STAT 17:incr_hits 0
STAT 17:decr_hits 0
STAT 17:cas_hits 0
STAT 17:cas_badval 0
STAT 17:touch_hits 0
STAT 18:chunk_size 4544
STAT 18:chunks_per_page 230
STAT 18:total_pages 2
STAT 18:total_chunks 460
STAT 18:used_chunks 460
STAT 18:free_chunks 0
STAT 18:free_chunks_end 0
STAT 18:mem_requested 1854210
STAT 18:get_hits 4248813
STAT 18:cmd_set 162488
STAT 18:delete_hits 0
STAT 18:incr_hits 0
STAT 18:decr_hits 0
STAT 18:cas_hits 0
STAT 18:cas_badval 0
STAT 18:touch_hits 0
STAT 19:chunk_size 5680
STAT 19:chunks_per_page 184
STAT 19:total_pages 1
STAT 19:total_chunks 184
STAT 19:used_chunks 184
STAT 19:free_chunks 0
STAT 19:free_chunks_end 0
STAT 19:mem_requested 921365
STAT 19:get_hits 1232798
STAT 19:cmd_set 92738
STAT 19:delete_hits 0
STAT 19:incr_hits 0
STAT 19:decr_hits 0
STAT 19:cas_hits 0
STAT 19:cas_badval 0
STAT 19:touch_hits 0
STAT 20:chunk_size 7104
STAT 20:chunks_per_page 147
STAT 20:total_pages 1
STAT 20:total_chunks 147
STAT 20:used_chunks 147
STAT 20:free_chunks 0
STAT 20:free_chunks_end 0
STAT 20:mem_requested 926333
STAT 20:get_hits 1168374
STAT 20:cmd_set 52329
STAT 20:delete_hits 0
STAT 20:incr_hits 0
STAT 20:decr_hits 0
STAT 20:cas_hits 0
STAT 20:cas_badval 0
STAT 20:touch_hits 0
STAT 21:chunk_size 8880
STAT 21:chunks_per_page 118
STAT 21:total_pages 1
STAT 21:total_chunks 118
STAT 21:used_chunks 118
STAT 21:free_chunks 0
STAT 21:free_chunks_end 0
STAT 21:mem_requested 922107
STAT 21:get_hits 1965774
STAT 21:cmd_set 29171
STAT 21:delete_hits 0
STAT 21:incr_hits 0
STAT 21:decr_hits 0
STAT 21:cas_hits 0
STAT 21:cas_badval 0
STAT 21:touch_hits 0
STAT 22:chunk_size 11104
STAT 22:chunks_per_page 94
STAT 22:total_pages 1
STAT 22:total_chunks 94
STAT 22:used_chunks 94
STAT 22:free_chunks 0
STAT 22:free_chunks_end 0
STAT 22:mem_requested 935797
STAT 22:get_hits 447946
STAT 22:cmd_set 16340
STAT 22:delete_hits 0
STAT 22:incr_hits 0
STAT 22:decr_hits 0
STAT 22:cas_hits 0
STAT 22:cas_badval 0
STAT 22:touch_hits 0
STAT 23:chunk_size 13880
STAT 23:chunks_per_page 75
STAT 23:total_pages 1
STAT 23:total_chunks 75
STAT 23:used_chunks 75
STAT 23:free_chunks 0
STAT 23:free_chunks_end 0
STAT 23:mem_requested 930194
STAT 23:get_hits 429280
STAT 23:cmd_set 8647
STAT 23:delete_hits 0
STAT 23:incr_hits 0
STAT 23:decr_hits 0
STAT 23:cas_hits 0
STAT 23:cas_badval 0
STAT 23:touch_hits 0
STAT 24:chunk_size 17352
STAT 24:chunks_per_page 60
STAT 24:total_pages 1
STAT 24:total_chunks 60
STAT 24:used_chunks 60
STAT 24:free_chunks 0
STAT 24:free_chunks_end 0
STAT 24:mem_requested 920863
STAT 24:get_hits 3524051
STAT 24:cmd_set 4867
STAT 24:delete_hits 0
STAT 24:incr_hits 0
STAT 24:decr_hits 0
STAT 24:cas_hits 0
STAT 24:cas_badval 0
STAT 24:touch_hits 0
STAT 25:chunk_size 21696
STAT 25:chunks_per_page 48
STAT 25:total_pages 1
STAT 25:total_chunks 48
STAT 25:used_chunks 48
STAT 25:free_chunks 0
STAT 25:free_chunks_end 0
STAT 25:mem_requested 929735
STAT 25:get_hits 958746
STAT 25:cmd_set 2633
STAT 25:delete_hits 0
STAT 25:incr_hits 0
STAT 25:decr_hits 0
STAT 25:cas_hits 0
STAT 25:cas_badval 0
STAT 25:touch_hits 0
STAT 26:chunk_size 27120
STAT 26:chunks_per_page 38
STAT 26:total_pages 1
STAT 26:total_chunks 38
STAT 26:used_chunks 38
STAT 26:free_chunks 0
STAT 26:free_chunks_end 0
STAT 26:mem_requested 903204
STAT 26:get_hits 480549
STAT 26:cmd_set 1355
STAT 26:delete_hits 0
STAT 26:incr_hits 0
STAT 26:decr_hits 0
STAT 26:cas_hits 0
STAT 26:cas_badval 0
STAT 26:touch_hits 0
STAT 27:chunk_size 33904
STAT 27:chunks_per_page 30
STAT 27:total_pages 1
STAT 27:total_chunks 30
STAT 27:used_chunks 30
STAT 27:free_chunks 0
STAT 27:free_chunks_end 0
STAT 27:mem_requested 899347
STAT 27:get_hits 2457726
STAT 27:cmd_set 696
STAT 27:delete_hits 0
STAT 27:incr_hits 0
STAT 27:decr_hits 0
STAT 27:cas_hits 0
STAT 27:cas_badval 0
STAT 27:touch_hits 0
STAT 28:chunk_size 42384
STAT 28:chunks_per_page 24
STAT 28:total_pages 1
STAT 28:total_chunks 24
STAT 28:used_chunks 24
STAT 28:free_chunks 0
STAT 28:free_chunks_end 0
STAT 28:mem_requested 910490
STAT 28:get_hits 613265
STAT 28:cmd_set 388
STAT 28:delete_hits 0
STAT 28:incr_hits 0
STAT 28:decr_hits 0
STAT 28:cas_hits 0
STAT 28:cas_badval 0
STAT 28:touch_hits 0
STAT 29:chunk_size 52984
STAT 29:chunks_per_page 19
STAT 29:total_pages 1
STAT 29:total_chunks 19
STAT 29:used_chunks 19
STAT 29:free_chunks 0
STAT 29:free_chunks_end 0
STAT 29:mem_requested 896930
STAT 29:get_hits 215481
STAT 29:cmd_set 220
STAT 29:delete_hits 0
STAT 29:incr_hits 0
STAT 29:decr_hits 0
STAT 29:cas_hits 0
STAT 29:cas_badval 0
STAT 29:touch_hits 0
STAT 30:chunk_size 66232
STAT 30:chunks_per_page 15
STAT 30:total_pages 1
STAT 30:total_chunks 15
STAT 30:used_chunks 15
STAT 30:free_chunks 0
STAT 30:free_chunks_end 0
STAT 30:mem_requested 899995
STAT 30:get_hits 294208
STAT 30:cmd_set 127
STAT 30:delete_hits 0
STAT 30:incr_hits 0
STAT 30:decr_hits 0
STAT 30:cas_hits 0
STAT 30:cas_badval 0
STAT 30:touch_hits 0
STAT 31:chunk_size 82792
STAT 31:chunks_per_page 12
STAT 31:total_pages 1
STAT 31:total_chunks 12
STAT 31:used_chunks 12
STAT 31:free_chunks 0
STAT 31:free_chunks_end 0
STAT 31:mem_requested 863900
STAT 31:get_hits 11644
STAT 31:cmd_set 63
STAT 31:delete_hits 0
STAT 31:incr_hits 0
STAT 31:decr_hits 0
STAT 31:cas_hits 0
STAT 31:cas_badval 0
STAT 31:touch_hits 0
STAT 32:chunk_size 103496
STAT 32:chunks_per_page 10
STAT 32:total_pages 1
STAT 32:total_chunks 10
STAT 32:used_chunks 10
STAT 32:free_chunks 0
STAT 32:free_chunks_end 0
STAT 32:mem_requested 919158
STAT 32:get_hits 7483
STAT 32:cmd_set 47
STAT 32:delete_hits 0
STAT 32:incr_hits 0
STAT 32:decr_hits 0
STAT 32:cas_hits 0
STAT 32:cas_badval 0
STAT 32:touch_hits 0
STAT 33:chunk_size 129376
STAT 33:chunks_per_page 8
STAT 33:total_pages 1
STAT 33:total_chunks 8
STAT 33:used_chunks 8
STAT 33:free_chunks 0
STAT 33:free_chunks_end 0
STAT 33:mem_requested 923852
STAT 33:get_hits 6003
STAT 33:cmd_set 22
STAT 33:delete_hits 0
STAT 33:incr_hits 0
STAT 33:decr_hits 0
STAT 33:cas_hits 0
STAT 33:cas_badval 0
STAT 33:touch_hits 0
STAT 34:chunk_size 161720
STAT 34:chunks_per_page 6
STAT 34:total_pages 1
STAT 34:total_chunks 6
STAT 34:used_chunks 6
STAT 34:free_chunks 0
STAT 34:free_chunks_end 0
STAT 34:mem_requested 893505
STAT 34:get_hits 1237
STAT 34:cmd_set 11
STAT 34:delete_hits 0
STAT 34:incr_hits 0
STAT 34:decr_hits 0
STAT 34:cas_hits 0
STAT 34:cas_badval 0
STAT 34:touch_hits 0
STAT 35:chunk_size 202152
STAT 35:chunks_per_page 5
STAT 35:total_pages 1
STAT 35:total_chunks 5
STAT 35:used_chunks 4
STAT 35:free_chunks 1
STAT 35:free_chunks_end 0
STAT 35:mem_requested 673454
STAT 35:get_hits 9
STAT 35:cmd_set 4
STAT 35:delete_hits 0
STAT 35:incr_hits 0
STAT 35:decr_hits 0
STAT 35:cas_hits 0
STAT 35:cas_badval 0
STAT 35:touch_hits 0
STAT 36:chunk_size 252696
STAT 36:chunks_per_page 4
STAT 36:total_pages 1
STAT 36:total_chunks 4
STAT 36:used_chunks 3
STAT 36:free_chunks 1
STAT 36:free_chunks_end 0
STAT 36:mem_requested 684903
STAT 36:get_hits 166
STAT 36:cmd_set 3
STAT 36:delete_hits 0
STAT 36:incr_hits 0
STAT 36:decr_hits 0
STAT 36:cas_hits 0
STAT 36:cas_badval 0
STAT 36:touch_hits 0
STAT 37:chunk_size 315872
STAT 37:chunks_per_page 3
STAT 37:total_pages 1
STAT 37:total_chunks 3
STAT 37:used_chunks 3
STAT 37:free_chunks 0
STAT 37:free_chunks_end 0
STAT 37:mem_requested 841706
STAT 37:get_hits 39
STAT 37:cmd_set 3
STAT 37:delete_hits 0
STAT 37:incr_hits 0
STAT 37:decr_hits 0
STAT 37:cas_hits 0
STAT 37:cas_badval 0
STAT 37:touch_hits 0
STAT 38:chunk_size 394840
STAT 38:chunks_per_page 2
STAT 38:total_pages 1
STAT 38:total_chunks 2
STAT 38:used_chunks 2
STAT 38:free_chunks 0
STAT 38:free_chunks_end 0
STAT 38:mem_requested 741534
STAT 38:get_hits 457
STAT 38:cmd_set 2
STAT 38:delete_hits 0
STAT 38:incr_hits 0
STAT 38:decr_hits 0
STAT 38:cas_hits 0
STAT 38:cas_badval 0
STAT 38:touch_hits 0
STAT active_slabs 38
STAT total_malloced 57671680
END
