#type       avg     std     min     5th    10th    90th    95th    99th
read       35.7    92.2    21.1    28.6    29.1    40.4    40.9    52.0
update     48.8   144.1    23.2    37.7    39.3    54.4    56.3    63.3
op_q        1.0     0.0     1.0     1.0     1.0     1.1     1.1     1.1

Total QPS = 119297.0 (1352556900 / 11337.7s)

Misses = 152556905 (12.7%)
Skipped TXs = 0 (0.0%)

RX 324873458258 bytes :   27.3 MB/s
TX 112501442182 bytes :    9.5 MB/s
_____________________
Using the existing distribution file: zipf-1.150000.dist
Using the existing distribution file: zipf-1.150000.dist
Using the existing distribution file: zipf-1.150000.dist
Using the existing distribution file: zipf-1.150000.dist
Finished reading in the distribution
Generating and stroing the rest of zipfian: range: 4000000000
Finished writing the distribution data
scale is: 7.01281range is: 4000000000
total record: 4000000000_max: 4e+09
Finished reading in the distribution
Generating and stroing the rest of zipfian: range: 4000000000
Finished writing the distribution data
scale is: 7.01281range is: 4000000000
total record: 4000000000_max: 4e+09
Finished reading in the distribution
Generating and stroing the rest of zipfian: range: 4000000000
Finished writing the distribution data
scale is: 7.01281range is: 4000000000
total record: 4000000000_max: 4e+09
Finished reading in the distribution
Generating and stroing the rest of zipfian: range: 4000000000
Finished writing the distribution data
scale is: 7.01281range is: 4000000000
total record: 4000000000_max: 4e+09
_____________________
_____________________
starting measure
stopping trace
mem_malloced: 1074790400
cache size base: 32
cache size base: 48
cache size base: 64
cache size base: 96
cache size base: 128
cache size base: 192
cache size base: 256
cache size base: 384
cache size base: 512
cache size base: 768
cache size base: 1024
cache size base: 1536
cache size base: 2048
cache size base: 3072
cache size base: 4096
cache size base: 6144
cache size base: 8192
cache size base: 12288
cache size base: 16384
cache size base: 24576
Objective value: 7.936215
latency bound: 0.700000
size.L1.0: 137.999991
size.L2i.0: 10059.593827
mr.L1.0: 0.140840
mr.L2.0: 0.059787
lat.0: 0.700000
cost.0: 7.936215
L1 size is: 138
starting slab monitoring
starting slab deallocate
stoping slab monitoring
---------------------
STAT pid 5849
STAT uptime 11717
STAT time 1471102488
STAT version 1.4.25
STAT libevent 2.0.21-stable
STAT pointer_size 64
STAT rusage_user 8643.116000
STAT rusage_system 19878.952000
STAT curr_connections 10
STAT total_connections 3887
STAT connection_structures 15
STAT reserved_fds 20
STAT cmd_get 797611813
STAT cmd_set 116896070
STAT cmd_flush 0
STAT cmd_touch 0
STAT get_hits 680715744
STAT get_misses 116896069
STAT delete_misses 0
STAT delete_hits 0
STAT incr_misses 0
STAT incr_hits 0
STAT decr_misses 0
STAT decr_hits 0
STAT cas_misses 0
STAT cas_hits 0
STAT cas_badval 0
STAT touch_hits 0
STAT touch_misses 0
STAT auth_cmds 0
STAT auth_errors 0
STAT bytes_read 78837407885
STAT bytes_written 244652346048
STAT limit_maxbytes 1073741824
STAT accepting_conns 1
STAT listen_disabled_num 0
STAT time_in_listen_disabled_us 0
STAT threads 4
STAT conn_yields 0
STAT hash_power_level 22
STAT hash_bytes 33554432
STAT hash_is_expanding 0
STAT slab_reassign_rescues 0
STAT slab_reassign_evictions_nomem 0
STAT slab_reassign_inline_reclaim 0
STAT slab_reassign_busy_items 0
STAT slab_reassign_running 1
STAT slabs_moved 0
STAT slabs_removed 0
STAT malloc_fails 0
STAT bytes 130642698
STAT curr_items 413323
STAT total_items 116896070
STAT expired_unfetched 0
STAT evicted_unfetched 94685932
STAT evictions 116779905
STAT reclaimed 0
STAT crawler_reclaimed 0
STAT crawler_items_checked 0
STAT lrutail_reflocked 576
END
---------------------
STAT 1:chunk_size 96
STAT 1:chunks_per_page 10922
STAT 1:total_pages 4
STAT 1:total_chunks 43688
STAT 1:used_chunks 43688
STAT 1:free_chunks 0
STAT 1:free_chunks_end 0
STAT 1:mem_requested 4041499
STAT 1:get_hits 57835348
STAT 1:cmd_set 10454776
STAT 1:delete_hits 0
STAT 1:incr_hits 0
STAT 1:decr_hits 0
STAT 1:cas_hits 0
STAT 1:cas_badval 0
STAT 1:touch_hits 0
STAT 2:chunk_size 120
STAT 2:chunks_per_page 8738
STAT 2:total_pages 16
STAT 2:total_chunks 139808
STAT 2:used_chunks 139808
STAT 2:free_chunks 0
STAT 2:free_chunks_end 0
STAT 2:mem_requested 14951340
STAT 2:get_hits 251000744
STAT 2:cmd_set 36874926
STAT 2:delete_hits 0
STAT 2:incr_hits 0
STAT 2:decr_hits 0
STAT 2:cas_hits 0
STAT 2:cas_badval 0
STAT 2:touch_hits 0
STAT 3:chunk_size 152
STAT 3:chunks_per_page 6898
STAT 3:total_pages 8
STAT 3:total_chunks 55184
STAT 3:used_chunks 55184
STAT 3:free_chunks 0
STAT 3:free_chunks_end 0
STAT 3:mem_requested 7368496
STAT 3:get_hits 88383245
STAT 3:cmd_set 13732201
STAT 3:delete_hits 0
STAT 3:incr_hits 0
STAT 3:decr_hits 0
STAT 3:cas_hits 0
STAT 3:cas_badval 0
STAT 3:touch_hits 0
STAT 4:chunk_size 192
STAT 4:chunks_per_page 5461
STAT 4:total_pages 5
STAT 4:total_chunks 27305
STAT 4:used_chunks 27305
STAT 4:free_chunks 0
STAT 4:free_chunks_end 0
STAT 4:mem_requested 4681876
STAT 4:get_hits 43435568
STAT 4:cmd_set 8987180
STAT 4:delete_hits 0
STAT 4:incr_hits 0
STAT 4:decr_hits 0
STAT 4:cas_hits 0
STAT 4:cas_badval 0
STAT 4:touch_hits 0
STAT 5:chunk_size 240
STAT 5:chunks_per_page 4369
STAT 5:total_pages 5
STAT 5:total_chunks 21845
STAT 5:used_chunks 21845
STAT 5:free_chunks 0
STAT 5:free_chunks_end 0
STAT 5:mem_requested 4711435
STAT 5:get_hits 35552421
STAT 5:cmd_set 8113390
STAT 5:delete_hits 0
STAT 5:incr_hits 0
STAT 5:decr_hits 0
STAT 5:cas_hits 0
STAT 5:cas_badval 0
STAT 5:touch_hits 0
STAT 6:chunk_size 304
STAT 6:chunks_per_page 3449
STAT 6:total_pages 6
STAT 6:total_chunks 20694
STAT 6:used_chunks 20694
STAT 6:free_chunks 0
STAT 6:free_chunks_end 0
STAT 6:mem_requested 5607725
STAT 6:get_hits 34833069
STAT 6:cmd_set 8244124
STAT 6:delete_hits 0
STAT 6:incr_hits 0
STAT 6:decr_hits 0
STAT 6:cas_hits 0
STAT 6:cas_badval 0
STAT 6:touch_hits 0
STAT 7:chunk_size 384
STAT 7:chunks_per_page 2730
STAT 7:total_pages 10
STAT 7:total_chunks 27300
STAT 7:used_chunks 27300
STAT 7:free_chunks 0
STAT 7:free_chunks_end 0
STAT 7:mem_requested 9348700
STAT 7:get_hits 43456696
STAT 7:cmd_set 7293246
STAT 7:delete_hits 0
STAT 7:incr_hits 0
STAT 7:decr_hits 0
STAT 7:cas_hits 0
STAT 7:cas_badval 0
STAT 7:touch_hits 0
STAT 8:chunk_size 480
STAT 8:chunks_per_page 2184
STAT 8:total_pages 11
STAT 8:total_chunks 24024
STAT 8:used_chunks 24024
STAT 8:free_chunks 0
STAT 8:free_chunks_end 0
STAT 8:mem_requested 10319874
STAT 8:get_hits 36911286
STAT 8:cmd_set 5955510
STAT 8:delete_hits 0
STAT 8:incr_hits 0
STAT 8:decr_hits 0
STAT 8:cas_hits 0
STAT 8:cas_badval 0
STAT 8:touch_hits 0
STAT 9:chunk_size 600
STAT 9:chunks_per_page 1747
STAT 9:total_pages 6
STAT 9:total_chunks 10482
STAT 9:used_chunks 10482
STAT 9:free_chunks 0
STAT 9:free_chunks_end 0
STAT 9:mem_requested 5619299
STAT 9:get_hits 17588589
STAT 9:cmd_set 4873656
STAT 9:delete_hits 0
STAT 9:incr_hits 0
STAT 9:decr_hits 0
STAT 9:cas_hits 0
STAT 9:cas_badval 0
STAT 9:touch_hits 0
STAT 10:chunk_size 752
STAT 10:chunks_per_page 1394
STAT 10:total_pages 7
STAT 10:total_chunks 9758
STAT 10:used_chunks 9758
STAT 10:free_chunks 0
STAT 10:free_chunks_end 0
STAT 10:mem_requested 6543010
STAT 10:get_hits 18002128
STAT 10:cmd_set 3843985
STAT 10:delete_hits 0
STAT 10:incr_hits 0
STAT 10:decr_hits 0
STAT 10:cas_hits 0
STAT 10:cas_badval 0
STAT 10:touch_hits 0
STAT 11:chunk_size 944
STAT 11:chunks_per_page 1110
STAT 11:total_pages 9
STAT 11:total_chunks 9990
STAT 11:used_chunks 9990
STAT 11:free_chunks 0
STAT 11:free_chunks_end 0
STAT 11:mem_requested 8392329
STAT 11:get_hits 15314933
STAT 11:cmd_set 2866682
STAT 11:delete_hits 0
STAT 11:incr_hits 0
STAT 11:decr_hits 0
STAT 11:cas_hits 0
STAT 11:cas_badval 0
STAT 11:touch_hits 0
STAT 12:chunk_size 1184
STAT 12:chunks_per_page 885
STAT 12:total_pages 13
STAT 12:total_chunks 11505
STAT 12:used_chunks 11505
STAT 12:free_chunks 0
STAT 12:free_chunks_end 0
STAT 12:mem_requested 12111729
STAT 12:get_hits 16377366
STAT 12:cmd_set 2014366
STAT 12:delete_hits 0
STAT 12:incr_hits 0
STAT 12:decr_hits 0
STAT 12:cas_hits 0
STAT 12:cas_badval 0
STAT 12:touch_hits 0
STAT 13:chunk_size 1480
STAT 13:chunks_per_page 708
STAT 13:total_pages 4
STAT 13:total_chunks 2832
STAT 13:used_chunks 2832
STAT 13:free_chunks 0
STAT 13:free_chunks_end 0
STAT 13:mem_requested 3724350
STAT 13:get_hits 5674199
STAT 13:cmd_set 1355825
STAT 13:delete_hits 0
STAT 13:incr_hits 0
STAT 13:decr_hits 0
STAT 13:cas_hits 0
STAT 13:cas_badval 0
STAT 13:touch_hits 0
STAT 14:chunk_size 1856
STAT 14:chunks_per_page 564
STAT 14:total_pages 6
STAT 14:total_chunks 3384
STAT 14:used_chunks 3384
STAT 14:free_chunks 0
STAT 14:free_chunks_end 0
STAT 14:mem_requested 5564870
STAT 14:get_hits 4677164
STAT 14:cmd_set 899193
STAT 14:delete_hits 0
STAT 14:incr_hits 0
STAT 14:decr_hits 0
STAT 14:cas_hits 0
STAT 14:cas_badval 0
STAT 14:touch_hits 0
STAT 15:chunk_size 2320
STAT 15:chunks_per_page 451
STAT 15:total_pages 5
STAT 15:total_chunks 2255
STAT 15:used_chunks 2255
STAT 15:free_chunks 0
STAT 15:free_chunks_end 0
STAT 15:mem_requested 4647989
STAT 15:get_hits 3647648
STAT 15:cmd_set 559098
STAT 15:delete_hits 0
STAT 15:incr_hits 0
STAT 15:decr_hits 0
STAT 15:cas_hits 0
STAT 15:cas_badval 0
STAT 15:touch_hits 0
STAT 16:chunk_size 2904
STAT 16:chunks_per_page 361
STAT 16:total_pages 4
STAT 16:total_chunks 1444
STAT 16:used_chunks 1444
STAT 16:free_chunks 0
STAT 16:free_chunks_end 0
STAT 16:mem_requested 3733050
STAT 16:get_hits 2804157
STAT 16:cmd_set 345826
STAT 16:delete_hits 0
STAT 16:incr_hits 0
STAT 16:decr_hits 0
STAT 16:cas_hits 0
STAT 16:cas_badval 0
STAT 16:touch_hits 0
STAT 17:chunk_size 3632
STAT 17:chunks_per_page 288
STAT 17:total_pages 1
STAT 17:total_chunks 288
STAT 17:used_chunks 288
STAT 17:free_chunks 0
STAT 17:free_chunks_end 0
STAT 17:mem_requested 930862
STAT 17:get_hits 732609
STAT 17:cmd_set 205766
STAT 17:delete_hits 0
STAT 17:incr_hits 0
STAT 17:decr_hits 0
STAT 17:cas_hits 0
STAT 17:cas_badval 0
STAT 17:touch_hits 0
STAT 18:chunk_size 4544
STAT 18:chunks_per_page 230
STAT 18:total_pages 2
STAT 18:total_chunks 460
STAT 18:used_chunks 460
STAT 18:free_chunks 0
STAT 18:free_chunks_end 0
STAT 18:mem_requested 1856181
STAT 18:get_hits 425203
STAT 18:cmd_set 120649
STAT 18:delete_hits 0
STAT 18:incr_hits 0
STAT 18:decr_hits 0
STAT 18:cas_hits 0
STAT 18:cas_badval 0
STAT 18:touch_hits 0
STAT 19:chunk_size 5680
STAT 19:chunks_per_page 184
STAT 19:total_pages 2
STAT 19:total_chunks 368
STAT 19:used_chunks 368
STAT 19:free_chunks 0
STAT 19:free_chunks_end 0
STAT 19:mem_requested 1865874
STAT 19:get_hits 339909
STAT 19:cmd_set 68454
STAT 19:delete_hits 0
STAT 19:incr_hits 0
STAT 19:decr_hits 0
STAT 19:cas_hits 0
STAT 19:cas_badval 0
STAT 19:touch_hits 0
STAT 20:chunk_size 7104
STAT 20:chunks_per_page 147
STAT 20:total_pages 1
STAT 20:total_chunks 147
STAT 20:used_chunks 147
STAT 20:free_chunks 0
STAT 20:free_chunks_end 0
STAT 20:mem_requested 942146
STAT 20:get_hits 118142
STAT 20:cmd_set 39251
STAT 20:delete_hits 0
STAT 20:incr_hits 0
STAT 20:decr_hits 0
STAT 20:cas_hits 0
STAT 20:cas_badval 0
STAT 20:touch_hits 0
STAT 21:chunk_size 8880
STAT 21:chunks_per_page 118
STAT 21:total_pages 1
STAT 21:total_chunks 118
STAT 21:used_chunks 118
STAT 21:free_chunks 0
STAT 21:free_chunks_end 0
STAT 21:mem_requested 926076
STAT 21:get_hits 130892
STAT 21:cmd_set 21709
STAT 21:delete_hits 0
STAT 21:incr_hits 0
STAT 21:decr_hits 0
STAT 21:cas_hits 0
STAT 21:cas_badval 0
STAT 21:touch_hits 0
STAT 22:chunk_size 11104
STAT 22:chunks_per_page 94
STAT 22:total_pages 1
STAT 22:total_chunks 94
STAT 22:used_chunks 94
STAT 22:free_chunks 0
STAT 22:free_chunks_end 0
STAT 22:mem_requested 927150
STAT 22:get_hits 108332
STAT 22:cmd_set 11983
STAT 22:delete_hits 0
STAT 22:incr_hits 0
STAT 22:decr_hits 0
STAT 22:cas_hits 0
STAT 22:cas_badval 0
STAT 22:touch_hits 0
STAT 23:chunk_size 13880
STAT 23:chunks_per_page 75
STAT 23:total_pages 1
STAT 23:total_chunks 75
STAT 23:used_chunks 75
STAT 23:free_chunks 0
STAT 23:free_chunks_end 0
STAT 23:mem_requested 914871
STAT 23:get_hits 587359
STAT 23:cmd_set 6559
STAT 23:delete_hits 0
STAT 23:incr_hits 0
STAT 23:decr_hits 0
STAT 23:cas_hits 0
STAT 23:cas_badval 0
STAT 23:touch_hits 0
STAT 24:chunk_size 17352
STAT 24:chunks_per_page 60
STAT 24:total_pages 1
STAT 24:total_chunks 60
STAT 24:used_chunks 60
STAT 24:free_chunks 0
STAT 24:free_chunks_end 0
STAT 24:mem_requested 916197
STAT 24:get_hits 1126195
STAT 24:cmd_set 3629
STAT 24:delete_hits 0
STAT 24:incr_hits 0
STAT 24:decr_hits 0
STAT 24:cas_hits 0
STAT 24:cas_badval 0
STAT 24:touch_hits 0
STAT 25:chunk_size 21696
STAT 25:chunks_per_page 48
STAT 25:total_pages 1
STAT 25:total_chunks 48
STAT 25:used_chunks 48
STAT 25:free_chunks 0
STAT 25:free_chunks_end 0
STAT 25:mem_requested 920160
STAT 25:get_hits 914898
STAT 25:cmd_set 1823
STAT 25:delete_hits 0
STAT 25:incr_hits 0
STAT 25:decr_hits 0
STAT 25:cas_hits 0
STAT 25:cas_badval 0
STAT 25:touch_hits 0
STAT 26:chunk_size 27120
STAT 26:chunks_per_page 38
STAT 26:total_pages 1
STAT 26:total_chunks 38
STAT 26:used_chunks 38
STAT 26:free_chunks 0
STAT 26:free_chunks_end 0
STAT 26:mem_requested 924259
STAT 26:get_hits 122695
STAT 26:cmd_set 1065
STAT 26:delete_hits 0
STAT 26:incr_hits 0
STAT 26:decr_hits 0
STAT 26:cas_hits 0
STAT 26:cas_badval 0
STAT 26:touch_hits 0
STAT 27:chunk_size 33904
STAT 27:chunks_per_page 30
STAT 27:total_pages 1
STAT 27:total_chunks 30
STAT 27:used_chunks 30
STAT 27:free_chunks 0
STAT 27:free_chunks_end 0
STAT 27:mem_requested 888268
STAT 27:get_hits 342321
STAT 27:cmd_set 533
STAT 27:delete_hits 0
STAT 27:incr_hits 0
STAT 27:decr_hits 0
STAT 27:cas_hits 0
STAT 27:cas_badval 0
STAT 27:touch_hits 0
STAT 28:chunk_size 42384
STAT 28:chunks_per_page 24
STAT 28:total_pages 1
STAT 28:total_chunks 24
STAT 28:used_chunks 24
STAT 28:free_chunks 0
STAT 28:free_chunks_end 0
STAT 28:mem_requested 885827
STAT 28:get_hits 47025
STAT 28:cmd_set 318
STAT 28:delete_hits 0
STAT 28:incr_hits 0
STAT 28:decr_hits 0
STAT 28:cas_hits 0
STAT 28:cas_badval 0
STAT 28:touch_hits 0
STAT 29:chunk_size 52984
STAT 29:chunks_per_page 19
STAT 29:total_pages 1
STAT 29:total_chunks 19
STAT 29:used_chunks 19
STAT 29:free_chunks 0
STAT 29:free_chunks_end 0
STAT 29:mem_requested 874648
STAT 29:get_hits 57713
STAT 29:cmd_set 170
STAT 29:delete_hits 0
STAT 29:incr_hits 0
STAT 29:decr_hits 0
STAT 29:cas_hits 0
STAT 29:cas_badval 0
STAT 29:touch_hits 0
STAT 30:chunk_size 66232
STAT 30:chunks_per_page 15
STAT 30:total_pages 1
STAT 30:total_chunks 15
STAT 30:used_chunks 15
STAT 30:free_chunks 0
STAT 30:free_chunks_end 0
STAT 30:mem_requested 895739
STAT 30:get_hits 85270
STAT 30:cmd_set 78
STAT 30:delete_hits 0
STAT 30:incr_hits 0
STAT 30:decr_hits 0
STAT 30:cas_hits 0
STAT 30:cas_badval 0
STAT 30:touch_hits 0
STAT 31:chunk_size 82792
STAT 31:chunks_per_page 12
STAT 31:total_pages 1
STAT 31:total_chunks 12
STAT 31:used_chunks 12
STAT 31:free_chunks 0
STAT 31:free_chunks_end 0
STAT 31:mem_requested 891618
STAT 31:get_hits 58972
STAT 31:cmd_set 50
STAT 31:delete_hits 0
STAT 31:incr_hits 0
STAT 31:decr_hits 0
STAT 31:cas_hits 0
STAT 31:cas_badval 0
STAT 31:touch_hits 0
STAT 32:chunk_size 103496
STAT 32:chunks_per_page 10
STAT 32:total_pages 1
STAT 32:total_chunks 10
STAT 32:used_chunks 10
STAT 32:free_chunks 0
STAT 32:free_chunks_end 0
STAT 32:mem_requested 876857
STAT 32:get_hits 5898
STAT 32:cmd_set 19
STAT 32:delete_hits 0
STAT 32:incr_hits 0
STAT 32:decr_hits 0
STAT 32:cas_hits 0
STAT 32:cas_badval 0
STAT 32:touch_hits 0
STAT 33:chunk_size 129376
STAT 33:chunks_per_page 8
STAT 33:total_pages 1
STAT 33:total_chunks 8
STAT 33:used_chunks 8
STAT 33:free_chunks 0
STAT 33:free_chunks_end 0
STAT 33:mem_requested 936604
STAT 33:get_hits 382
STAT 33:cmd_set 16
STAT 33:delete_hits 0
STAT 33:incr_hits 0
STAT 33:decr_hits 0
STAT 33:cas_hits 0
STAT 33:cas_badval 0
STAT 33:touch_hits 0
STAT 34:chunk_size 161720
STAT 34:chunks_per_page 6
STAT 34:total_pages 1
STAT 34:total_chunks 6
STAT 34:used_chunks 6
STAT 34:free_chunks 0
STAT 34:free_chunks_end 0
STAT 34:mem_requested 866972
STAT 34:get_hits 153
STAT 34:cmd_set 9
STAT 34:delete_hits 0
STAT 34:incr_hits 0
STAT 34:decr_hits 0
STAT 34:cas_hits 0
STAT 34:cas_badval 0
STAT 34:touch_hits 0
STAT 35:chunk_size 202152
STAT 35:chunks_per_page 5
STAT 35:total_pages 1
STAT 35:total_chunks 5
STAT 35:used_chunks 3
STAT 35:free_chunks 2
STAT 35:free_chunks_end 0
STAT 35:mem_requested 554817
STAT 35:get_hits 17204
STAT 35:cmd_set 3
STAT 35:delete_hits 0
STAT 35:incr_hits 0
STAT 35:decr_hits 0
STAT 35:cas_hits 0
STAT 35:cas_badval 0
STAT 35:touch_hits 0
STAT 36:chunk_size 252696
STAT 36:chunks_per_page 4
STAT 36:total_pages 1
STAT 36:total_chunks 4
STAT 36:used_chunks 1
STAT 36:free_chunks 3
STAT 36:free_chunks_end 0
STAT 36:mem_requested 214133
STAT 36:get_hits 0
STAT 36:cmd_set 1
STAT 36:delete_hits 0
STAT 36:incr_hits 0
STAT 36:decr_hits 0
STAT 36:cas_hits 0
STAT 36:cas_badval 0
STAT 36:touch_hits 0
STAT 37:chunk_size 315872
STAT 37:chunks_per_page 3
STAT 37:total_pages 1
STAT 37:total_chunks 3
STAT 37:used_chunks 1
STAT 37:free_chunks 2
STAT 37:free_chunks_end 0
STAT 37:mem_requested 265868
STAT 37:get_hits 11
STAT 37:cmd_set 1
STAT 37:delete_hits 0
STAT 37:incr_hits 0
STAT 37:decr_hits 0
STAT 37:cas_hits 0
STAT 37:cas_badval 0
STAT 37:touch_hits 0
STAT active_slabs 37
STAT total_malloced 148897792
END
