_____________________
Using the existing distribution file: zipf-1.150000.dist
Using the existing distribution file: zipf-1.150000.dist
Using the existing distribution file: zipf-1.150000.dist
Using the existing distribution file: zipf-1.150000.dist
Finished reading in the distribution
Generating and stroing the rest of zipfian: range: 4000000000
Finished writing the distribution data
scale is: 7.01281range is: 4000000000
total record: 4000000000_max: 4e+09
Finished reading in the distribution
Generating and stroing the rest of zipfian: range: 4000000000
Finished writing the distribution data
scale is: 7.01281range is: 4000000000
total record: 4000000000_max: 4e+09
Finished reading in the distribution
Generating and stroing the rest of zipfian: range: 4000000000
Finished writing the distribution data
scale is: 7.01281range is: 4000000000
total record: 4000000000_max: 4e+09
Finished reading in the distribution
Generating and stroing the rest of zipfian: range: 4000000000
Finished writing the distribution data
scale is: 7.01281range is: 4000000000
total record: 4000000000_max: 4e+09
Connection.cc(293): Unexpected EOF from server.
Connection.cc(290): BEV_EVENT_ERROR: Connection reset by peer
Connection.cc(290): BEV_EVENT_ERROR: Connection reset by peer
_____________________
_____________________
starting measure
stopping trace
mem_malloced: 1076887552
cache size base: 32
cache size base: 48
cache size base: 64
cache size base: 96
cache size base: 128
cache size base: 192
cache size base: 256
cache size base: 384
cache size base: 512
cache size base: 768
cache size base: 1024
cache size base: 1536
cache size base: 2048
cache size base: 3072
cache size base: 4096
cache size base: 6144
cache size base: 8192
cache size base: 12288
cache size base: 16384
50	0.188353
64	0.172174
77	0.163448
108	0.149581
138	0.140841
202	0.129153
258	0.122260
388	0.112172
510	0.105706
766	0.097097
1011	0.091468
1525	0.083637
2028	0.078573
3054	0.072528
4081	0.069298
6127	0.066787
8176	0.066627
12274	0.066627
16368	0.066627
LP infeasible	 exiting!
---------------------

---------------------

