got new connection
socket address: 0x100007f
, socket port: 0xfbc4
reading 0x700b30 
mrc size is : 14
size.L1.0: 411.910819
size.L2i.0: 1534.984986
mr.L1.0: 0.116440
mr.L2.0: 0.105041
lat.0: 1.141050
cost.0: 4.768358
_____________________
address: 0x700930	0
parent process
Using the existing distribution file: zipf-1.150000.dist
Using the existing distribution file: zipf-1.150000.dist
Using the existing distribution file: zipf-1.150000.dist
Using the existing distribution file: zipf-1.150000.dist
Finished reading in the distribution
Generating and stroing the rest of zipfian: range: 4000000000
Finished writing the distribution data
scale is: 7.01281range is: 4000000000
total record: 4000000000_max: 4e+09
Finished reading in the distribution
Generating and stroing the rest of zipfian: range: 4000000000
Finished writing the distribution data
scale is: 7.01281range is: 4000000000
total record: 4000000000_max: 4e+09
Finished reading in the distribution
Generating and stroing the rest of zipfian: range: 4000000000
Finished writing the distribution data
scale is: 7.01281range is: 4000000000
total record: 4000000000_max: 4e+09
Finished reading in the distribution
Generating and stroing the rest of zipfian: range: 4000000000
Finished writing the distribution data
scale is: 7.01281range is: 4000000000
total record: 4000000000_max: 4e+09
clear address: 0x700930	0
50	0.188766
64	0.1728
77	0.164248
108	0.150805
138	0.142524
202	0.131727
261	0.125569
390	0.11723
518	0.112615
771	0.107682
1034	0.105572
1535	0.105041
2058	0.105041
3082	0.105041
mrc_computed: 1	1
generating and solving lp
0	created the model
0	added MR constraints
0	objective function set	solving:
Objective value: 4.768358
latency bound: 1.141050
Connection.cc(290): BEV_EVENT_ERROR: Connection reset by peer
mutilate is done
_____________________
STAT 1:chunk_size 96
STAT 1:chunks_per_page 10922
STAT 1:total_pages 27
STAT 1:total_chunks 294894
STAT 1:used_chunks 294894
STAT 1:free_chunks 0
STAT 1:free_chunks_end 0
STAT 1:mem_requested 27279030
STAT 1:get_hits 2318828
STAT 1:cmd_set 312733
STAT 1:delete_hits 0
STAT 1:incr_hits 0
STAT 1:decr_hits 0
STAT 1:cas_hits 0
STAT 1:cas_badval 0
STAT 1:touch_hits 0
STAT 2:chunk_size 120
STAT 2:chunks_per_page 8738
STAT 2:total_pages 115
STAT 2:total_chunks 1004870
STAT 2:used_chunks 1004870
STAT 2:free_chunks 0
STAT 2:free_chunks_end 0
STAT 2:mem_requested 107448584
STAT 2:get_hits 7536328
STAT 2:cmd_set 1100148
STAT 2:delete_hits 0
STAT 2:incr_hits 0
STAT 2:decr_hits 0
STAT 2:cas_hits 0
STAT 2:cas_badval 0
STAT 2:touch_hits 0
STAT 3:chunk_size 152
STAT 3:chunks_per_page 6898
STAT 3:total_pages 54
STAT 3:total_chunks 372492
STAT 3:used_chunks 372492
STAT 3:free_chunks 0
STAT 3:free_chunks_end 0
STAT 3:mem_requested 49738964
STAT 3:get_hits 2137052
STAT 3:cmd_set 408884
STAT 3:delete_hits 0
STAT 3:incr_hits 0
STAT 3:decr_hits 0
STAT 3:cas_hits 0
STAT 3:cas_badval 0
STAT 3:touch_hits 0
STAT 4:chunk_size 192
STAT 4:chunks_per_page 5461
STAT 4:total_pages 45
STAT 4:total_chunks 245745
STAT 4:used_chunks 245745
STAT 4:free_chunks 0
STAT 4:free_chunks_end 0
STAT 4:mem_requested 42113007
STAT 4:get_hits 1547332
STAT 4:cmd_set 267890
STAT 4:delete_hits 0
STAT 4:incr_hits 0
STAT 4:decr_hits 0
STAT 4:cas_hits 0
STAT 4:cas_badval 0
STAT 4:touch_hits 0
STAT 5:chunk_size 240
STAT 5:chunks_per_page 4369
STAT 5:total_pages 51
STAT 5:total_chunks 222819
STAT 5:used_chunks 222819
STAT 5:free_chunks 0
STAT 5:free_chunks_end 0
STAT 5:mem_requested 48050777
STAT 5:get_hits 1570237
STAT 5:cmd_set 241903
STAT 5:delete_hits 0
STAT 5:incr_hits 0
STAT 5:decr_hits 0
STAT 5:cas_hits 0
STAT 5:cas_badval 0
STAT 5:touch_hits 0
STAT 6:chunk_size 304
STAT 6:chunks_per_page 3449
STAT 6:total_pages 66
STAT 6:total_chunks 227634
STAT 6:used_chunks 227634
STAT 6:free_chunks 0
STAT 6:free_chunks_end 0
STAT 6:mem_requested 61648491
STAT 6:get_hits 1840513
STAT 6:cmd_set 246736
STAT 6:delete_hits 0
STAT 6:incr_hits 0
STAT 6:decr_hits 0
STAT 6:cas_hits 0
STAT 6:cas_badval 0
STAT 6:touch_hits 0
STAT 7:chunk_size 384
STAT 7:chunks_per_page 2730
STAT 7:total_pages 73
STAT 7:total_chunks 199290
STAT 7:used_chunks 199290
STAT 7:free_chunks 0
STAT 7:free_chunks_end 0
STAT 7:mem_requested 68162552
STAT 7:get_hits 6959903
STAT 7:cmd_set 217525
STAT 7:delete_hits 0
STAT 7:incr_hits 0
STAT 7:decr_hits 0
STAT 7:cas_hits 0
STAT 7:cas_badval 0
STAT 7:touch_hits 0
STAT 8:chunk_size 480
STAT 8:chunks_per_page 2184
STAT 8:total_pages 75
STAT 8:total_chunks 163800
STAT 8:used_chunks 163800
STAT 8:free_chunks 0
STAT 8:free_chunks_end 0
STAT 8:mem_requested 70341322
STAT 8:get_hits 828160
STAT 8:cmd_set 178218
STAT 8:delete_hits 0
STAT 8:incr_hits 0
STAT 8:decr_hits 0
STAT 8:cas_hits 0
STAT 8:cas_badval 0
STAT 8:touch_hits 0
STAT 9:chunk_size 600
STAT 9:chunks_per_page 1747
STAT 9:total_pages 76
STAT 9:total_chunks 132772
STAT 9:used_chunks 132772
STAT 9:free_chunks 0
STAT 9:free_chunks_end 0
STAT 9:mem_requested 71137686
STAT 9:get_hits 701887
STAT 9:cmd_set 145607
STAT 9:delete_hits 0
STAT 9:incr_hits 0
STAT 9:decr_hits 0
STAT 9:cas_hits 0
STAT 9:cas_badval 0
STAT 9:touch_hits 0
STAT 10:chunk_size 752
STAT 10:chunks_per_page 1394
STAT 10:total_pages 75
STAT 10:total_chunks 104550
STAT 10:used_chunks 104550
STAT 10:free_chunks 0
STAT 10:free_chunks_end 0
STAT 10:mem_requested 70073220
STAT 10:get_hits 507571
STAT 10:cmd_set 114338
STAT 10:delete_hits 0
STAT 10:incr_hits 0
STAT 10:decr_hits 0
STAT 10:cas_hits 0
STAT 10:cas_badval 0
STAT 10:touch_hits 0
STAT 11:chunk_size 944
STAT 11:chunks_per_page 1110
STAT 11:total_pages 71
STAT 11:total_chunks 78810
STAT 11:used_chunks 78810
STAT 11:free_chunks 0
STAT 11:free_chunks_end 0
STAT 11:mem_requested 66166234
STAT 11:get_hits 2794282
STAT 11:cmd_set 85348
STAT 11:delete_hits 0
STAT 11:incr_hits 0
STAT 11:decr_hits 0
STAT 11:cas_hits 0
STAT 11:cas_badval 0
STAT 11:touch_hits 0
STAT 12:chunk_size 1184
STAT 12:chunks_per_page 885
STAT 12:total_pages 62
STAT 12:total_chunks 54870
STAT 12:used_chunks 54870
STAT 12:free_chunks 0
STAT 12:free_chunks_end 0
STAT 12:mem_requested 57754366
STAT 12:get_hits 339258
STAT 12:cmd_set 59859
STAT 12:delete_hits 0
STAT 12:incr_hits 0
STAT 12:decr_hits 0
STAT 12:cas_hits 0
STAT 12:cas_badval 0
STAT 12:touch_hits 0
STAT 13:chunk_size 1480
STAT 13:chunks_per_page 708
STAT 13:total_pages 53
STAT 13:total_chunks 37524
STAT 13:used_chunks 37524
STAT 13:free_chunks 0
STAT 13:free_chunks_end 0
STAT 13:mem_requested 49431149
STAT 13:get_hits 617821
STAT 13:cmd_set 40472
STAT 13:delete_hits 0
STAT 13:incr_hits 0
STAT 13:decr_hits 0
STAT 13:cas_hits 0
STAT 13:cas_badval 0
STAT 13:touch_hits 0
STAT 14:chunk_size 1856
STAT 14:chunks_per_page 564
STAT 14:total_pages 43
STAT 14:total_chunks 24252
STAT 14:used_chunks 24252
STAT 14:free_chunks 0
STAT 14:free_chunks_end 0
STAT 14:mem_requested 39963285
STAT 14:get_hits 204054
STAT 14:cmd_set 26517
STAT 14:delete_hits 0
STAT 14:incr_hits 0
STAT 14:decr_hits 0
STAT 14:cas_hits 0
STAT 14:cas_badval 0
STAT 14:touch_hits 0
STAT 15:chunk_size 2320
STAT 15:chunks_per_page 451
STAT 15:total_pages 34
STAT 15:total_chunks 15334
STAT 15:used_chunks 15334
STAT 15:free_chunks 0
STAT 15:free_chunks_end 0
STAT 15:mem_requested 31603730
STAT 15:get_hits 245808
STAT 15:cmd_set 16743
STAT 15:delete_hits 0
STAT 15:incr_hits 0
STAT 15:decr_hits 0
STAT 15:cas_hits 0
STAT 15:cas_badval 0
STAT 15:touch_hits 0
STAT 16:chunk_size 2904
STAT 16:chunks_per_page 361
STAT 16:total_pages 27
STAT 16:total_chunks 9747
STAT 16:used_chunks 9747
STAT 16:free_chunks 0
STAT 16:free_chunks_end 0
STAT 16:mem_requested 25134143
STAT 16:get_hits 37136
STAT 16:cmd_set 10297
STAT 16:delete_hits 0
STAT 16:incr_hits 0
STAT 16:decr_hits 0
STAT 16:cas_hits 0
STAT 16:cas_badval 0
STAT 16:touch_hits 0
STAT 17:chunk_size 3632
STAT 17:chunks_per_page 288
STAT 17:total_pages 20
STAT 17:total_chunks 5760
STAT 17:used_chunks 5760
STAT 17:free_chunks 0
STAT 17:free_chunks_end 0
STAT 17:mem_requested 18544816
STAT 17:get_hits 23971
STAT 17:cmd_set 6107
STAT 17:delete_hits 0
STAT 17:incr_hits 0
STAT 17:decr_hits 0
STAT 17:cas_hits 0
STAT 17:cas_badval 0
STAT 17:touch_hits 0
STAT 18:chunk_size 4544
STAT 18:chunks_per_page 230
STAT 18:total_pages 15
STAT 18:total_chunks 3450
STAT 18:used_chunks 3450
STAT 18:free_chunks 0
STAT 18:free_chunks_end 0
STAT 18:mem_requested 13915398
STAT 18:get_hits 10835
STAT 18:cmd_set 3525
STAT 18:delete_hits 0
STAT 18:incr_hits 0
STAT 18:decr_hits 0
STAT 18:cas_hits 0
STAT 18:cas_badval 0
STAT 18:touch_hits 0
STAT 19:chunk_size 5680
STAT 19:chunks_per_page 184
STAT 19:total_pages 11
STAT 19:total_chunks 2024
STAT 19:used_chunks 2024
STAT 19:free_chunks 0
STAT 19:free_chunks_end 0
STAT 19:mem_requested 10185005
STAT 19:get_hits 8171
STAT 19:cmd_set 2030
STAT 19:delete_hits 0
STAT 19:incr_hits 0
STAT 19:decr_hits 0
STAT 19:cas_hits 0
STAT 19:cas_badval 0
STAT 19:touch_hits 0
STAT 20:chunk_size 7104
STAT 20:chunks_per_page 147
STAT 20:total_pages 7
STAT 20:total_chunks 1029
STAT 20:used_chunks 1029
STAT 20:free_chunks 0
STAT 20:free_chunks_end 0
STAT 20:mem_requested 6489292
STAT 20:get_hits 2593
STAT 20:cmd_set 1121
STAT 20:delete_hits 0
STAT 20:incr_hits 0
STAT 20:decr_hits 0
STAT 20:cas_hits 0
STAT 20:cas_badval 0
STAT 20:touch_hits 0
STAT 21:chunk_size 8880
STAT 21:chunks_per_page 118
STAT 21:total_pages 6
STAT 21:total_chunks 708
STAT 21:used_chunks 650
STAT 21:free_chunks 58
STAT 21:free_chunks_end 0
STAT 21:mem_requested 5110360
STAT 21:get_hits 2286
STAT 21:cmd_set 650
STAT 21:delete_hits 0
STAT 21:incr_hits 0
STAT 21:decr_hits 0
STAT 21:cas_hits 0
STAT 21:cas_badval 0
STAT 21:touch_hits 0
STAT 22:chunk_size 11104
STAT 22:chunks_per_page 94
STAT 22:total_pages 4
STAT 22:total_chunks 376
STAT 22:used_chunks 345
STAT 22:free_chunks 31
STAT 22:free_chunks_end 0
STAT 22:mem_requested 3383384
STAT 22:get_hits 1037
STAT 22:cmd_set 345
STAT 22:delete_hits 0
STAT 22:incr_hits 0
STAT 22:decr_hits 0
STAT 22:cas_hits 0
STAT 22:cas_badval 0
STAT 22:touch_hits 0
STAT 23:chunk_size 13880
STAT 23:chunks_per_page 75
STAT 23:total_pages 3
STAT 23:total_chunks 225
STAT 23:used_chunks 220
STAT 23:free_chunks 5
STAT 23:free_chunks_end 0
STAT 23:mem_requested 2690060
STAT 23:get_hits 152
STAT 23:cmd_set 220
STAT 23:delete_hits 0
STAT 23:incr_hits 0
STAT 23:decr_hits 0
STAT 23:cas_hits 0
STAT 23:cas_badval 0
STAT 23:touch_hits 0
STAT 24:chunk_size 17352
STAT 24:chunks_per_page 60
STAT 24:total_pages 2
STAT 24:total_chunks 120
STAT 24:used_chunks 105
STAT 24:free_chunks 15
STAT 24:free_chunks_end 0
STAT 24:mem_requested 1613919
STAT 24:get_hits 229
STAT 24:cmd_set 105
STAT 24:delete_hits 0
STAT 24:incr_hits 0
STAT 24:decr_hits 0
STAT 24:cas_hits 0
STAT 24:cas_badval 0
STAT 24:touch_hits 0
STAT 25:chunk_size 21696
STAT 25:chunks_per_page 48
STAT 25:total_pages 2
STAT 25:total_chunks 96
STAT 25:used_chunks 63
STAT 25:free_chunks 33
STAT 25:free_chunks_end 0
STAT 25:mem_requested 1228503
STAT 25:get_hits 149
STAT 25:cmd_set 63
STAT 25:delete_hits 0
STAT 25:incr_hits 0
STAT 25:decr_hits 0
STAT 25:cas_hits 0
STAT 25:cas_badval 0
STAT 25:touch_hits 0
STAT 26:chunk_size 27120
STAT 26:chunks_per_page 38
STAT 26:total_pages 1
STAT 26:total_chunks 38
STAT 26:used_chunks 30
STAT 26:free_chunks 8
STAT 26:free_chunks_end 0
STAT 26:mem_requested 714955
STAT 26:get_hits 15
STAT 26:cmd_set 30
STAT 26:delete_hits 0
STAT 26:incr_hits 0
STAT 26:decr_hits 0
STAT 26:cas_hits 0
STAT 26:cas_badval 0
STAT 26:touch_hits 0
STAT 27:chunk_size 33904
STAT 27:chunks_per_page 30
STAT 27:total_pages 1
STAT 27:total_chunks 30
STAT 27:used_chunks 16
STAT 27:free_chunks 14
STAT 27:free_chunks_end 0
STAT 27:mem_requested 476052
STAT 27:get_hits 703
STAT 27:cmd_set 16
STAT 27:delete_hits 0
STAT 27:incr_hits 0
STAT 27:decr_hits 0
STAT 27:cas_hits 0
STAT 27:cas_badval 0
STAT 27:touch_hits 0
STAT 28:chunk_size 42384
STAT 28:chunks_per_page 24
STAT 28:total_pages 1
STAT 28:total_chunks 24
STAT 28:used_chunks 17
STAT 28:free_chunks 7
STAT 28:free_chunks_end 0
STAT 28:mem_requested 638573
STAT 28:get_hits 1
STAT 28:cmd_set 17
STAT 28:delete_hits 0
STAT 28:incr_hits 0
STAT 28:decr_hits 0
STAT 28:cas_hits 0
STAT 28:cas_badval 0
STAT 28:touch_hits 0
STAT 29:chunk_size 52984
STAT 29:chunks_per_page 19
STAT 29:total_pages 1
STAT 29:total_chunks 19
STAT 29:used_chunks 5
STAT 29:free_chunks 14
STAT 29:free_chunks_end 0
STAT 29:mem_requested 239369
STAT 29:get_hits 0
STAT 29:cmd_set 5
STAT 29:delete_hits 0
STAT 29:incr_hits 0
STAT 29:decr_hits 0
STAT 29:cas_hits 0
STAT 29:cas_badval 0
STAT 29:touch_hits 0
STAT 30:chunk_size 66232
STAT 30:chunks_per_page 15
STAT 30:total_pages 1
STAT 30:total_chunks 15
STAT 30:used_chunks 2
STAT 30:free_chunks 13
STAT 30:free_chunks_end 0
STAT 30:mem_requested 118753
STAT 30:get_hits 6
STAT 30:cmd_set 2
STAT 30:delete_hits 0
STAT 30:incr_hits 0
STAT 30:decr_hits 0
STAT 30:cas_hits 0
STAT 30:cas_badval 0
STAT 30:touch_hits 0
STAT 32:chunk_size 103496
STAT 32:chunks_per_page 10
STAT 32:total_pages 1
STAT 32:total_chunks 10
STAT 32:used_chunks 1
STAT 32:free_chunks 9
STAT 32:free_chunks_end 0
STAT 32:mem_requested 95924
STAT 32:get_hits 0
STAT 32:cmd_set 1
STAT 32:delete_hits 0
STAT 32:incr_hits 0
STAT 32:decr_hits 0
STAT 32:cas_hits 0
STAT 32:cas_badval 0
STAT 32:touch_hits 0
STAT 34:chunk_size 161720
STAT 34:chunks_per_page 6
STAT 34:total_pages 1
STAT 34:total_chunks 6
STAT 34:used_chunks 1
STAT 34:free_chunks 5
STAT 34:free_chunks_end 0
STAT 34:mem_requested 133765
STAT 34:get_hits 0
STAT 34:cmd_set 1
STAT 34:delete_hits 0
STAT 34:incr_hits 0
STAT 34:decr_hits 0
STAT 34:cas_hits 0
STAT 34:cas_badval 0
STAT 34:touch_hits 0
STAT active_slabs 32
STAT total_malloced 1072823632
END
********************
STAT pid 29161
STAT uptime 332
STAT time 1470998030
STAT version 1.4.25
STAT libevent 2.0.21-stable
STAT pointer_size 64
STAT rusage_user 453.372000
STAT rusage_system 558.020000
STAT curr_connections 10
STAT total_connections 16
STAT connection_structures 14
STAT reserved_fds 20
STAT cmd_get 33723775
STAT cmd_set 3487456
STAT cmd_flush 0
STAT cmd_touch 0
STAT get_hits 30236318
STAT get_misses 3487457
STAT delete_misses 0
STAT delete_hits 0
STAT incr_misses 0
STAT incr_hits 0
STAT decr_misses 0
STAT decr_hits 0
STAT cas_misses 0
STAT cas_hits 0
STAT cas_badval 0
STAT touch_hits 0
STAT touch_misses 0
STAT auth_cmds 0
STAT auth_errors 0
STAT bytes_read 2951387492
STAT bytes_written 9713295870
STAT limit_maxbytes 1073741824
STAT accepting_conns 1
STAT listen_disabled_num 0
STAT time_in_listen_disabled_us 0
STAT threads 4
STAT conn_yields 0
STAT hash_power_level 22
STAT hash_bytes 33554432
STAT hash_is_expanding 0
STAT malloc_fails 0
STAT bytes 951624668
STAT curr_items 3203121
STAT total_items 3487456
STAT expired_unfetched 0
STAT evicted_unfetched 271718
STAT evictions 282270
STAT reclaimed 0
STAT crawler_reclaimed 0
STAT crawler_items_checked 0
STAT lrutail_reflocked 9222
END
