got new connection
socket address: 0x100007f
, socket port: 0x9c5
reading 0xd20b30 
mrc size is : 17
#type       avg     std     min     5th    10th    90th    95th    99th
read       34.0    10.3    21.1    28.2    28.6    39.9    40.8    50.7
update     47.3    12.8    23.2    37.1    39.6    54.6    57.6    62.6
op_q        1.0     0.0     1.0     1.0     1.0     1.1     1.1     1.1

Total QPS = 116124.7 (870162103 / 7493.3s)

Misses = 70162107 (8.8%)
Skipped TXs = 0 (0.0%)

RX 167139429873 bytes :   21.3 MB/s
TX 66732571754 bytes :    8.5 MB/s
size.L1.0: 1033.998918
size.L2i.0: 4011.736412
mr.L1.0: 0.095908
mr.L2.0: 0.086436
lat.0: 0.956661
cost.0: 12.075049
_____________________
address: 0xd20930	0
parent process
Using the existing distribution file: Using the existing distribution file: Using the existing distribution file: zipf-1.150000.distzipf-1.150000.distzipf-1.150000.distUsing the existing distribution file: zipf-1.150000.dist



Finished reading in the distribution
Generating and stroing the rest of zipfian: range: 4000000000
Finished writing the distribution data
scale is: 7.01281range is: 4000000000
total record: 4000000000_max: 4e+09
Finished reading in the distribution
Generating and stroing the rest of zipfian: range: 4000000000
Finished writing the distribution data
scale is: 7.01281range is: 4000000000
total record: 4000000000_max: 4e+09
Finished reading in the distribution
Generating and stroing the rest of zipfian: range: 4000000000
Finished writing the distribution data
scale is: 7.01281range is: 4000000000
total record: 4000000000_max: 4e+09
Finished reading in the distribution
Generating and stroing the rest of zipfian: range: 4000000000
Finished writing the distribution data
scale is: 7.01281range is: 4000000000
total record: 4000000000_max: 4e+09
clear address: 0xd20930	0
50	0.188429
64	0.172297
77	0.163657
108	0.14995
138	0.141364
201	0.12999
262	0.123252
390	0.113721
519	0.107887
772	0.100499
1034	0.095908
1535	0.0908047
2058	0.0881378
3082	0.0864443
4106	0.0864348
6154	0.0864348
8202	0.0864348
mrc_computed: 1	1
generating and solving lp
0	created the model
0	added MR constraints
0	objective function set	solving:
Objective value: 12.075049
latency bound: 0.956661
mutilate is done
_____________________
STAT 1:chunk_size 96
STAT 1:chunks_per_page 10922
STAT 1:total_pages 28
STAT 1:total_chunks 305816
STAT 1:used_chunks 305816
STAT 1:free_chunks 0
STAT 1:free_chunks_end 0
STAT 1:mem_requested 28289447
STAT 1:get_hits 64831283
STAT 1:cmd_set 5510267
STAT 1:delete_hits 0
STAT 1:incr_hits 0
STAT 1:decr_hits 0
STAT 1:cas_hits 0
STAT 1:cas_badval 0
STAT 1:touch_hits 0
STAT 2:chunk_size 120
STAT 2:chunks_per_page 8738
STAT 2:total_pages 116
STAT 2:total_chunks 1013608
STAT 2:used_chunks 1013608
STAT 2:free_chunks 0
STAT 2:free_chunks_end 0
STAT 2:mem_requested 108386242
STAT 2:get_hits 237589876
STAT 2:cmd_set 19401292
STAT 2:delete_hits 0
STAT 2:incr_hits 0
STAT 2:decr_hits 0
STAT 2:cas_hits 0
STAT 2:cas_badval 0
STAT 2:touch_hits 0
STAT 3:chunk_size 152
STAT 3:chunks_per_page 6898
STAT 3:total_pages 56
STAT 3:total_chunks 386288
STAT 3:used_chunks 386288
STAT 3:free_chunks 0
STAT 3:free_chunks_end 0
STAT 3:mem_requested 51576415
STAT 3:get_hits 47310428
STAT 3:cmd_set 7220835
STAT 3:delete_hits 0
STAT 3:incr_hits 0
STAT 3:decr_hits 0
STAT 3:cas_hits 0
STAT 3:cas_badval 0
STAT 3:touch_hits 0
STAT 4:chunk_size 192
STAT 4:chunks_per_page 5461
STAT 4:total_pages 46
STAT 4:total_chunks 251206
STAT 4:used_chunks 251206
STAT 4:free_chunks 0
STAT 4:free_chunks_end 0
STAT 4:mem_requested 43045148
STAT 4:get_hits 51705341
STAT 4:cmd_set 4726875
STAT 4:delete_hits 0
STAT 4:incr_hits 0
STAT 4:decr_hits 0
STAT 4:cas_hits 0
STAT 4:cas_badval 0
STAT 4:touch_hits 0
STAT 5:chunk_size 240
STAT 5:chunks_per_page 4369
STAT 5:total_pages 52
STAT 5:total_chunks 227188
STAT 5:used_chunks 227188
STAT 5:free_chunks 0
STAT 5:free_chunks_end 0
STAT 5:mem_requested 49007477
STAT 5:get_hits 72916930
STAT 5:cmd_set 4271160
STAT 5:delete_hits 0
STAT 5:incr_hits 0
STAT 5:decr_hits 0
STAT 5:cas_hits 0
STAT 5:cas_badval 0
STAT 5:touch_hits 0
STAT 6:chunk_size 304
STAT 6:chunks_per_page 3449
STAT 6:total_pages 66
STAT 6:total_chunks 227634
STAT 6:used_chunks 227634
STAT 6:free_chunks 0
STAT 6:free_chunks_end 0
STAT 6:mem_requested 61648824
STAT 6:get_hits 28668137
STAT 6:cmd_set 4341797
STAT 6:delete_hits 0
STAT 6:incr_hits 0
STAT 6:decr_hits 0
STAT 6:cas_hits 0
STAT 6:cas_badval 0
STAT 6:touch_hits 0
STAT 7:chunk_size 384
STAT 7:chunks_per_page 2730
STAT 7:total_pages 74
STAT 7:total_chunks 202020
STAT 7:used_chunks 202020
STAT 7:free_chunks 0
STAT 7:free_chunks_end 0
STAT 7:mem_requested 69113347
STAT 7:get_hits 52998920
STAT 7:cmd_set 3839024
STAT 7:delete_hits 0
STAT 7:incr_hits 0
STAT 7:decr_hits 0
STAT 7:cas_hits 0
STAT 7:cas_badval 0
STAT 7:touch_hits 0
STAT 8:chunk_size 480
STAT 8:chunks_per_page 2184
STAT 8:total_pages 76
STAT 8:total_chunks 165984
STAT 8:used_chunks 165984
STAT 8:free_chunks 0
STAT 8:free_chunks_end 0
STAT 8:mem_requested 71262800
STAT 8:get_hits 24327256
STAT 8:cmd_set 3135362
STAT 8:delete_hits 0
STAT 8:incr_hits 0
STAT 8:decr_hits 0
STAT 8:cas_hits 0
STAT 8:cas_badval 0
STAT 8:touch_hits 0
STAT 9:chunk_size 600
STAT 9:chunks_per_page 1747
STAT 9:total_pages 77
STAT 9:total_chunks 134519
STAT 9:used_chunks 134519
STAT 9:free_chunks 0
STAT 9:free_chunks_end 0
STAT 9:mem_requested 72090914
STAT 9:get_hits 18523131
STAT 9:cmd_set 2565137
STAT 9:delete_hits 0
STAT 9:incr_hits 0
STAT 9:decr_hits 0
STAT 9:cas_hits 0
STAT 9:cas_badval 0
STAT 9:touch_hits 0
STAT 10:chunk_size 752
STAT 10:chunks_per_page 1394
STAT 10:total_pages 75
STAT 10:total_chunks 104550
STAT 10:used_chunks 104550
STAT 10:free_chunks 0
STAT 10:free_chunks_end 0
STAT 10:mem_requested 70050298
STAT 10:get_hits 9660626
STAT 10:cmd_set 2021789
STAT 10:delete_hits 0
STAT 10:incr_hits 0
STAT 10:decr_hits 0
STAT 10:cas_hits 0
STAT 10:cas_badval 0
STAT 10:touch_hits 0
STAT 11:chunk_size 944
STAT 11:chunks_per_page 1110
STAT 11:total_pages 71
STAT 11:total_chunks 78810
STAT 11:used_chunks 78810
STAT 11:free_chunks 0
STAT 11:free_chunks_end 0
STAT 11:mem_requested 66183070
STAT 11:get_hits 10577521
STAT 11:cmd_set 1508887
STAT 11:delete_hits 0
STAT 11:incr_hits 0
STAT 11:decr_hits 0
STAT 11:cas_hits 0
STAT 11:cas_badval 0
STAT 11:touch_hits 0
STAT 12:chunk_size 1184
STAT 12:chunks_per_page 885
STAT 12:total_pages 63
STAT 12:total_chunks 55755
STAT 12:used_chunks 55755
STAT 12:free_chunks 0
STAT 12:free_chunks_end 0
STAT 12:mem_requested 58702433
STAT 12:get_hits 5169661
STAT 12:cmd_set 1060481
STAT 12:delete_hits 0
STAT 12:incr_hits 0
STAT 12:decr_hits 0
STAT 12:cas_hits 0
STAT 12:cas_badval 0
STAT 12:touch_hits 0
STAT 13:chunk_size 1480
STAT 13:chunks_per_page 708
STAT 13:total_pages 54
STAT 13:total_chunks 38232
STAT 13:used_chunks 38232
STAT 13:free_chunks 0
STAT 13:free_chunks_end 0
STAT 13:mem_requested 50373531
STAT 13:get_hits 3126332
STAT 13:cmd_set 714242
STAT 13:delete_hits 0
STAT 13:incr_hits 0
STAT 13:decr_hits 0
STAT 13:cas_hits 0
STAT 13:cas_badval 0
STAT 13:touch_hits 0
STAT 14:chunk_size 1856
STAT 14:chunks_per_page 564
STAT 14:total_pages 44
STAT 14:total_chunks 24816
STAT 14:used_chunks 24816
STAT 14:free_chunks 0
STAT 14:free_chunks_end 0
STAT 14:mem_requested 40887050
STAT 14:get_hits 13836224
STAT 14:cmd_set 473726
STAT 14:delete_hits 0
STAT 14:incr_hits 0
STAT 14:decr_hits 0
STAT 14:cas_hits 0
STAT 14:cas_badval 0
STAT 14:touch_hits 0
STAT 15:chunk_size 2320
STAT 15:chunks_per_page 451
STAT 15:total_pages 34
STAT 15:total_chunks 15334
STAT 15:used_chunks 15334
STAT 15:free_chunks 0
STAT 15:free_chunks_end 0
STAT 15:mem_requested 31623046
STAT 15:get_hits 2680199
STAT 15:cmd_set 293220
STAT 15:delete_hits 0
STAT 15:incr_hits 0
STAT 15:decr_hits 0
STAT 15:cas_hits 0
STAT 15:cas_badval 0
STAT 15:touch_hits 0
STAT 16:chunk_size 2904
STAT 16:chunks_per_page 361
STAT 16:total_pages 27
STAT 16:total_chunks 9747
STAT 16:used_chunks 9747
STAT 16:free_chunks 0
STAT 16:free_chunks_end 0
STAT 16:mem_requested 25116466
STAT 16:get_hits 1006392
STAT 16:cmd_set 182191
STAT 16:delete_hits 0
STAT 16:incr_hits 0
STAT 16:decr_hits 0
STAT 16:cas_hits 0
STAT 16:cas_badval 0
STAT 16:touch_hits 0
STAT 17:chunk_size 3632
STAT 17:chunks_per_page 288
STAT 17:total_pages 19
STAT 17:total_chunks 5472
STAT 17:used_chunks 5472
STAT 17:free_chunks 0
STAT 17:free_chunks_end 0
STAT 17:mem_requested 17656272
STAT 17:get_hits 278561
STAT 17:cmd_set 108179
STAT 17:delete_hits 0
STAT 17:incr_hits 0
STAT 17:decr_hits 0
STAT 17:cas_hits 0
STAT 17:cas_badval 0
STAT 17:touch_hits 0
STAT 18:chunk_size 4544
STAT 18:chunks_per_page 230
STAT 18:total_pages 15
STAT 18:total_chunks 3450
STAT 18:used_chunks 3450
STAT 18:free_chunks 0
STAT 18:free_chunks_end 0
STAT 18:mem_requested 13880048
STAT 18:get_hits 172376
STAT 18:cmd_set 62899
STAT 18:delete_hits 0
STAT 18:incr_hits 0
STAT 18:decr_hits 0
STAT 18:cas_hits 0
STAT 18:cas_badval 0
STAT 18:touch_hits 0
STAT 19:chunk_size 5680
STAT 19:chunks_per_page 184
STAT 19:total_pages 10
STAT 19:total_chunks 1840
STAT 19:used_chunks 1840
STAT 19:free_chunks 0
STAT 19:free_chunks_end 0
STAT 19:mem_requested 9274722
STAT 19:get_hits 127812
STAT 19:cmd_set 36418
STAT 19:delete_hits 0
STAT 19:incr_hits 0
STAT 19:decr_hits 0
STAT 19:cas_hits 0
STAT 19:cas_badval 0
STAT 19:touch_hits 0
STAT 20:chunk_size 7104
STAT 20:chunks_per_page 147
STAT 20:total_pages 8
STAT 20:total_chunks 1176
STAT 20:used_chunks 1176
STAT 20:free_chunks 0
STAT 20:free_chunks_end 0
STAT 20:mem_requested 7399630
STAT 20:get_hits 34752
STAT 20:cmd_set 20282
STAT 20:delete_hits 0
STAT 20:incr_hits 0
STAT 20:decr_hits 0
STAT 20:cas_hits 0
STAT 20:cas_badval 0
STAT 20:touch_hits 0
STAT 21:chunk_size 8880
STAT 21:chunks_per_page 118
STAT 21:total_pages 6
STAT 21:total_chunks 708
STAT 21:used_chunks 708
STAT 21:free_chunks 0
STAT 21:free_chunks_end 0
STAT 21:mem_requested 5553587
STAT 21:get_hits 17484
STAT 21:cmd_set 11416
STAT 21:delete_hits 0
STAT 21:incr_hits 0
STAT 21:decr_hits 0
STAT 21:cas_hits 0
STAT 21:cas_badval 0
STAT 21:touch_hits 0
STAT 22:chunk_size 11104
STAT 22:chunks_per_page 94
STAT 22:total_pages 4
STAT 22:total_chunks 376
STAT 22:used_chunks 376
STAT 22:free_chunks 0
STAT 22:free_chunks_end 0
STAT 22:mem_requested 3707001
STAT 22:get_hits 6351
STAT 22:cmd_set 6352
STAT 22:delete_hits 0
STAT 22:incr_hits 0
STAT 22:decr_hits 0
STAT 22:cas_hits 0
STAT 22:cas_badval 0
STAT 22:touch_hits 0
STAT 23:chunk_size 13880
STAT 23:chunks_per_page 75
STAT 23:total_pages 3
STAT 23:total_chunks 225
STAT 23:used_chunks 225
STAT 23:free_chunks 0
STAT 23:free_chunks_end 0
STAT 23:mem_requested 2776384
STAT 23:get_hits 5842
STAT 23:cmd_set 3488
STAT 23:delete_hits 0
STAT 23:incr_hits 0
STAT 23:decr_hits 0
STAT 23:cas_hits 0
STAT 23:cas_badval 0
STAT 23:touch_hits 0
STAT 24:chunk_size 17352
STAT 24:chunks_per_page 60
STAT 24:total_pages 2
STAT 24:total_chunks 120
STAT 24:used_chunks 120
STAT 24:free_chunks 0
STAT 24:free_chunks_end 0
STAT 24:mem_requested 1840470
STAT 24:get_hits 13319
STAT 24:cmd_set 1889
STAT 24:delete_hits 0
STAT 24:incr_hits 0
STAT 24:decr_hits 0
STAT 24:cas_hits 0
STAT 24:cas_badval 0
STAT 24:touch_hits 0
STAT 25:chunk_size 21696
STAT 25:chunks_per_page 48
STAT 25:total_pages 1
STAT 25:total_chunks 48
STAT 25:used_chunks 48
STAT 25:free_chunks 0
STAT 25:free_chunks_end 0
STAT 25:mem_requested 921602
STAT 25:get_hits 531
STAT 25:cmd_set 1000
STAT 25:delete_hits 0
STAT 25:incr_hits 0
STAT 25:decr_hits 0
STAT 25:cas_hits 0
STAT 25:cas_badval 0
STAT 25:touch_hits 0
STAT 26:chunk_size 27120
STAT 26:chunks_per_page 38
STAT 26:total_pages 1
STAT 26:total_chunks 38
STAT 26:used_chunks 38
STAT 26:free_chunks 0
STAT 26:free_chunks_end 0
STAT 26:mem_requested 920541
STAT 26:get_hits 563
STAT 26:cmd_set 515
STAT 26:delete_hits 0
STAT 26:incr_hits 0
STAT 26:decr_hits 0
STAT 26:cas_hits 0
STAT 26:cas_badval 0
STAT 26:touch_hits 0
STAT 27:chunk_size 33904
STAT 27:chunks_per_page 30
STAT 27:total_pages 1
STAT 27:total_chunks 30
STAT 27:used_chunks 30
STAT 27:free_chunks 0
STAT 27:free_chunks_end 0
STAT 27:mem_requested 899468
STAT 27:get_hits 1524
STAT 27:cmd_set 287
STAT 27:delete_hits 0
STAT 27:incr_hits 0
STAT 27:decr_hits 0
STAT 27:cas_hits 0
STAT 27:cas_badval 0
STAT 27:touch_hits 0
STAT 28:chunk_size 42384
STAT 28:chunks_per_page 24
STAT 28:total_pages 1
STAT 28:total_chunks 24
STAT 28:used_chunks 24
STAT 28:free_chunks 0
STAT 28:free_chunks_end 0
STAT 28:mem_requested 919886
STAT 28:get_hits 210
STAT 28:cmd_set 149
STAT 28:delete_hits 0
STAT 28:incr_hits 0
STAT 28:decr_hits 0
STAT 28:cas_hits 0
STAT 28:cas_badval 0
STAT 28:touch_hits 0
STAT 29:chunk_size 52984
STAT 29:chunks_per_page 19
STAT 29:total_pages 1
STAT 29:total_chunks 19
STAT 29:used_chunks 19
STAT 29:free_chunks 0
STAT 29:free_chunks_end 0
STAT 29:mem_requested 904915
STAT 29:get_hits 205
STAT 29:cmd_set 92
STAT 29:delete_hits 0
STAT 29:incr_hits 0
STAT 29:decr_hits 0
STAT 29:cas_hits 0
STAT 29:cas_badval 0
STAT 29:touch_hits 0
STAT 30:chunk_size 66232
STAT 30:chunks_per_page 15
STAT 30:total_pages 1
STAT 30:total_chunks 15
STAT 30:used_chunks 15
STAT 30:free_chunks 0
STAT 30:free_chunks_end 0
STAT 30:mem_requested 896784
STAT 30:get_hits 192
STAT 30:cmd_set 60
STAT 30:delete_hits 0
STAT 30:incr_hits 0
STAT 30:decr_hits 0
STAT 30:cas_hits 0
STAT 30:cas_badval 0
STAT 30:touch_hits 0
STAT 31:chunk_size 82792
STAT 31:chunks_per_page 12
STAT 31:total_pages 1
STAT 31:total_chunks 12
STAT 31:used_chunks 12
STAT 31:free_chunks 0
STAT 31:free_chunks_end 0
STAT 31:mem_requested 879023
STAT 31:get_hits 53
STAT 31:cmd_set 30
STAT 31:delete_hits 0
STAT 31:incr_hits 0
STAT 31:decr_hits 0
STAT 31:cas_hits 0
STAT 31:cas_badval 0
STAT 31:touch_hits 0
STAT 32:chunk_size 103496
STAT 32:chunks_per_page 10
STAT 32:total_pages 1
STAT 32:total_chunks 10
STAT 32:used_chunks 10
STAT 32:free_chunks 0
STAT 32:free_chunks_end 0
STAT 32:mem_requested 900014
STAT 32:get_hits 37
STAT 32:cmd_set 13
STAT 32:delete_hits 0
STAT 32:incr_hits 0
STAT 32:decr_hits 0
STAT 32:cas_hits 0
STAT 32:cas_badval 0
STAT 32:touch_hits 0
STAT 33:chunk_size 129376
STAT 33:chunks_per_page 8
STAT 33:total_pages 1
STAT 33:total_chunks 8
STAT 33:used_chunks 8
STAT 33:free_chunks 0
STAT 33:free_chunks_end 0
STAT 33:mem_requested 921150
STAT 33:get_hits 30
STAT 33:cmd_set 8
STAT 33:delete_hits 0
STAT 33:incr_hits 0
STAT 33:decr_hits 0
STAT 33:cas_hits 0
STAT 33:cas_badval 0
STAT 33:touch_hits 0
STAT 34:chunk_size 161720
STAT 34:chunks_per_page 6
STAT 34:total_pages 1
STAT 34:total_chunks 6
STAT 34:used_chunks 4
STAT 34:free_chunks 2
STAT 34:free_chunks_end 0
STAT 34:mem_requested 567751
STAT 34:get_hits 23
STAT 34:cmd_set 4
STAT 34:delete_hits 0
STAT 34:incr_hits 0
STAT 34:decr_hits 0
STAT 34:cas_hits 0
STAT 34:cas_badval 0
STAT 34:touch_hits 0
STAT 35:chunk_size 202152
STAT 35:chunks_per_page 5
STAT 35:total_pages 1
STAT 35:total_chunks 5
STAT 35:used_chunks 2
STAT 35:free_chunks 3
STAT 35:free_chunks_end 0
STAT 35:mem_requested 340988
STAT 35:get_hits 0
STAT 35:cmd_set 2
STAT 35:delete_hits 0
STAT 35:incr_hits 0
STAT 35:decr_hits 0
STAT 35:cas_hits 0
STAT 35:cas_badval 0
STAT 35:touch_hits 0
STAT 36:chunk_size 252696
STAT 36:chunks_per_page 4
STAT 36:total_pages 1
STAT 36:total_chunks 4
STAT 36:used_chunks 1
STAT 36:free_chunks 3
STAT 36:free_chunks_end 0
STAT 36:mem_requested 210409
STAT 36:get_hits 0
STAT 36:cmd_set 1
STAT 36:delete_hits 0
STAT 36:incr_hits 0
STAT 36:decr_hits 0
STAT 36:cas_hits 0
STAT 36:cas_badval 0
STAT 36:touch_hits 0
STAT 37:chunk_size 315872
STAT 37:chunks_per_page 3
STAT 37:total_pages 1
STAT 37:total_chunks 3
STAT 37:used_chunks 1
STAT 37:free_chunks 2
STAT 37:free_chunks_end 0
STAT 37:mem_requested 258763
STAT 37:get_hits 0
STAT 37:cmd_set 1
STAT 37:delete_hits 0
STAT 37:incr_hits 0
STAT 37:decr_hits 0
STAT 37:cas_hits 0
STAT 37:cas_badval 0
STAT 37:touch_hits 0
STAT 38:chunk_size 394840
STAT 38:chunks_per_page 2
STAT 38:total_pages 1
STAT 38:total_chunks 2
STAT 38:used_chunks 1
STAT 38:free_chunks 1
STAT 38:free_chunks_end 0
STAT 38:mem_requested 333845
STAT 38:get_hits 0
STAT 38:cmd_set 1
STAT 38:delete_hits 0
STAT 38:incr_hits 0
STAT 38:decr_hits 0
STAT 38:cas_hits 0
STAT 38:cas_badval 0
STAT 38:touch_hits 0
STAT 39:chunk_size 493552
STAT 39:chunks_per_page 2
STAT 39:total_pages 1
STAT 39:total_chunks 2
STAT 39:used_chunks 1
STAT 39:free_chunks 1
STAT 39:free_chunks_end 0
STAT 39:mem_requested 404949
STAT 39:get_hits 0
STAT 39:cmd_set 1
STAT 39:delete_hits 0
STAT 39:incr_hits 0
STAT 39:decr_hits 0
STAT 39:cas_hits 0
STAT 39:cas_badval 0
STAT 39:touch_hits 0
STAT active_slabs 39
STAT total_malloced 1090088272
END
********************
STAT pid 29276
STAT uptime 7497
STAT time 1471006479
STAT version 1.4.25
STAT libevent 2.0.21-stable
STAT pointer_size 64
STAT rusage_user 3786.776000
STAT rusage_system 12739.768000
STAT curr_connections 10
STAT total_connections 2
STAT connection_structures 15
STAT reserved_fds 20
STAT cmd_get 707107491
STAT cmd_set 61519372
STAT cmd_flush 0
STAT cmd_touch 0
STAT get_hits 645588122
STAT get_misses 61519369
STAT delete_misses 0
STAT delete_hits 0
STAT incr_misses 0
STAT incr_hits 0
STAT decr_misses 0
STAT decr_hits 0
STAT cas_misses 0
STAT cas_hits 0
STAT cas_badval 0
STAT touch_hits 0
STAT touch_misses 0
STAT auth_cmds 0
STAT auth_errors 0
STAT bytes_read 58854911350
STAT bytes_written 147825941163
STAT limit_maxbytes 1073741824
STAT accepting_conns 1
STAT listen_disabled_num 0
STAT time_in_listen_disabled_us 0
STAT threads 4
STAT conn_yields 0
STAT hash_power_level 22
STAT hash_bytes 33554432
STAT hash_is_expanding 0
STAT malloc_fails 0
STAT bytes 969724710
STAT curr_items 3255088
STAT total_items 61519372
STAT expired_unfetched 0
STAT evicted_unfetched 53951744
STAT evictions 61432464
STAT reclaimed 0
STAT crawler_reclaimed 0
STAT crawler_items_checked 0
STAT lrutail_reflocked 0
END
