#type       avg     std     min     5th    10th    90th    95th    99th
read       35.1    11.8    21.1    28.4    28.9    40.2    40.9    50.3
update     47.8    26.8    21.1    37.5    38.3    54.2    54.9    63.2
op_q        1.0     0.0     1.0     1.0     1.0     1.1     1.1     1.1

Total QPS = 122937.9 (9053105 / 73.6s)

Misses = 1053109 (13.2%)
Skipped TXs = 0 (0.0%)

RX 1376638782 bytes :   17.8 MB/s
TX  759523089 bytes :    9.8 MB/s
_____________________
Using the existing distribution file: zipf-1.150000.dist
Using the existing distribution file: zipf-1.150000.dist
Using the existing distribution file: zipf-1.150000.dist
Using the existing distribution file: zipf-1.150000.dist
Finished reading in the distribution
Generating and stroing the rest of zipfian: range: 4000000000
Finished writing the distribution data
scale is: 7.01281range is: 4000000000
total record: 4000000000_max: 4e+09
Finished reading in the distribution
Generating and stroing the rest of zipfian: range: 4000000000
Finished writing the distribution data
scale is: 7.01281range is: 4000000000
total record: 4000000000_max: 4e+09
Finished reading in the distribution
Generating and stroing the rest of zipfian: range: 4000000000
Finished writing the distribution data
scale is: 7.01281range is: 4000000000
total record: 4000000000_max: 4e+09
Finished reading in the distribution
Generating and stroing the rest of zipfian: range: 4000000000
Finished writing the distribution data
scale is: 7.01281range is: 4000000000
total record: 4000000000_max: 4e+09
_____________________
STAT 1:chunk_size 96
STAT 1:chunks_per_page 10922
STAT 1:total_pages 9
STAT 1:total_chunks 98298
STAT 1:used_chunks 94592
STAT 1:free_chunks 3706
STAT 1:free_chunks_end 0
STAT 1:mem_requested 8751446
STAT 1:get_hits 586673
STAT 1:cmd_set 94666
STAT 1:delete_hits 0
STAT 1:incr_hits 0
STAT 1:decr_hits 0
STAT 1:cas_hits 0
STAT 1:cas_badval 0
STAT 1:touch_hits 0
STAT 2:chunk_size 120
STAT 2:chunks_per_page 8738
STAT 2:total_pages 38
STAT 2:total_chunks 332044
STAT 2:used_chunks 331765
STAT 2:free_chunks 279
STAT 2:free_chunks_end 0
STAT 2:mem_requested 35475558
STAT 2:get_hits 3050013
STAT 2:cmd_set 332072
STAT 2:delete_hits 0
STAT 2:incr_hits 0
STAT 2:decr_hits 0
STAT 2:cas_hits 0
STAT 2:cas_badval 0
STAT 2:touch_hits 0
STAT 3:chunk_size 152
STAT 3:chunks_per_page 6898
STAT 3:total_pages 18
STAT 3:total_chunks 124164
STAT 3:used_chunks 123303
STAT 3:free_chunks 861
STAT 3:free_chunks_end 0
STAT 3:mem_requested 16461672
STAT 3:get_hits 1102822
STAT 3:cmd_set 123434
STAT 3:delete_hits 0
STAT 3:incr_hits 0
STAT 3:decr_hits 0
STAT 3:cas_hits 0
STAT 3:cas_badval 0
STAT 3:touch_hits 0
STAT 4:chunk_size 192
STAT 4:chunks_per_page 5461
STAT 4:total_pages 15
STAT 4:total_chunks 81915
STAT 4:used_chunks 81190
STAT 4:free_chunks 725
STAT 4:free_chunks_end 0
STAT 4:mem_requested 13916404
STAT 4:get_hits 298676
STAT 4:cmd_set 81259
STAT 4:delete_hits 0
STAT 4:incr_hits 0
STAT 4:decr_hits 0
STAT 4:cas_hits 0
STAT 4:cas_badval 0
STAT 4:touch_hits 0
STAT 5:chunk_size 240
STAT 5:chunks_per_page 4369
STAT 5:total_pages 17
STAT 5:total_chunks 74273
STAT 5:used_chunks 72972
STAT 5:free_chunks 1301
STAT 5:free_chunks_end 0
STAT 5:mem_requested 15739872
STAT 5:get_hits 432772
STAT 5:cmd_set 73037
STAT 5:delete_hits 0
STAT 5:incr_hits 0
STAT 5:decr_hits 0
STAT 5:cas_hits 0
STAT 5:cas_badval 0
STAT 5:touch_hits 0
STAT 6:chunk_size 304
STAT 6:chunks_per_page 3449
STAT 6:total_pages 22
STAT 6:total_chunks 75878
STAT 6:used_chunks 74043
STAT 6:free_chunks 1835
STAT 6:free_chunks_end 0
STAT 6:mem_requested 20059001
STAT 6:get_hits 403412
STAT 6:cmd_set 74108
STAT 6:delete_hits 0
STAT 6:incr_hits 0
STAT 6:decr_hits 0
STAT 6:cas_hits 0
STAT 6:cas_badval 0
STAT 6:touch_hits 0
STAT 7:chunk_size 384
STAT 7:chunks_per_page 2730
STAT 7:total_pages 24
STAT 7:total_chunks 65520
STAT 7:used_chunks 65220
STAT 7:free_chunks 300
STAT 7:free_chunks_end 0
STAT 7:mem_requested 22307597
STAT 7:get_hits 230633
STAT 7:cmd_set 65277
STAT 7:delete_hits 0
STAT 7:incr_hits 0
STAT 7:decr_hits 0
STAT 7:cas_hits 0
STAT 7:cas_badval 0
STAT 7:touch_hits 0
STAT 8:chunk_size 480
STAT 8:chunks_per_page 2184
STAT 8:total_pages 25
STAT 8:total_chunks 54600
STAT 8:used_chunks 53711
STAT 8:free_chunks 889
STAT 8:free_chunks_end 0
STAT 8:mem_requested 23057946
STAT 8:get_hits 289397
STAT 8:cmd_set 53759
STAT 8:delete_hits 0
STAT 8:incr_hits 0
STAT 8:decr_hits 0
STAT 8:cas_hits 0
STAT 8:cas_badval 0
STAT 8:touch_hits 0
STAT 9:chunk_size 600
STAT 9:chunks_per_page 1747
STAT 9:total_pages 26
STAT 9:total_chunks 45422
STAT 9:used_chunks 44177
STAT 9:free_chunks 1245
STAT 9:free_chunks_end 0
STAT 9:mem_requested 23682533
STAT 9:get_hits 148964
STAT 9:cmd_set 44214
STAT 9:delete_hits 0
STAT 9:incr_hits 0
STAT 9:decr_hits 0
STAT 9:cas_hits 0
STAT 9:cas_badval 0
STAT 9:touch_hits 0
STAT 10:chunk_size 752
STAT 10:chunks_per_page 1394
STAT 10:total_pages 25
STAT 10:total_chunks 34850
STAT 10:used_chunks 34369
STAT 10:free_chunks 481
STAT 10:free_chunks_end 0
STAT 10:mem_requested 23034922
STAT 10:get_hits 105864
STAT 10:cmd_set 34395
STAT 10:delete_hits 0
STAT 10:incr_hits 0
STAT 10:decr_hits 0
STAT 10:cas_hits 0
STAT 10:cas_badval 0
STAT 10:touch_hits 0
STAT 11:chunk_size 944
STAT 11:chunks_per_page 1110
STAT 11:total_pages 24
STAT 11:total_chunks 26640
STAT 11:used_chunks 25904
STAT 11:free_chunks 736
STAT 11:free_chunks_end 0
STAT 11:mem_requested 21732972
STAT 11:get_hits 125462
STAT 11:cmd_set 25928
STAT 11:delete_hits 0
STAT 11:incr_hits 0
STAT 11:decr_hits 0
STAT 11:cas_hits 0
STAT 11:cas_badval 0
STAT 11:touch_hits 0
STAT 12:chunk_size 1184
STAT 12:chunks_per_page 885
STAT 12:total_pages 21
STAT 12:total_chunks 18585
STAT 12:used_chunks 18265
STAT 12:free_chunks 320
STAT 12:free_chunks_end 0
STAT 12:mem_requested 19223144
STAT 12:get_hits 41453
STAT 12:cmd_set 18280
STAT 12:delete_hits 0
STAT 12:incr_hits 0
STAT 12:decr_hits 0
STAT 12:cas_hits 0
STAT 12:cas_badval 0
STAT 12:touch_hits 0
STAT 13:chunk_size 1480
STAT 13:chunks_per_page 708
STAT 13:total_pages 18
STAT 13:total_chunks 12744
STAT 13:used_chunks 12265
STAT 13:free_chunks 479
STAT 13:free_chunks_end 0
STAT 13:mem_requested 16158066
STAT 13:get_hits 21057
STAT 13:cmd_set 12268
STAT 13:delete_hits 0
STAT 13:incr_hits 0
STAT 13:decr_hits 0
STAT 13:cas_hits 0
STAT 13:cas_badval 0
STAT 13:touch_hits 0
STAT 14:chunk_size 1856
STAT 14:chunks_per_page 564
STAT 14:total_pages 15
STAT 14:total_chunks 8460
STAT 14:used_chunks 8034
STAT 14:free_chunks 426
STAT 14:free_chunks_end 0
STAT 14:mem_requested 13245541
STAT 14:get_hits 70674
STAT 14:cmd_set 8039
STAT 14:delete_hits 0
STAT 14:incr_hits 0
STAT 14:decr_hits 0
STAT 14:cas_hits 0
STAT 14:cas_badval 0
STAT 14:touch_hits 0
STAT 15:chunk_size 2320
STAT 15:chunks_per_page 451
STAT 15:total_pages 11
STAT 15:total_chunks 4961
STAT 15:used_chunks 4951
STAT 15:free_chunks 10
STAT 15:free_chunks_end 0
STAT 15:mem_requested 10196870
STAT 15:get_hits 12319
STAT 15:cmd_set 4955
STAT 15:delete_hits 0
STAT 15:incr_hits 0
STAT 15:decr_hits 0
STAT 15:cas_hits 0
STAT 15:cas_badval 0
STAT 15:touch_hits 0
STAT 16:chunk_size 2904
STAT 16:chunks_per_page 361
STAT 16:total_pages 9
STAT 16:total_chunks 3249
STAT 16:used_chunks 3030
STAT 16:free_chunks 219
STAT 16:free_chunks_end 0
STAT 16:mem_requested 7820107
STAT 16:get_hits 20205
STAT 16:cmd_set 3033
STAT 16:delete_hits 0
STAT 16:incr_hits 0
STAT 16:decr_hits 0
STAT 16:cas_hits 0
STAT 16:cas_badval 0
STAT 16:touch_hits 0
STAT 17:chunk_size 3632
STAT 17:chunks_per_page 288
STAT 17:total_pages 7
STAT 17:total_chunks 2016
STAT 17:used_chunks 1847
STAT 17:free_chunks 169
STAT 17:free_chunks_end 0
STAT 17:mem_requested 5971002
STAT 17:get_hits 2749
STAT 17:cmd_set 1848
STAT 17:delete_hits 0
STAT 17:incr_hits 0
STAT 17:decr_hits 0
STAT 17:cas_hits 0
STAT 17:cas_badval 0
STAT 17:touch_hits 0
STAT 18:chunk_size 4544
STAT 18:chunks_per_page 230
STAT 18:total_pages 5
STAT 18:total_chunks 1150
STAT 18:used_chunks 1085
STAT 18:free_chunks 65
STAT 18:free_chunks_end 0
STAT 18:mem_requested 4376142
STAT 18:get_hits 1548
STAT 18:cmd_set 1086
STAT 18:delete_hits 0
STAT 18:incr_hits 0
STAT 18:decr_hits 0
STAT 18:cas_hits 0
STAT 18:cas_badval 0
STAT 18:touch_hits 0
STAT 19:chunk_size 5680
STAT 19:chunks_per_page 184
STAT 19:total_pages 4
STAT 19:total_chunks 736
STAT 19:used_chunks 638
STAT 19:free_chunks 98
STAT 19:free_chunks_end 0
STAT 19:mem_requested 3223500
STAT 19:get_hits 744
STAT 19:cmd_set 638
STAT 19:delete_hits 0
STAT 19:incr_hits 0
STAT 19:decr_hits 0
STAT 19:cas_hits 0
STAT 19:cas_badval 0
STAT 19:touch_hits 0
STAT 20:chunk_size 7104
STAT 20:chunks_per_page 147
STAT 20:total_pages 3
STAT 20:total_chunks 441
STAT 20:used_chunks 371
STAT 20:free_chunks 70
STAT 20:free_chunks_end 0
STAT 20:mem_requested 2330845
STAT 20:get_hits 294
STAT 20:cmd_set 372
STAT 20:delete_hits 0
STAT 20:incr_hits 0
STAT 20:decr_hits 0
STAT 20:cas_hits 0
STAT 20:cas_badval 0
STAT 20:touch_hits 0
STAT 21:chunk_size 8880
STAT 21:chunks_per_page 118
STAT 21:total_pages 2
STAT 21:total_chunks 236
STAT 21:used_chunks 200
STAT 21:free_chunks 36
STAT 21:free_chunks_end 0
STAT 21:mem_requested 1573519
STAT 21:get_hits 453
STAT 21:cmd_set 200
STAT 21:delete_hits 0
STAT 21:incr_hits 0
STAT 21:decr_hits 0
STAT 21:cas_hits 0
STAT 21:cas_badval 0
STAT 21:touch_hits 0
STAT 22:chunk_size 11104
STAT 22:chunks_per_page 94
STAT 22:total_pages 2
STAT 22:total_chunks 188
STAT 22:used_chunks 106
STAT 22:free_chunks 82
STAT 22:free_chunks_end 0
STAT 22:mem_requested 1049861
STAT 22:get_hits 588
STAT 22:cmd_set 106
STAT 22:delete_hits 0
STAT 22:incr_hits 0
STAT 22:decr_hits 0
STAT 22:cas_hits 0
STAT 22:cas_badval 0
STAT 22:touch_hits 0
STAT 23:chunk_size 13880
STAT 23:chunks_per_page 75
STAT 23:total_pages 1
STAT 23:total_chunks 75
STAT 23:used_chunks 67
STAT 23:free_chunks 8
STAT 23:free_chunks_end 0
STAT 23:mem_requested 810216
STAT 23:get_hits 30
STAT 23:cmd_set 67
STAT 23:delete_hits 0
STAT 23:incr_hits 0
STAT 23:decr_hits 0
STAT 23:cas_hits 0
STAT 23:cas_badval 0
STAT 23:touch_hits 0
STAT 24:chunk_size 17352
STAT 24:chunks_per_page 60
STAT 24:total_pages 1
STAT 24:total_chunks 60
STAT 24:used_chunks 30
STAT 24:free_chunks 30
STAT 24:free_chunks_end 0
STAT 24:mem_requested 460998
STAT 24:get_hits 48
STAT 24:cmd_set 30
STAT 24:delete_hits 0
STAT 24:incr_hits 0
STAT 24:decr_hits 0
STAT 24:cas_hits 0
STAT 24:cas_badval 0
STAT 24:touch_hits 0
STAT 25:chunk_size 21696
STAT 25:chunks_per_page 48
STAT 25:total_pages 1
STAT 25:total_chunks 48
STAT 25:used_chunks 20
STAT 25:free_chunks 28
STAT 25:free_chunks_end 0
STAT 25:mem_requested 396464
STAT 25:get_hits 11
STAT 25:cmd_set 20
STAT 25:delete_hits 0
STAT 25:incr_hits 0
STAT 25:decr_hits 0
STAT 25:cas_hits 0
STAT 25:cas_badval 0
STAT 25:touch_hits 0
STAT 26:chunk_size 27120
STAT 26:chunks_per_page 38
STAT 26:total_pages 1
STAT 26:total_chunks 38
STAT 26:used_chunks 7
STAT 26:free_chunks 31
STAT 26:free_chunks_end 0
STAT 26:mem_requested 164913
STAT 26:get_hits 29
STAT 26:cmd_set 7
STAT 26:delete_hits 0
STAT 26:incr_hits 0
STAT 26:decr_hits 0
STAT 26:cas_hits 0
STAT 26:cas_badval 0
STAT 26:touch_hits 0
STAT 27:chunk_size 33904
STAT 27:chunks_per_page 30
STAT 27:total_pages 1
STAT 27:total_chunks 30
STAT 27:used_chunks 3
STAT 27:free_chunks 27
STAT 27:free_chunks_end 0
STAT 27:mem_requested 88053
STAT 27:get_hits 0
STAT 27:cmd_set 3
STAT 27:delete_hits 0
STAT 27:incr_hits 0
STAT 27:decr_hits 0
STAT 27:cas_hits 0
STAT 27:cas_badval 0
STAT 27:touch_hits 0
STAT 28:chunk_size 42384
STAT 28:chunks_per_page 24
STAT 28:total_pages 1
STAT 28:total_chunks 24
STAT 28:used_chunks 4
STAT 28:free_chunks 20
STAT 28:free_chunks_end 0
STAT 28:mem_requested 150101
STAT 28:get_hits 1
STAT 28:cmd_set 4
STAT 28:delete_hits 0
STAT 28:incr_hits 0
STAT 28:decr_hits 0
STAT 28:cas_hits 0
STAT 28:cas_badval 0
STAT 28:touch_hits 0
STAT 29:chunk_size 52984
STAT 29:chunks_per_page 19
STAT 29:total_pages 1
STAT 29:total_chunks 19
STAT 29:used_chunks 3
STAT 29:free_chunks 16
STAT 29:free_chunks_end 0
STAT 29:mem_requested 134212
STAT 29:get_hits 0
STAT 29:cmd_set 3
STAT 29:delete_hits 0
STAT 29:incr_hits 0
STAT 29:decr_hits 0
STAT 29:cas_hits 0
STAT 29:cas_badval 0
STAT 29:touch_hits 0
STAT 34:chunk_size 161720
STAT 34:chunks_per_page 6
STAT 34:total_pages 1
STAT 34:total_chunks 6
STAT 34:used_chunks 1
STAT 34:free_chunks 5
STAT 34:free_chunks_end 0
STAT 34:mem_requested 138168
STAT 34:get_hits 0
STAT 34:cmd_set 1
STAT 34:delete_hits 0
STAT 34:incr_hits 0
STAT 34:decr_hits 0
STAT 34:cas_hits 0
STAT 34:cas_badval 0
STAT 34:touch_hits 0
STAT active_slabs 30
STAT total_malloced 364473032
END
********************
STAT pid 1936
STAT uptime 83
STAT time 1471033031
STAT version 1.4.25
STAT libevent 2.0.21-stable
STAT pointer_size 64
STAT rusage_user 28.348000
STAT rusage_system 137.192000
STAT curr_connections 10
STAT total_connections 19
STAT connection_structures 15
STAT reserved_fds 20
STAT cmd_get 8000000
STAT cmd_set 1053109
STAT cmd_flush 0
STAT cmd_touch 0
STAT get_hits 6946891
STAT get_misses 1053109
STAT delete_misses 0
STAT delete_hits 0
STAT incr_misses 0
STAT incr_hits 0
STAT decr_misses 0
STAT decr_hits 0
STAT cas_misses 0
STAT cas_hits 0
STAT cas_badval 0
STAT touch_hits 0
STAT touch_misses 0
STAT auth_cmds 0
STAT auth_errors 0
STAT bytes_read 759523125
STAT bytes_written 1376654702
STAT limit_maxbytes 1073741824
STAT accepting_conns 1
STAT listen_disabled_num 0
STAT time_in_listen_disabled_us 0
STAT threads 4
STAT conn_yields 0
STAT hash_power_level 20
STAT hash_bytes 8388608
STAT hash_is_expanding 0
STAT malloc_fails 0
STAT bytes 311731645
STAT curr_items 1052173
STAT total_items 1053109
STAT expired_unfetched 0
STAT evicted_unfetched 0
STAT evictions 0
STAT reclaimed 0
STAT crawler_reclaimed 0
STAT crawler_items_checked 0
STAT lrutail_reflocked 2298
END
