Misses: 12.65\%
_____________________
Using the existing distribution file: zipf-1.150000.dist
Using the existing distribution file: zipf-1.150000.dist
Using the existing distribution file: zipf-1.150000.dist
Using the existing distribution file: zipf-1.150000.dist
Using the existing distribution file: zipf-1.150000.dist
Using the existing distribution file: zipf-1.150000.dist
Using the existing distribution file: zipf-1.150000.dist
Using the existing distribution file: zipf-1.150000.dist
Using the existing distribution file: Using the existing distribution file: zipf-1.150000.dist
zipf-1.150000.dist
Using the existing distribution file: zipf-1.150000.dist
Using the existing distribution file: zipf-1.150000.dist
Using the existing distribution file: zipf-1.150000.dist
Using the existing distribution file: zipf-1.150000.dist
Using the existing distribution file: zipf-1.150000.dist
Using the existing distribution file: zipf-1.150000.dist
Finished reading in the distribution
Generating and stroing the rest of zipfian: range: 4000000000
Finished writing the distribution data
scale is: 7.01281range is: 4000000000
total record: 4000000000_max: 4e+09
Finished reading in the distribution
Generating and stroing the rest of zipfian: range: 4000000000
Finished writing the distribution data
scale is: 7.01281range is: 4000000000
total record: 4000000000_max: 4e+09
Finished reading in the distribution
Generating and stroing the rest of zipfian: range: 4000000000
Finished writing the distribution data
scale is: 7.01281range is: 4000000000
total record: 4000000000_max: 4e+09
Finished reading in the distribution
Generating and stroing the rest of zipfian: range: 4000000000
Finished writing the distribution data
scale is: 7.01281range is: 4000000000
total record: 4000000000_max: 4e+09
Finished reading in the distribution
Generating and stroing the rest of zipfian: range: 4000000000
Finished writing the distribution data
scale is: 7.01281range is: 4000000000
total record: 4000000000_max: 4e+09
Finished reading in the distribution
Generating and stroing the rest of zipfian: range: 4000000000
Finished writing the distribution data
scale is: 7.01281range is: 4000000000
total record: 4000000000_max: 4e+09
Finished reading in the distribution
Generating and stroing the rest of zipfian: range: 4000000000
Finished writing the distribution data
scale is: 7.01281range is: 4000000000
total record: 4000000000_max: 4e+09
Finished reading in the distribution
Generating and stroing the rest of zipfian: range: 4000000000
Finished writing the distribution data
scale is: 7.01281range is: 4000000000
total record: 4000000000_max: 4e+09
Finished reading in the distribution
Generating and stroing the rest of zipfian: range: 4000000000
Finished writing the distribution data
scale is: 7.01281range is: 4000000000
total record: 4000000000_max: 4e+09
Finished reading in the distribution
Generating and stroing the rest of zipfian: range: 4000000000
Finished writing the distribution data
scale is: 7.01281range is: 4000000000
total record: 4000000000_max: 4e+09
Finished reading in the distribution
Generating and stroing the rest of zipfian: range: 4000000000
Finished writing the distribution data
scale is: 7.01281range is: 4000000000
total record: 4000000000_max: 4e+09
Finished reading in the distribution
Generating and stroing the rest of zipfian: range: 4000000000
Finished writing the distribution data
scale is: 7.01281range is: 4000000000
total record: 4000000000_max: 4e+09
Finished reading in the distribution
Generating and stroing the rest of zipfian: range: 4000000000
Finished writing the distribution data
scale is: 7.01281range is: 4000000000
total record: 4000000000_max: 4e+09
Finished reading in the distribution
Generating and stroing the rest of zipfian: range: 4000000000
Finished writing the distribution data
scale is: 7.01281range is: 4000000000
total record: 4000000000_max: 4e+09
Finished reading in the distribution
Generating and stroing the rest of zipfian: range: 4000000000
Finished writing the distribution data
scale is: 7.01281range is: 4000000000
total record: 4000000000_max: 4e+09
Finished reading in the distribution
Generating and stroing the rest of zipfian: range: 4000000000
Finished writing the distribution data
scale is: 7.01281range is: 4000000000
total record: 4000000000_max: 4e+09
_____________________
_____________________
starting measure
stopping trace
mem_malloced: 541065216
cache size base: 32
cache size base: 48
cache size base: 64
cache size base: 96
cache size base: 128
cache size base: 192
cache size base: 256
cache size base: 384
cache size base: 512
cache size base: 768
cache size base: 1024
cache size base: 1536
cache size base: 2048
cache size base: 3072
cache size base: 4096
cache size base: 6144
cache size base: 8192
cache size base: 12288
cache size base: 16384
cache size base: 24576
50	0.188296
63	0.172337
77	0.163442
105	0.150015
137	0.141043
196	0.129898
257	0.122356
383	0.112443
500	0.106217
757	0.097366
1002	0.091646
1517	0.083892
2027	0.078653
3053	0.071591
4076	0.067263
6125	0.062948
8174	0.061559
12273	0.061484
16368	0.061484
24563	0.061484
Objective value: 7.571921
latency bound: 0.715778
size.L1.0: 235.549946
size.L2i.0: 8174.002728
mr.L1.0: 0.125008
mr.L2.0: 0.061559
lat.0: 0.715778
cost.0: 7.571921
L1 size is: 236
starting slab monitoring
starting slab deallocate
time to reach new mem_limit: 17.54664
stoping slab monitoring
---------------------
STAT pid 25883
STAT uptime 14227
STAT time 1471244748
STAT version 1.4.25
STAT libevent 2.0.21-stable
STAT pointer_size 64
STAT rusage_user 6385.104000
STAT rusage_system 15470.220000
STAT curr_connections 10
STAT total_connections 782
STAT connection_structures 27
STAT reserved_fds 20
STAT cmd_get 884690700
STAT cmd_set 111940228
STAT cmd_flush 0
STAT cmd_touch 0
STAT get_hits 772750475
STAT get_misses 111940225
STAT delete_misses 0
STAT delete_hits 0
STAT incr_misses 0
STAT incr_hits 0
STAT decr_misses 0
STAT decr_hits 0
STAT cas_misses 0
STAT cas_hits 0
STAT cas_badval 0
STAT touch_hits 0
STAT touch_misses 0
STAT auth_cmds 0
STAT auth_errors 0
STAT bytes_read 82793793408
STAT bytes_written 202760206734
STAT limit_maxbytes 536870912
STAT accepting_conns 1
STAT listen_disabled_num 0
STAT time_in_listen_disabled_us 0
STAT threads 4
STAT conn_yields 0
STAT hash_power_level 21
STAT hash_bytes 16777216
STAT hash_is_expanding 0
STAT slab_reassign_rescues 0
STAT slab_reassign_evictions_nomem 0
STAT slab_reassign_inline_reclaim 0
STAT slab_reassign_busy_items 0
STAT slab_reassign_running 1
STAT slabs_moved 0
STAT slabs_removed 0
STAT malloc_fails 0
STAT bytes 219714863
STAT curr_items 706698
STAT total_items 111940228
STAT expired_unfetched 0
STAT evicted_unfetched 94083347
STAT evictions 111876709
STAT reclaimed 0
STAT crawler_reclaimed 0
STAT crawler_items_checked 0
STAT lrutail_reflocked 10
END
---------------------
STAT 1:chunk_size 96
STAT 1:chunks_per_page 10922
STAT 1:total_pages 5
STAT 1:total_chunks 54610
STAT 1:used_chunks 54610
STAT 1:free_chunks 0
STAT 1:free_chunks_end 0
STAT 1:mem_requested 5051016
STAT 1:get_hits 4122204
STAT 1:cmd_set 10137184
STAT 1:delete_hits 0
STAT 1:incr_hits 0
STAT 1:decr_hits 0
STAT 1:cas_hits 0
STAT 1:cas_badval 0
STAT 1:touch_hits 0
STAT 2:chunk_size 120
STAT 2:chunks_per_page 8738
STAT 2:total_pages 29
STAT 2:total_chunks 253402
STAT 2:used_chunks 253402
STAT 2:free_chunks 0
STAT 2:free_chunks_end 0
STAT 2:mem_requested 27091620
STAT 2:get_hits 462288131
STAT 2:cmd_set 35151652
STAT 2:delete_hits 0
STAT 2:incr_hits 0
STAT 2:decr_hits 0
STAT 2:cas_hits 0
STAT 2:cas_badval 0
STAT 2:touch_hits 0
STAT 3:chunk_size 152
STAT 3:chunks_per_page 6898
STAT 3:total_pages 10
STAT 3:total_chunks 68980
STAT 3:used_chunks 68980
STAT 3:free_chunks 0
STAT 3:free_chunks_end 0
STAT 3:mem_requested 9212239
STAT 3:get_hits 5243563
STAT 3:cmd_set 13202960
STAT 3:delete_hits 0
STAT 3:incr_hits 0
STAT 3:decr_hits 0
STAT 3:cas_hits 0
STAT 3:cas_badval 0
STAT 3:touch_hits 0
STAT 4:chunk_size 192
STAT 4:chunks_per_page 5461
STAT 4:total_pages 11
STAT 4:total_chunks 60071
STAT 4:used_chunks 60071
STAT 4:free_chunks 0
STAT 4:free_chunks_end 0
STAT 4:mem_requested 10293797
STAT 4:get_hits 69829977
STAT 4:cmd_set 8597528
STAT 4:delete_hits 0
STAT 4:incr_hits 0
STAT 4:decr_hits 0
STAT 4:cas_hits 0
STAT 4:cas_badval 0
STAT 4:touch_hits 0
STAT 5:chunk_size 240
STAT 5:chunks_per_page 4369
STAT 5:total_pages 9
STAT 5:total_chunks 39321
STAT 5:used_chunks 39321
STAT 5:free_chunks 0
STAT 5:free_chunks_end 0
STAT 5:mem_requested 8481533
STAT 5:get_hits 2726558
STAT 5:cmd_set 7767309
STAT 5:delete_hits 0
STAT 5:incr_hits 0
STAT 5:decr_hits 0
STAT 5:cas_hits 0
STAT 5:cas_badval 0
STAT 5:touch_hits 0
STAT 6:chunk_size 304
STAT 6:chunks_per_page 3449
STAT 6:total_pages 11
STAT 6:total_chunks 37939
STAT 6:used_chunks 37939
STAT 6:free_chunks 0
STAT 6:free_chunks_end 0
STAT 6:mem_requested 10267717
STAT 6:get_hits 2696235
STAT 6:cmd_set 7893999
STAT 6:delete_hits 0
STAT 6:incr_hits 0
STAT 6:decr_hits 0
STAT 6:cas_hits 0
STAT 6:cas_badval 0
STAT 6:touch_hits 0
STAT 7:chunk_size 384
STAT 7:chunks_per_page 2730
STAT 7:total_pages 22
STAT 7:total_chunks 60060
STAT 7:used_chunks 60060
STAT 7:free_chunks 0
STAT 7:free_chunks_end 0
STAT 7:mem_requested 20554721
STAT 7:get_hits 85449322
STAT 7:cmd_set 6977318
STAT 7:delete_hits 0
STAT 7:incr_hits 0
STAT 7:decr_hits 0
STAT 7:cas_hits 0
STAT 7:cas_badval 0
STAT 7:touch_hits 0
STAT 8:chunk_size 480
STAT 8:chunks_per_page 2184
STAT 8:total_pages 13
STAT 8:total_chunks 28392
STAT 8:used_chunks 28392
STAT 8:free_chunks 0
STAT 8:free_chunks_end 0
STAT 8:mem_requested 12181968
STAT 8:get_hits 2153078
STAT 8:cmd_set 5703176
STAT 8:delete_hits 0
STAT 8:incr_hits 0
STAT 8:decr_hits 0
STAT 8:cas_hits 0
STAT 8:cas_badval 0
STAT 8:touch_hits 0
STAT 9:chunk_size 600
STAT 9:chunks_per_page 1747
STAT 9:total_pages 22
STAT 9:total_chunks 38434
STAT 9:used_chunks 38434
STAT 9:free_chunks 0
STAT 9:free_chunks_end 0
STAT 9:mem_requested 20603577
STAT 9:get_hits 97831233
STAT 9:cmd_set 4664463
STAT 9:delete_hits 0
STAT 9:incr_hits 0
STAT 9:decr_hits 0
STAT 9:cas_hits 0
STAT 9:cas_badval 0
STAT 9:touch_hits 0
STAT 10:chunk_size 752
STAT 10:chunks_per_page 1394
STAT 10:total_pages 15
STAT 10:total_chunks 20910
STAT 10:used_chunks 20910
STAT 10:free_chunks 0
STAT 10:free_chunks_end 0
STAT 10:mem_requested 14007996
STAT 10:get_hits 1528087
STAT 10:cmd_set 3678604
STAT 10:delete_hits 0
STAT 10:incr_hits 0
STAT 10:decr_hits 0
STAT 10:cas_hits 0
STAT 10:cas_badval 0
STAT 10:touch_hits 0
STAT 11:chunk_size 944
STAT 11:chunks_per_page 1110
STAT 11:total_pages 10
STAT 11:total_chunks 11100
STAT 11:used_chunks 11100
STAT 11:free_chunks 0
STAT 11:free_chunks_end 0
STAT 11:mem_requested 9321402
STAT 11:get_hits 778865
STAT 11:cmd_set 2747598
STAT 11:delete_hits 0
STAT 11:incr_hits 0
STAT 11:decr_hits 0
STAT 11:cas_hits 0
STAT 11:cas_badval 0
STAT 11:touch_hits 0
STAT 12:chunk_size 1184
STAT 12:chunks_per_page 885
STAT 12:total_pages 10
STAT 12:total_chunks 8850
STAT 12:used_chunks 8850
STAT 12:free_chunks 0
STAT 12:free_chunks_end 0
STAT 12:mem_requested 9317674
STAT 12:get_hits 646015
STAT 12:cmd_set 1929610
STAT 12:delete_hits 0
STAT 12:incr_hits 0
STAT 12:decr_hits 0
STAT 12:cas_hits 0
STAT 12:cas_badval 0
STAT 12:touch_hits 0
STAT 13:chunk_size 1480
STAT 13:chunks_per_page 708
STAT 13:total_pages 12
STAT 13:total_chunks 8496
STAT 13:used_chunks 8496
STAT 13:free_chunks 0
STAT 13:free_chunks_end 0
STAT 13:mem_requested 11186056
STAT 13:get_hits 24170696
STAT 13:cmd_set 1299369
STAT 13:delete_hits 0
STAT 13:incr_hits 0
STAT 13:decr_hits 0
STAT 13:cas_hits 0
STAT 13:cas_badval 0
STAT 13:touch_hits 0
STAT 14:chunk_size 1856
STAT 14:chunks_per_page 564
STAT 14:total_pages 10
STAT 14:total_chunks 5640
STAT 14:used_chunks 5640
STAT 14:free_chunks 0
STAT 14:free_chunks_end 0
STAT 14:mem_requested 9294016
STAT 14:get_hits 1900830
STAT 14:cmd_set 861487
STAT 14:delete_hits 0
STAT 14:incr_hits 0
STAT 14:decr_hits 0
STAT 14:cas_hits 0
STAT 14:cas_badval 0
STAT 14:touch_hits 0
STAT 15:chunk_size 2320
STAT 15:chunks_per_page 451
STAT 15:total_pages 9
STAT 15:total_chunks 4059
STAT 15:used_chunks 4059
STAT 15:free_chunks 0
STAT 15:free_chunks_end 0
STAT 15:mem_requested 8368571
STAT 15:get_hits 3301821
STAT 15:cmd_set 535953
STAT 15:delete_hits 0
STAT 15:incr_hits 0
STAT 15:decr_hits 0
STAT 15:cas_hits 0
STAT 15:cas_badval 0
STAT 15:touch_hits 0
STAT 16:chunk_size 2904
STAT 16:chunks_per_page 361
STAT 16:total_pages 8
STAT 16:total_chunks 2888
STAT 16:used_chunks 2888
STAT 16:free_chunks 0
STAT 16:free_chunks_end 0
STAT 16:mem_requested 7451977
STAT 16:get_hits 5564222
STAT 16:cmd_set 331355
STAT 16:delete_hits 0
STAT 16:incr_hits 0
STAT 16:decr_hits 0
STAT 16:cas_hits 0
STAT 16:cas_badval 0
STAT 16:touch_hits 0
STAT 17:chunk_size 3632
STAT 17:chunks_per_page 288
STAT 17:total_pages 4
STAT 17:total_chunks 1152
STAT 17:used_chunks 1152
STAT 17:free_chunks 0
STAT 17:free_chunks_end 0
STAT 17:mem_requested 3710635
STAT 17:get_hits 96717
STAT 17:cmd_set 197651
STAT 17:delete_hits 0
STAT 17:incr_hits 0
STAT 17:decr_hits 0
STAT 17:cas_hits 0
STAT 17:cas_badval 0
STAT 17:touch_hits 0
STAT 18:chunk_size 4544
STAT 18:chunks_per_page 230
STAT 18:total_pages 4
STAT 18:total_chunks 920
STAT 18:used_chunks 920
STAT 18:free_chunks 0
STAT 18:free_chunks_end 0
STAT 18:mem_requested 3691940
STAT 18:get_hits 1376195
STAT 18:cmd_set 114662
STAT 18:delete_hits 0
STAT 18:incr_hits 0
STAT 18:decr_hits 0
STAT 18:cas_hits 0
STAT 18:cas_badval 0
STAT 18:touch_hits 0
STAT 19:chunk_size 5680
STAT 19:chunks_per_page 184
STAT 19:total_pages 3
STAT 19:total_chunks 552
STAT 19:used_chunks 552
STAT 19:free_chunks 0
STAT 19:free_chunks_end 0
STAT 19:mem_requested 2777835
STAT 19:get_hits 560587
STAT 19:cmd_set 65590
STAT 19:delete_hits 0
STAT 19:incr_hits 0
STAT 19:decr_hits 0
STAT 19:cas_hits 0
STAT 19:cas_badval 0
STAT 19:touch_hits 0
STAT 20:chunk_size 7104
STAT 20:chunks_per_page 147
STAT 20:total_pages 1
STAT 20:total_chunks 147
STAT 20:used_chunks 147
STAT 20:free_chunks 0
STAT 20:free_chunks_end 0
STAT 20:mem_requested 927402
STAT 20:get_hits 9874
STAT 20:cmd_set 37186
STAT 20:delete_hits 0
STAT 20:incr_hits 0
STAT 20:decr_hits 0
STAT 20:cas_hits 0
STAT 20:cas_badval 0
STAT 20:touch_hits 0
STAT 21:chunk_size 8880
STAT 21:chunks_per_page 118
STAT 21:total_pages 2
STAT 21:total_chunks 236
STAT 21:used_chunks 236
STAT 21:free_chunks 0
STAT 21:free_chunks_end 0
STAT 21:mem_requested 1866252
STAT 21:get_hits 168007
STAT 21:cmd_set 20773
STAT 21:delete_hits 0
STAT 21:incr_hits 0
STAT 21:decr_hits 0
STAT 21:cas_hits 0
STAT 21:cas_badval 0
STAT 21:touch_hits 0
STAT 22:chunk_size 11104
STAT 22:chunks_per_page 94
STAT 22:total_pages 2
STAT 22:total_chunks 188
STAT 22:used_chunks 188
STAT 22:free_chunks 0
STAT 22:free_chunks_end 0
STAT 22:mem_requested 1842081
STAT 22:get_hits 171714
STAT 22:cmd_set 11261
STAT 22:delete_hits 0
STAT 22:incr_hits 0
STAT 22:decr_hits 0
STAT 22:cas_hits 0
STAT 22:cas_badval 0
STAT 22:touch_hits 0
STAT 23:chunk_size 13880
STAT 23:chunks_per_page 75
STAT 23:total_pages 1
STAT 23:total_chunks 75
STAT 23:used_chunks 75
STAT 23:free_chunks 0
STAT 23:free_chunks_end 0
STAT 23:mem_requested 931662
STAT 23:get_hits 35011
STAT 23:cmd_set 6261
STAT 23:delete_hits 0
STAT 23:incr_hits 0
STAT 23:decr_hits 0
STAT 23:cas_hits 0
STAT 23:cas_badval 0
STAT 23:touch_hits 0
STAT 24:chunk_size 17352
STAT 24:chunks_per_page 60
STAT 24:total_pages 1
STAT 24:total_chunks 60
STAT 24:used_chunks 60
STAT 24:free_chunks 0
STAT 24:free_chunks_end 0
STAT 24:mem_requested 934718
STAT 24:get_hits 35885
STAT 24:cmd_set 3353
STAT 24:delete_hits 0
STAT 24:incr_hits 0
STAT 24:decr_hits 0
STAT 24:cas_hits 0
STAT 24:cas_badval 0
STAT 24:touch_hits 0
STAT 25:chunk_size 21696
STAT 25:chunks_per_page 48
STAT 25:total_pages 1
STAT 25:total_chunks 48
STAT 25:used_chunks 48
STAT 25:free_chunks 0
STAT 25:free_chunks_end 0
STAT 25:mem_requested 931599
STAT 25:get_hits 25407
STAT 25:cmd_set 1834
STAT 25:delete_hits 0
STAT 25:incr_hits 0
STAT 25:decr_hits 0
STAT 25:cas_hits 0
STAT 25:cas_badval 0
STAT 25:touch_hits 0
STAT 26:chunk_size 27120
STAT 26:chunks_per_page 38
STAT 26:total_pages 1
STAT 26:total_chunks 38
STAT 26:used_chunks 38
STAT 26:free_chunks 0
STAT 26:free_chunks_end 0
STAT 26:mem_requested 899311
STAT 26:get_hits 14702
STAT 26:cmd_set 951
STAT 26:delete_hits 0
STAT 26:incr_hits 0
STAT 26:decr_hits 0
STAT 26:cas_hits 0
STAT 26:cas_badval 0
STAT 26:touch_hits 0
STAT 27:chunk_size 33904
STAT 27:chunks_per_page 30
STAT 27:total_pages 1
STAT 27:total_chunks 30
STAT 27:used_chunks 30
STAT 27:free_chunks 0
STAT 27:free_chunks_end 0
STAT 27:mem_requested 887694
STAT 27:get_hits 10886
STAT 27:cmd_set 526
STAT 27:delete_hits 0
STAT 27:incr_hits 0
STAT 27:decr_hits 0
STAT 27:cas_hits 0
STAT 27:cas_badval 0
STAT 27:touch_hits 0
STAT 28:chunk_size 42384
STAT 28:chunks_per_page 24
STAT 28:total_pages 1
STAT 28:total_chunks 24
STAT 28:used_chunks 24
STAT 28:free_chunks 0
STAT 28:free_chunks_end 0
STAT 28:mem_requested 905106
STAT 28:get_hits 5451
STAT 28:cmd_set 298
STAT 28:delete_hits 0
STAT 28:incr_hits 0
STAT 28:decr_hits 0
STAT 28:cas_hits 0
STAT 28:cas_badval 0
STAT 28:touch_hits 0
STAT 29:chunk_size 52984
STAT 29:chunks_per_page 19
STAT 29:total_pages 1
STAT 29:total_chunks 19
STAT 29:used_chunks 19
STAT 29:free_chunks 0
STAT 29:free_chunks_end 0
STAT 29:mem_requested 895191
STAT 29:get_hits 3867
STAT 29:cmd_set 152
STAT 29:delete_hits 0
STAT 29:incr_hits 0
STAT 29:decr_hits 0
STAT 29:cas_hits 0
STAT 29:cas_badval 0
STAT 29:touch_hits 0
STAT 30:chunk_size 66232
STAT 30:chunks_per_page 15
STAT 30:total_pages 1
STAT 30:total_chunks 15
STAT 30:used_chunks 15
STAT 30:free_chunks 0
STAT 30:free_chunks_end 0
STAT 30:mem_requested 889894
STAT 30:get_hits 3044
STAT 30:cmd_set 67
STAT 30:delete_hits 0
STAT 30:incr_hits 0
STAT 30:decr_hits 0
STAT 30:cas_hits 0
STAT 30:cas_badval 0
STAT 30:touch_hits 0
STAT 31:chunk_size 82792
STAT 31:chunks_per_page 12
STAT 31:total_pages 1
STAT 31:total_chunks 12
STAT 31:used_chunks 12
STAT 31:free_chunks 0
STAT 31:free_chunks_end 0
STAT 31:mem_requested 879241
STAT 31:get_hits 952
STAT 31:cmd_set 41
STAT 31:delete_hits 0
STAT 31:incr_hits 0
STAT 31:decr_hits 0
STAT 31:cas_hits 0
STAT 31:cas_badval 0
STAT 31:touch_hits 0
STAT 32:chunk_size 103496
STAT 32:chunks_per_page 10
STAT 32:total_pages 1
STAT 32:total_chunks 10
STAT 32:used_chunks 10
STAT 32:free_chunks 0
STAT 32:free_chunks_end 0
STAT 32:mem_requested 934744
STAT 32:get_hits 744
STAT 32:cmd_set 36
STAT 32:delete_hits 0
STAT 32:incr_hits 0
STAT 32:decr_hits 0
STAT 32:cas_hits 0
STAT 32:cas_badval 0
STAT 32:touch_hits 0
STAT 33:chunk_size 129376
STAT 33:chunks_per_page 8
STAT 33:total_pages 1
STAT 33:total_chunks 8
STAT 33:used_chunks 8
STAT 33:free_chunks 0
STAT 33:free_chunks_end 0
STAT 33:mem_requested 931052
STAT 33:get_hits 448
STAT 33:cmd_set 9
STAT 33:delete_hits 0
STAT 33:incr_hits 0
STAT 33:decr_hits 0
STAT 33:cas_hits 0
STAT 33:cas_badval 0
STAT 33:touch_hits 0
STAT 34:chunk_size 161720
STAT 34:chunks_per_page 6
STAT 34:total_pages 1
STAT 34:total_chunks 6
STAT 34:used_chunks 6
STAT 34:free_chunks 0
STAT 34:free_chunks_end 0
STAT 34:mem_requested 830058
STAT 34:get_hits 89
STAT 34:cmd_set 8
STAT 34:delete_hits 0
STAT 34:incr_hits 0
STAT 34:decr_hits 0
STAT 34:cas_hits 0
STAT 34:cas_badval 0
STAT 34:touch_hits 0
STAT 35:chunk_size 202152
STAT 35:chunks_per_page 5
STAT 35:total_pages 1
STAT 35:total_chunks 5
STAT 35:used_chunks 2
STAT 35:free_chunks 3
STAT 35:free_chunks_end 0
STAT 35:mem_requested 361181
STAT 35:get_hits 1
STAT 35:cmd_set 2
STAT 35:delete_hits 0
STAT 35:incr_hits 0
STAT 35:decr_hits 0
STAT 35:cas_hits 0
STAT 35:cas_badval 0
STAT 35:touch_hits 0
STAT 36:chunk_size 252696
STAT 36:chunks_per_page 4
STAT 36:total_pages 1
STAT 36:total_chunks 4
STAT 36:used_chunks 1
STAT 36:free_chunks 3
STAT 36:free_chunks_end 0
STAT 36:mem_requested 203538
STAT 36:get_hits 0
STAT 36:cmd_set 0
STAT 36:delete_hits 0
STAT 36:incr_hits 0
STAT 36:decr_hits 0
STAT 36:cas_hits 0
STAT 36:cas_badval 0
STAT 36:touch_hits 0
STAT 37:chunk_size 315872
STAT 37:chunks_per_page 3
STAT 37:total_pages 1
STAT 37:total_chunks 3
STAT 37:used_chunks 3
STAT 37:free_chunks 0
STAT 37:free_chunks_end 0
STAT 37:mem_requested 797849
STAT 37:get_hits 57
STAT 37:cmd_set 2
STAT 37:delete_hits 0
STAT 37:incr_hits 0
STAT 37:decr_hits 0
STAT 37:cas_hits 0
STAT 37:cas_badval 0
STAT 37:touch_hits 0
STAT active_slabs 37
STAT total_malloced 248512512
END
